TID: [-1234] [2024-06-21 05:07:40,177]  INFO {AUDIT_LOG} - Initiator=w**************r Action=Get-User-List Target=null Data={"ServiceProviderName":"apim_devportal","Claim Value":"a***n","Users":["a***n"],"Claim":"http://wso2.org/claims/username"} Outcome=Success
TID: [-1234] [2024-06-21 05:07:40,180]  INFO {AUDIT_LOG} - Initiator=w**************r Action=Get-User-Claim-Values Target=a***n Data={"ServiceProviderName":"apim_devportal","Claims":{},"Profile":"default"} Outcome=Success
TID: [-1234] [2024-06-21 05:07:40,180]  INFO {AUDIT_LOG} - Initiator=w**************r Action=Get-User-Claim-Values Target=a***n Data={"ServiceProviderName":"apim_devportal","Claims":{},"Profile":"default"} Outcome=Success
TID: [-1234] [2024-06-21 05:07:40,181]  INFO {AUDIT_LOG} - Initiator=w**************r Action=Get-User-Claim-Values Target=a***n Data={"ServiceProviderName":"apim_devportal","Claims":{},"Profile":"default"} Outcome=Success
TID: [-1234] [2024-06-21 05:07:40,181]  INFO {AUDIT_LOG} - Initiator : a***n | Action : LoginStepSuccess | Target : ApplicationAuthenticationFramework | Data : { "ContextIdentifier" : "a532e1a1-fa85-4eed-8ad0-f74bcea0d4a9","AuthenticatedUser" : "a***n","AuthenticatedUserTenantDomain" : "carbon.super","ServiceProviderName" : "apim_devportal","RequestType" : "oidc","RelyingParty" : "2pqPaoyHh_3HbAvBKtJn2_lo2TUa","AuthenticatedIdP" : "LOCAL","User Agent" : "null","RemoteAddress" : "null","UserStoreDomain" : "PRIMARY" } | Result : Success 
TID: [-1234] [2024-06-21 05:07:40,181]  INFO {AUDIT_LOG} - Initiator : a****************r | Action : Authenticate | Target : ApplicationAuthenticationFramework | Data : { Step: 1, IDP: LOCAL, Authenticator:BasicAuthenticator } | Result : Success 
TID: [-1234] [2024-06-21 05:07:40,186]  INFO {AUDIT_LOG} - Initiator=w**************r Action=Get-Roles-of-User Target=a***n Data={"ServiceProviderName":"apim_devportal","Filter":"*","Roles":["Internal/subscriber","Internal/creator","Internal/publisher","Internal/everyone","Internal/devops","admin","Internal/analytics","Internal/observer","Internal/integration_dev"]} Outcome=Success
TID: [-1234] [2024-06-21 05:07:40,187]  INFO {AUDIT_LOG} - Initiator=w**************r Action=Get-User-Claim-Values Target=a***n Data={"ServiceProviderName":"apim_devportal","Claims":{"http://wso2.org/claims/username":"a***n","http://wso2.org/claims/userid":"7943e104-b44d-4c6e-8534-6cb31d25ce77","http://wso2.org/claims/role":"I***********************************************************************************************************************************************************v","http://wso2.org/claims/userprincipal":"a***n"}} Outcome=Success
TID: [-1234] [2024-06-21 05:07:40,192]  INFO {AUDIT_LOG} - Initiator : 7943e104-b44d-4c6e-8534-6cb31d25ce77 | Action : StoreSession | Data : { {"traceId":"c0d0378d-90f3-4c47-87b8-4fb01922f6c6","RememberMe":false,"sessionContextId":"f3803eaf901c34f35705d4e42e9c9d68f6450e81c558c7747584ae6ca98bd99a","AuthenticatedUserTenantDomain":"carbon.super","AuthenticatedUser":"a***n","LastAccessedTimestamp":1718926660188} } | Result : Success 
TID: [-1234] [2024-06-21 05:07:40,193]  INFO {AUDIT_LOG} - Initiator : 7943e104-b44d-4c6e-8534-6cb31d25ce77 | Action : Login | Target : ApplicationAuthenticationFramework | Data : { "ContextIdentifier" : "a532e1a1-fa85-4eed-8ad0-f74bcea0d4a9","AuthenticatedUser" : "a***n","AuthenticatedUserTenantDomain" : "carbon.super","ServiceProviderName" : "apim_devportal","RequestType" : "oidc","RelyingParty" : "2pqPaoyHh_3HbAvBKtJn2_lo2TUa","AuthenticatedIdPs" : "eyJ0eXAiOiJKV1QiLCJhbGciOiJIUzI1NiJ9.eyJpc3MiOiJ3c28yIiwiZXhwIjoxNzE4OTI2NjYzMTgxLCJpYXQiOjE3MTg5MjY2NjAxODEsImlkcHMiOlt7ImlkcCI6IkxPQ0FMIiwiYXV0aGVudGljYXRvciI6IkJhc2ljQXV0aGVudGljYXRvciJ9XX0.azDA6fVWpMyLC9RpH5NMmSZDEjUPK1wnM4xFUIA6dEk","User Agent" : "null","RemoteAddress" : "null","UserStoreDomain" : "PRIMARY" } | Result : Success 
TID: [-1234] [2024-06-21 05:07:40,373]  INFO {AUDIT_LOG} - Initiator=w**************r Action=Get-User-List Target=null Data={"Claim Value":"a***n","Users":["a***n"],"Claim":"http://wso2.org/claims/username"} Outcome=Success
TID: [-1234] [2024-06-21 05:07:40,374]  INFO {AUDIT_LOG} - Initiator=w**************r Action=Get-User-Claim-Values Target=a***n Data={"Claims":{},"Profile":"default"} Outcome=Success
TID: [-1234] [2024-06-21 05:07:40,374]  INFO {AUDIT_LOG} - Initiator=w**************r Action=Get-User-Claim-Values Target=a***n Data={"Claims":{},"Profile":"default"} Outcome=Success
TID: [-1234] [2024-06-21 05:07:40,374]  INFO {AUDIT_LOG} - Initiator=w**************r Action=Get-User-Claim-Values Target=a***n Data={"Claims":{},"Profile":"default"} Outcome=Success
TID: [-1234] [2024-06-21 05:07:40,383]  INFO {AUDIT_LOG} - GET /api/am/devportal/settings user: admin@carbon.super app: 2pqPaoyHh_3HbAvBKtJn2_lo2TUa
TID: [-1234] [2024-06-21 05:07:40,458]  INFO {AUDIT_LOG} - GET /api/am/devportal/applications?sortBy=name&sortOrder=asc&limit=10&offset=0 user: admin@carbon.super app: 2pqPaoyHh_3HbAvBKtJn2_lo2TUa
TID: [-1234] [2024-06-21 05:07:45,134]  INFO {AUDIT_LOG} - GET /api/am/devportal/applications/9bcdb15d-664b-499c-9a30-da6a406e8159 user: admin@carbon.super app: 2pqPaoyHh_3HbAvBKtJn2_lo2TUa
TID: [-1234] [2024-06-21 05:07:45,156]  INFO {AUDIT_LOG} - GET /api/am/devportal/applications/9bcdb15d-664b-499c-9a30-da6a406e8159 user: admin@carbon.super app: 2pqPaoyHh_3HbAvBKtJn2_lo2TUa
TID: [-1234] [2024-06-21 05:07:45,163]  INFO {AUDIT_LOG} - GET /api/am/devportal/throttling-policies/application/10PerMin user: admin@carbon.super app: 2pqPaoyHh_3HbAvBKtJn2_lo2TUa
TID: [-1234] [2024-06-21 05:07:47,217]  INFO {AUDIT_LOG} - GET /api/am/devportal/key-managers user: admin@carbon.super app: 2pqPaoyHh_3HbAvBKtJn2_lo2TUa
TID: [-1234] [2024-06-21 05:07:47,271]  INFO {AUDIT_LOG} - GET /api/am/devportal/applications/9bcdb15d-664b-499c-9a30-da6a406e8159 user: admin@carbon.super app: 2pqPaoyHh_3HbAvBKtJn2_lo2TUa
TID: [-1234] [2024-06-21 05:07:47,275]  INFO {AUDIT_LOG} - GET /api/am/devportal/applications/9bcdb15d-664b-499c-9a30-da6a406e8159/oauth-keys user: admin@carbon.super app: 2pqPaoyHh_3HbAvBKtJn2_lo2TUa
TID: [-1234] [2024-06-21 05:07:47,333]  INFO {AUDIT_LOG} - GET /api/am/devportal/applications/9bcdb15d-664b-499c-9a30-da6a406e8159 user: admin@carbon.super app: 2pqPaoyHh_3HbAvBKtJn2_lo2TUa
TID: [-1234] [2024-06-21 05:07:47,337]  INFO {AUDIT_LOG} - GET /api/am/devportal/applications/9bcdb15d-664b-499c-9a30-da6a406e8159/oauth-keys user: admin@carbon.super app: 2pqPaoyHh_3HbAvBKtJn2_lo2TUa
TID: [-1234] [2024-06-21 05:07:51,999]  INFO {AUDIT_LOG} - POST /api/am/devportal/applications/9bcdb15d-664b-499c-9a30-da6a406e8159/generate-keys user: admin@carbon.super app: 2pqPaoyHh_3HbAvBKtJn2_lo2TUa
TID: [-1234] [2024-06-21 05:07:52,259]  INFO {AUDIT_LOG} - {"performedBy":"admin","action":"updated","typ":"Application","info":{"Generated keys for application":"BankingApplication"}}
TID: [] [2024-06-21 05:07:52,266]  INFO {AUDIT_LOG} - Initiator=w**************r Action=Get-User-Claim-Values Target=a***n Data={"Claims":{},"Profile":"default"} Outcome=Success
TID: [] [2024-06-21 05:07:52,267]  INFO {AUDIT_LOG} - Initiator=w**************r Action=Get-User-Claim-Values Target=a***n Data={"Claims":{},"Profile":"default"} Outcome=Success
TID: [] [2024-06-21 05:07:52,267]  INFO {AUDIT_LOG} - Initiator=w**************r Action=Get-User-Claim-Values Target=a***n Data={"Claims":{},"Profile":"default"} Outcome=Success
TID: [-1234] [2024-06-21 05:07:52,270]  INFO {AUDIT_LOG} - GET /api/am/devportal/key-managers user: admin@carbon.super app: 2pqPaoyHh_3HbAvBKtJn2_lo2TUa
TID: [-1234] [2024-06-21 05:07:52,271]  INFO {AUDIT_LOG} - GET /api/am/devportal/applications/9bcdb15d-664b-499c-9a30-da6a406e8159/oauth-keys user: admin@carbon.super app: 2pqPaoyHh_3HbAvBKtJn2_lo2TUa
TID: [] [2024-06-21 05:07:52,299]  INFO {AUDIT_LOG} - Initiator=w**************r Action=Get-User-Claim-Values Target=a***n Data={"Claims":{},"Profile":"default"} Outcome=Success
TID: [] [2024-06-21 05:07:52,299]  INFO {AUDIT_LOG} - Initiator=w**************r Action=Get-User-Claim-Values Target=a***n Data={"Claims":{},"Profile":"default"} Outcome=Success
TID: [] [2024-06-21 05:07:52,299]  INFO {AUDIT_LOG} - Initiator=w**************r Action=Get-User-Claim-Values Target=a***n Data={"Claims":{},"Profile":"default"} Outcome=Success
TID: [-1234] [2024-06-21 08:01:24,165]  INFO {AUDIT_LOG} - Initiator=w**************r Action=Get-User-List Target=null Data={"ServiceProviderName":"apim_devportal","Claim Value":"a***n","Users":["a***n"],"Claim":"http://wso2.org/claims/username"} Outcome=Success
TID: [-1234] [2024-06-21 08:01:24,169]  INFO {AUDIT_LOG} - Initiator=w**************r Action=Get-User-Claim-Values Target=a***n Data={"ServiceProviderName":"apim_devportal","Claims":{},"Profile":"default"} Outcome=Success
TID: [-1234] [2024-06-21 08:01:24,169]  INFO {AUDIT_LOG} - Initiator=w**************r Action=Get-User-Claim-Values Target=a***n Data={"ServiceProviderName":"apim_devportal","Claims":{},"Profile":"default"} Outcome=Success
TID: [-1234] [2024-06-21 08:01:24,169]  INFO {AUDIT_LOG} - Initiator=w**************r Action=Get-User-Claim-Values Target=a***n Data={"ServiceProviderName":"apim_devportal","Claims":{},"Profile":"default"} Outcome=Success
TID: [-1234] [2024-06-21 08:01:24,170]  INFO {AUDIT_LOG} - Initiator : a***n | Action : LoginStepSuccess | Target : ApplicationAuthenticationFramework | Data : { "ContextIdentifier" : "34138035-1945-465d-9254-60302fa964e8","AuthenticatedUser" : "a***n","AuthenticatedUserTenantDomain" : "carbon.super","ServiceProviderName" : "apim_devportal","RequestType" : "oidc","RelyingParty" : "2pqPaoyHh_3HbAvBKtJn2_lo2TUa","AuthenticatedIdP" : "LOCAL","User Agent" : "null","RemoteAddress" : "null","UserStoreDomain" : "PRIMARY" } | Result : Success 
TID: [-1234] [2024-06-21 08:01:24,170]  INFO {AUDIT_LOG} - Initiator : a****************r | Action : Authenticate | Target : ApplicationAuthenticationFramework | Data : { Step: 1, IDP: LOCAL, Authenticator:BasicAuthenticator } | Result : Success 
TID: [-1234] [2024-06-21 08:01:24,172]  INFO {AUDIT_LOG} - Initiator=w**************r Action=Get-Roles-of-User Target=a***n Data={"ServiceProviderName":"apim_devportal","Filter":"*","Roles":["Internal/subscriber","Internal/creator","Internal/publisher","Internal/everyone","Internal/devops","admin","Internal/analytics","Internal/observer","Internal/integration_dev"]} Outcome=Success
TID: [-1234] [2024-06-21 08:01:24,172]  INFO {AUDIT_LOG} - Initiator=w**************r Action=Get-User-Claim-Values Target=a***n Data={"ServiceProviderName":"apim_devportal","Claims":{"http://wso2.org/claims/username":"a***n","http://wso2.org/claims/userid":"7943e104-b44d-4c6e-8534-6cb31d25ce77","http://wso2.org/claims/role":"I***********************************************************************************************************************************************************v","http://wso2.org/claims/userprincipal":"a***n"}} Outcome=Success
TID: [-1234] [2024-06-21 08:01:24,176]  INFO {AUDIT_LOG} - Initiator : 7943e104-b44d-4c6e-8534-6cb31d25ce77 | Action : StoreSession | Data : { {"traceId":"d90234d8-e814-4fa5-a3d3-c6c2b983f618","RememberMe":false,"sessionContextId":"d65f68840edcc376a57bce0e12e1ffdd34be43c1b037a059340eb49c0d6c4677","AuthenticatedUserTenantDomain":"carbon.super","AuthenticatedUser":"a***n","LastAccessedTimestamp":1718937084174} } | Result : Success 
TID: [-1234] [2024-06-21 08:01:24,178]  INFO {AUDIT_LOG} - Initiator : 7943e104-b44d-4c6e-8534-6cb31d25ce77 | Action : Login | Target : ApplicationAuthenticationFramework | Data : { "ContextIdentifier" : "34138035-1945-465d-9254-60302fa964e8","AuthenticatedUser" : "a***n","AuthenticatedUserTenantDomain" : "carbon.super","ServiceProviderName" : "apim_devportal","RequestType" : "oidc","RelyingParty" : "2pqPaoyHh_3HbAvBKtJn2_lo2TUa","AuthenticatedIdPs" : "eyJ0eXAiOiJKV1QiLCJhbGciOiJIUzI1NiJ9.eyJpc3MiOiJ3c28yIiwiZXhwIjoxNzE4OTM3MDg3MTcwLCJpYXQiOjE3MTg5MzcwODQxNzAsImlkcHMiOlt7ImlkcCI6IkxPQ0FMIiwiYXV0aGVudGljYXRvciI6IkJhc2ljQXV0aGVudGljYXRvciJ9XX0.nCak0HZNtzr1shFPKzw5XNQvgrQJvTPH9_gFYnNUGIg","User Agent" : "null","RemoteAddress" : "null","UserStoreDomain" : "PRIMARY" } | Result : Success 
TID: [-1234] [2024-06-21 08:01:24,372]  INFO {AUDIT_LOG} - Initiator=w**************r Action=Get-User-List Target=null Data={"Claim Value":"a***n","Users":["a***n"],"Claim":"http://wso2.org/claims/username"} Outcome=Success
TID: [-1234] [2024-06-21 08:01:24,373]  INFO {AUDIT_LOG} - Initiator=w**************r Action=Get-User-Claim-Values Target=a***n Data={"Claims":{},"Profile":"default"} Outcome=Success
TID: [-1234] [2024-06-21 08:01:24,373]  INFO {AUDIT_LOG} - Initiator=w**************r Action=Get-User-Claim-Values Target=a***n Data={"Claims":{},"Profile":"default"} Outcome=Success
TID: [-1234] [2024-06-21 08:01:24,374]  INFO {AUDIT_LOG} - Initiator=w**************r Action=Get-User-Claim-Values Target=a***n Data={"Claims":{},"Profile":"default"} Outcome=Success
TID: [-1234] [2024-06-21 08:01:24,381]  INFO {AUDIT_LOG} - GET /api/am/devportal/settings user: admin@carbon.super app: 2pqPaoyHh_3HbAvBKtJn2_lo2TUa
TID: [-1234] [2024-06-21 08:01:24,472]  INFO {AUDIT_LOG} - GET /api/am/devportal/applications?sortBy=name&sortOrder=asc&limit=10&offset=0 user: admin@carbon.super app: 2pqPaoyHh_3HbAvBKtJn2_lo2TUa
TID: [-1234] [2024-06-21 08:01:27,384]  INFO {AUDIT_LOG} - GET /api/am/devportal/applications/9bcdb15d-664b-499c-9a30-da6a406e8159 user: admin@carbon.super app: 2pqPaoyHh_3HbAvBKtJn2_lo2TUa
TID: [-1234] [2024-06-21 08:01:27,417]  INFO {AUDIT_LOG} - GET /api/am/devportal/applications/9bcdb15d-664b-499c-9a30-da6a406e8159 user: admin@carbon.super app: 2pqPaoyHh_3HbAvBKtJn2_lo2TUa
TID: [-1234] [2024-06-21 08:01:27,431]  INFO {AUDIT_LOG} - GET /api/am/devportal/throttling-policies/application/10PerMin user: admin@carbon.super app: 2pqPaoyHh_3HbAvBKtJn2_lo2TUa
TID: [-1234] [2024-06-21 08:02:05,934]  INFO {AUDIT_LOG} - GET /api/am/devportal/key-managers user: admin@carbon.super app: 2pqPaoyHh_3HbAvBKtJn2_lo2TUa
TID: [-1234] [2024-06-21 08:02:05,999]  INFO {AUDIT_LOG} - GET /api/am/devportal/applications/9bcdb15d-664b-499c-9a30-da6a406e8159 user: admin@carbon.super app: 2pqPaoyHh_3HbAvBKtJn2_lo2TUa
TID: [-1234] [2024-06-21 08:02:06,010]  INFO {AUDIT_LOG} - GET /api/am/devportal/applications/9bcdb15d-664b-499c-9a30-da6a406e8159/oauth-keys user: admin@carbon.super app: 2pqPaoyHh_3HbAvBKtJn2_lo2TUa
TID: [-1234] [2024-06-21 08:02:06,101]  INFO {AUDIT_LOG} - GET /api/am/devportal/applications/9bcdb15d-664b-499c-9a30-da6a406e8159 user: admin@carbon.super app: 2pqPaoyHh_3HbAvBKtJn2_lo2TUa
TID: [-1234] [2024-06-21 08:02:06,111]  INFO {AUDIT_LOG} - GET /api/am/devportal/applications/9bcdb15d-664b-499c-9a30-da6a406e8159/oauth-keys user: admin@carbon.super app: 2pqPaoyHh_3HbAvBKtJn2_lo2TUa
TID: [-1234] [2024-06-21 08:02:15,241]  INFO {AUDIT_LOG} - GET /api/am/devportal/api-categories user: admin@carbon.super app: 2pqPaoyHh_3HbAvBKtJn2_lo2TUa
TID: [-1234] [2024-06-21 08:02:15,241]  INFO {AUDIT_LOG} - GET /api/am/devportal/apis?limit=10&offset=0 user: admin@carbon.super app: 2pqPaoyHh_3HbAvBKtJn2_lo2TUa
TID: [-1234] [2024-06-21 08:02:15,241]  INFO {AUDIT_LOG} - GET /api/am/devportal/tags user: admin@carbon.super app: 2pqPaoyHh_3HbAvBKtJn2_lo2TUa
TID: [-1234] [2024-06-21 08:02:15,270]  INFO {AUDIT_LOG} - GET /api/am/devportal/apis/e586890e-0885-482e-9234-6dc5b0a821df/thumbnail user: admin@carbon.super app: 2pqPaoyHh_3HbAvBKtJn2_lo2TUa
TID: [-1234] [2024-06-21 08:02:15,271]  INFO {AUDIT_LOG} - GET /api/am/devportal/apis/e586890e-0885-482e-9234-6dc5b0a821df/ratings user: admin@carbon.super app: 2pqPaoyHh_3HbAvBKtJn2_lo2TUa
TID: [-1234] [2024-06-21 08:02:15,867]  INFO {AUDIT_LOG} - GET /api/am/devportal/settings user: admin@carbon.super app: 2pqPaoyHh_3HbAvBKtJn2_lo2TUa
TID: [-1234] [2024-06-21 08:02:15,874]  INFO {AUDIT_LOG} - GET /api/am/devportal/apis/e586890e-0885-482e-9234-6dc5b0a821df user: admin@carbon.super app: 2pqPaoyHh_3HbAvBKtJn2_lo2TUa
TID: [-1234] [2024-06-21 08:02:15,878]  INFO {AUDIT_LOG} - GET /api/am/devportal/applications?limit=5000 user: admin@carbon.super app: 2pqPaoyHh_3HbAvBKtJn2_lo2TUa
TID: [-1234] [2024-06-21 08:02:15,881]  INFO {AUDIT_LOG} - GET /api/am/devportal/subscriptions?apiId=e586890e-0885-482e-9234-6dc5b0a821df&limit=5000 user: admin@carbon.super app: 2pqPaoyHh_3HbAvBKtJn2_lo2TUa
TID: [-1234] [2024-06-21 08:02:15,882]  INFO {AUDIT_LOG} - GET /api/am/devportal/subscriptions?apiId=e586890e-0885-482e-9234-6dc5b0a821df&limit=25 user: admin@carbon.super app: 2pqPaoyHh_3HbAvBKtJn2_lo2TUa
TID: [-1234] [2024-06-21 08:02:16,088]  INFO {AUDIT_LOG} - GET /api/am/devportal/apis/e586890e-0885-482e-9234-6dc5b0a821df/documents user: admin@carbon.super app: 2pqPaoyHh_3HbAvBKtJn2_lo2TUa
TID: [-1234] [2024-06-21 08:02:16,088]  INFO {AUDIT_LOG} - GET /api/am/devportal/throttling-policies/subscription user: admin@carbon.super app: 2pqPaoyHh_3HbAvBKtJn2_lo2TUa
TID: [-1234] [2024-06-21 08:02:16,094]  INFO {AUDIT_LOG} - GET /api/am/devportal/throttling-policies/subscription user: admin@carbon.super app: 2pqPaoyHh_3HbAvBKtJn2_lo2TUa
TID: [-1234] [2024-06-21 08:02:16,098]  INFO {AUDIT_LOG} - GET /api/am/devportal/apis/e586890e-0885-482e-9234-6dc5b0a821df/documents user: admin@carbon.super app: 2pqPaoyHh_3HbAvBKtJn2_lo2TUa
TID: [-1234] [2024-06-21 08:02:16,111]  INFO {AUDIT_LOG} - GET /api/am/devportal/apis/e586890e-0885-482e-9234-6dc5b0a821df/thumbnail user: admin@carbon.super app: 2pqPaoyHh_3HbAvBKtJn2_lo2TUa
TID: [-1234] [2024-06-21 08:02:16,111]  INFO {AUDIT_LOG} - GET /api/am/devportal/apis/e586890e-0885-482e-9234-6dc5b0a821df/comments?limit=5&offset=0 user: admin@carbon.super app: 2pqPaoyHh_3HbAvBKtJn2_lo2TUa
TID: [-1234] [2024-06-21 08:02:16,112]  INFO {AUDIT_LOG} - GET /api/am/devportal/apis/e586890e-0885-482e-9234-6dc5b0a821df/ratings user: admin@carbon.super app: 2pqPaoyHh_3HbAvBKtJn2_lo2TUa
TID: [-1234] [2024-06-21 08:03:10,512]  INFO {AUDIT_LOG} - Initiator=w**************r Action=Get-User-Claim-Values Target=a***n Data={"ServiceProviderName":"apim_publisher","Claims":{"http://wso2.org/claims/username":"a***n","http://wso2.org/claims/userid":"7943e104-b44d-4c6e-8534-6cb31d25ce77","http://wso2.org/claims/role":"I***********************************************************************************************************************************************************v","http://wso2.org/claims/userprincipal":"a***n"}} Outcome=Success
TID: [-1234] [2024-06-21 08:03:10,513]  INFO {AUDIT_LOG} - Initiator : 7943e104-b44d-4c6e-8534-6cb31d25ce77 | Action : UpdateSession | Data : { {"traceId":"6ed7f361-1f7a-4c5f-a556-19524f73bae7","RememberMe":false,"sessionContextId":"d65f68840edcc376a57bce0e12e1ffdd34be43c1b037a059340eb49c0d6c4677","AuthenticatedUserTenantDomain":"carbon.super","AuthenticatedUser":"a***n","LastAccessedTimestamp":1718937190512} } | Result : Success 
TID: [-1234] [2024-06-21 08:03:10,514]  INFO {AUDIT_LOG} - Initiator : 7943e104-b44d-4c6e-8534-6cb31d25ce77 | Action : Login | Target : ApplicationAuthenticationFramework | Data : { "ContextIdentifier" : "4794fee0-33c2-45c7-b831-9723fc43819b","AuthenticatedUser" : "a***n","AuthenticatedUserTenantDomain" : "carbon.super","ServiceProviderName" : "apim_publisher","RequestType" : "oidc","RelyingParty" : "yik_omnScVr7f1g84uYNW7jBOWMa","AuthenticatedIdPs" : "eyJ0eXAiOiJKV1QiLCJhbGciOiJIUzI1NiJ9.eyJpc3MiOiJ3c28yIiwiZXhwIjoxNzE4OTM3MTkzNTEwLCJpYXQiOjE3MTg5MzcxOTA1MTAsImlkcHMiOlt7ImlkcCI6IkxPQ0FMIiwiYXV0aGVudGljYXRvciI6IkJhc2ljQXV0aGVudGljYXRvciJ9XX0.xtiPkBdzykRCz50uDthlQHr_fn8RJN8EdGmum19CrJM","User Agent" : "null","RemoteAddress" : "null","UserStoreDomain" : "PRIMARY" } | Result : Success 
TID: [-1234] [2024-06-21 08:03:10,643]  INFO {AUDIT_LOG} - Initiator=w**************r Action=Get-User-List Target=null Data={"Claim Value":"a***n","Users":["a***n"],"Claim":"http://wso2.org/claims/username"} Outcome=Success
TID: [-1234] [2024-06-21 08:03:10,646]  INFO {AUDIT_LOG} - Initiator=w**************r Action=Get-User-Claim-Values Target=a***n Data={"Claims":{},"Profile":"default"} Outcome=Success
TID: [-1234] [2024-06-21 08:03:10,646]  INFO {AUDIT_LOG} - Initiator=w**************r Action=Get-User-Claim-Values Target=a***n Data={"Claims":{},"Profile":"default"} Outcome=Success
TID: [-1234] [2024-06-21 08:03:10,646]  INFO {AUDIT_LOG} - Initiator=w**************r Action=Get-User-Claim-Values Target=a***n Data={"Claims":{},"Profile":"default"} Outcome=Success
TID: [-1234] [2024-06-21 08:03:10,895]  INFO {AUDIT_LOG} - GET /api/am/publisher/settings user: admin@carbon.super app: yik_omnScVr7f1g84uYNW7jBOWMa
TID: [-1234] [2024-06-21 08:03:10,895]  INFO {AUDIT_LOG} - GET /api/am/publisher/apis?limit=10&offset=0 user: admin@carbon.super app: yik_omnScVr7f1g84uYNW7jBOWMa
TID: [-1234] [2024-06-21 08:03:12,471]  INFO {AUDIT_LOG} - GET /api/am/publisher/apis/e586890e-0885-482e-9234-6dc5b0a821df user: admin@carbon.super app: yik_omnScVr7f1g84uYNW7jBOWMa
TID: [-1234] [2024-06-21 08:03:12,480]  INFO {AUDIT_LOG} - GET /api/am/publisher/tenants?state=active user: admin@carbon.super app: yik_omnScVr7f1g84uYNW7jBOWMa
TID: [-1234] [2024-06-21 08:03:12,622]  INFO {AUDIT_LOG} - GET /api/am/publisher/apis/e586890e-0885-482e-9234-6dc5b0a821df/revisions user: admin@carbon.super app: yik_omnScVr7f1g84uYNW7jBOWMa
TID: [-1234] [2024-06-21 08:03:12,627]  INFO {AUDIT_LOG} - GET /api/am/publisher/apis/e586890e-0885-482e-9234-6dc5b0a821df/swagger user: admin@carbon.super app: yik_omnScVr7f1g84uYNW7jBOWMa
TID: [-1234] [2024-06-21 08:03:12,631]  INFO {AUDIT_LOG} - GET /api/am/publisher/apis/e586890e-0885-482e-9234-6dc5b0a821df/revisions?query=deployed%3Atrue user: admin@carbon.super app: yik_omnScVr7f1g84uYNW7jBOWMa
TID: [-1234] [2024-06-21 08:03:12,636]  INFO {AUDIT_LOG} - GET /api/am/publisher/apis/e586890e-0885-482e-9234-6dc5b0a821df/revisions?query=deployed%3Atrue user: admin@carbon.super app: yik_omnScVr7f1g84uYNW7jBOWMa
TID: [-1234] [2024-06-21 08:03:12,667]  INFO {AUDIT_LOG} - GET /api/am/publisher/apis/e586890e-0885-482e-9234-6dc5b0a821df/swagger user: admin@carbon.super app: yik_omnScVr7f1g84uYNW7jBOWMa
TID: [-1234] [2024-06-21 08:03:12,667]  INFO {AUDIT_LOG} - GET /api/am/publisher/apis/e586890e-0885-482e-9234-6dc5b0a821df/revisions?query=deployed%3Atrue user: admin@carbon.super app: yik_omnScVr7f1g84uYNW7jBOWMa
TID: [-1234] [2024-06-21 08:03:12,710]  INFO {AUDIT_LOG} - GET /api/am/publisher/apis/e586890e-0885-482e-9234-6dc5b0a821df/revisions?query=deployed%3Atrue user: admin@carbon.super app: yik_omnScVr7f1g84uYNW7jBOWMa
TID: [-1234] [2024-06-21 08:03:12,710]  INFO {AUDIT_LOG} - GET /api/am/publisher/apis/e586890e-0885-482e-9234-6dc5b0a821df/swagger user: admin@carbon.super app: yik_omnScVr7f1g84uYNW7jBOWMa
TID: [-1234] [2024-06-21 08:03:23,872]  INFO {AUDIT_LOG} - GET /api/am/publisher/apis/e586890e-0885-482e-9234-6dc5b0a821df/swagger user: admin@carbon.super app: yik_omnScVr7f1g84uYNW7jBOWMa
TID: [-1234] [2024-06-21 08:03:23,872]  INFO {AUDIT_LOG} - GET /api/am/publisher/endpoint-certificates?endpoint=http%3A%2F%2Flocalhost%3A8290%2Fpay user: admin@carbon.super app: yik_omnScVr7f1g84uYNW7jBOWMa
TID: [-1234] [2024-06-21 08:04:16,707]  INFO {AUDIT_LOG} - GET /api/am/publisher/key-managers user: admin@carbon.super app: yik_omnScVr7f1g84uYNW7jBOWMa
TID: [-1234] [2024-06-21 08:04:16,707]  INFO {AUDIT_LOG} - GET /api/am/publisher/apis/e586890e-0885-482e-9234-6dc5b0a821df/client-certificates user: admin@carbon.super app: yik_omnScVr7f1g84uYNW7jBOWMa
TID: [-1234] [2024-06-21 08:04:16,743]  INFO {AUDIT_LOG} - GET /api/am/publisher/key-managers user: admin@carbon.super app: yik_omnScVr7f1g84uYNW7jBOWMa
TID: [-1234] [2024-06-21 08:04:19,007]  INFO {AUDIT_LOG} - GET /api/am/publisher/apis/e586890e-0885-482e-9234-6dc5b0a821df/swagger user: admin@carbon.super app: yik_omnScVr7f1g84uYNW7jBOWMa
TID: [-1234] [2024-06-21 08:04:19,007]  INFO {AUDIT_LOG} - GET /api/am/publisher/apis/e586890e-0885-482e-9234-6dc5b0a821df/amznResourceNames user: admin@carbon.super app: yik_omnScVr7f1g84uYNW7jBOWMa
TID: [-1234] [2024-06-21 08:04:19,030]  INFO {AUDIT_LOG} - GET /api/am/publisher/scopes?limit=2000&offset=0 user: admin@carbon.super app: yik_omnScVr7f1g84uYNW7jBOWMa
TID: [-1234] [2024-06-21 08:04:19,030]  INFO {AUDIT_LOG} - GET /api/am/publisher/throttling-policies/api?limit=80 user: admin@carbon.super app: yik_omnScVr7f1g84uYNW7jBOWMa
TID: [-1234] [2024-06-21 08:04:23,410]  INFO {AUDIT_LOG} - GET /api/am/publisher/apis/e586890e-0885-482e-9234-6dc5b0a821df/revisions?query=deployed%3Atrue user: admin@carbon.super app: yik_omnScVr7f1g84uYNW7jBOWMa
TID: [-1234] [2024-06-21 08:04:23,410]  INFO {AUDIT_LOG} - GET /api/am/publisher/apis/e586890e-0885-482e-9234-6dc5b0a821df/swagger user: admin@carbon.super app: yik_omnScVr7f1g84uYNW7jBOWMa
TID: [-1234] [2024-06-21 08:04:26,275]  INFO {AUDIT_LOG} - GET /api/am/publisher/apis?limit=10&offset=0 user: admin@carbon.super app: yik_omnScVr7f1g84uYNW7jBOWMa
TID: [-1234] [2024-06-21 08:04:33,675]  INFO {AUDIT_LOG} - GET /api/am/publisher/tenants?state=active user: admin@carbon.super app: yik_omnScVr7f1g84uYNW7jBOWMa
TID: [-1234] [2024-06-21 08:04:33,681]  INFO {AUDIT_LOG} - GET /api/am/publisher/apis/e586890e-0885-482e-9234-6dc5b0a821df user: admin@carbon.super app: yik_omnScVr7f1g84uYNW7jBOWMa
TID: [-1234] [2024-06-21 08:04:33,799]  INFO {AUDIT_LOG} - GET /api/am/publisher/apis/e586890e-0885-482e-9234-6dc5b0a821df/swagger user: admin@carbon.super app: yik_omnScVr7f1g84uYNW7jBOWMa
TID: [-1234] [2024-06-21 08:04:33,809]  INFO {AUDIT_LOG} - GET /api/am/publisher/apis/e586890e-0885-482e-9234-6dc5b0a821df/revisions user: admin@carbon.super app: yik_omnScVr7f1g84uYNW7jBOWMa
TID: [-1234] [2024-06-21 08:04:33,811]  INFO {AUDIT_LOG} - GET /api/am/publisher/apis/e586890e-0885-482e-9234-6dc5b0a821df/revisions?query=deployed%3Atrue user: admin@carbon.super app: yik_omnScVr7f1g84uYNW7jBOWMa
TID: [-1234] [2024-06-21 08:04:33,815]  INFO {AUDIT_LOG} - GET /api/am/publisher/apis/e586890e-0885-482e-9234-6dc5b0a821df/revisions?query=deployed%3Atrue user: admin@carbon.super app: yik_omnScVr7f1g84uYNW7jBOWMa
TID: [-1234] [2024-06-21 08:04:33,849]  INFO {AUDIT_LOG} - GET /api/am/publisher/apis/e586890e-0885-482e-9234-6dc5b0a821df/swagger user: admin@carbon.super app: yik_omnScVr7f1g84uYNW7jBOWMa
TID: [-1234] [2024-06-21 08:04:33,849]  INFO {AUDIT_LOG} - GET /api/am/publisher/apis/e586890e-0885-482e-9234-6dc5b0a821df/revisions?query=deployed%3Atrue user: admin@carbon.super app: yik_omnScVr7f1g84uYNW7jBOWMa
TID: [-1234] [2024-06-21 08:04:33,890]  INFO {AUDIT_LOG} - GET /api/am/publisher/apis/e586890e-0885-482e-9234-6dc5b0a821df/swagger user: admin@carbon.super app: yik_omnScVr7f1g84uYNW7jBOWMa
TID: [-1234] [2024-06-21 08:04:33,890]  INFO {AUDIT_LOG} - GET /api/am/publisher/apis/e586890e-0885-482e-9234-6dc5b0a821df/revisions?query=deployed%3Atrue user: admin@carbon.super app: yik_omnScVr7f1g84uYNW7jBOWMa
TID: [-1234] [2024-06-21 08:04:54,305]  INFO {AUDIT_LOG} - GET /api/am/publisher/tenants?state=ACTIVE user: admin@carbon.super app: yik_omnScVr7f1g84uYNW7jBOWMa
TID: [-1234] [2024-06-21 08:04:54,307]  INFO {AUDIT_LOG} - GET /api/am/publisher/api-categories user: admin@carbon.super app: yik_omnScVr7f1g84uYNW7jBOWMa
TID: [-1234] [2024-06-21 08:04:54,308]  INFO {AUDIT_LOG} - GET /api/am/publisher/apis/e586890e-0885-482e-9234-6dc5b0a821df/documents?limit=1000 user: admin@carbon.super app: yik_omnScVr7f1g84uYNW7jBOWMa
TID: [-1234] [2024-06-21 08:05:07,127]  INFO {AUDIT_LOG} - GET /api/am/publisher/apis/e586890e-0885-482e-9234-6dc5b0a821df/swagger user: admin@carbon.super app: yik_omnScVr7f1g84uYNW7jBOWMa
TID: [-1234] [2024-06-21 08:05:25,663]  INFO {AUDIT_LOG} - GET /api/am/publisher/linter-custom-rules user: admin@carbon.super app: yik_omnScVr7f1g84uYNW7jBOWMa
TID: [-1234] [2024-06-21 08:05:31,018]  INFO {AUDIT_LOG} - GET /api/am/publisher/linter-custom-rules user: admin@carbon.super app: yik_omnScVr7f1g84uYNW7jBOWMa
TID: [-1234] [2024-06-21 08:05:31,164]  INFO {AUDIT_LOG} - GET /api/am/publisher/linter-custom-rules user: admin@carbon.super app: yik_omnScVr7f1g84uYNW7jBOWMa
TID: [-1234] [2024-06-21 08:05:31,364]  INFO {AUDIT_LOG} - GET /api/am/publisher/linter-custom-rules user: admin@carbon.super app: yik_omnScVr7f1g84uYNW7jBOWMa
TID: [-1234] [2024-06-21 08:05:31,444]  INFO {AUDIT_LOG} - POST /api/am/publisher/apis/validate-openapi user: admin@carbon.super app: yik_omnScVr7f1g84uYNW7jBOWMa
TID: [-1234] [2024-06-21 08:05:31,619]  INFO {AUDIT_LOG} - POST /api/am/publisher/apis/validate-openapi user: admin@carbon.super app: yik_omnScVr7f1g84uYNW7jBOWMa
TID: [-1234] [2024-06-21 08:05:31,823]  INFO {AUDIT_LOG} - POST /api/am/publisher/apis/validate-openapi user: admin@carbon.super app: yik_omnScVr7f1g84uYNW7jBOWMa
TID: [-1234] [2024-06-21 08:05:39,779]  INFO {AUDIT_LOG} - POST /api/am/publisher/apis/validate-openapi user: admin@carbon.super app: yik_omnScVr7f1g84uYNW7jBOWMa
TID: [-1234] [2024-06-21 08:05:39,795]  INFO {AUDIT_LOG} - PUT /api/am/publisher/apis/e586890e-0885-482e-9234-6dc5b0a821df/swagger user: admin@carbon.super app: yik_omnScVr7f1g84uYNW7jBOWMa
TID: [] [2024-06-21 08:05:39,836]  INFO {AUDIT_LOG} - Initiator=w**************r Action=Get-User-Claim-Values Target=a***n Data={"Claims":{},"Profile":"default"} Outcome=Success
TID: [] [2024-06-21 08:05:39,836]  INFO {AUDIT_LOG} - Initiator=w**************r Action=Get-User-Claim-Values Target=a***n Data={"Claims":{},"Profile":"default"} Outcome=Success
TID: [] [2024-06-21 08:05:39,836]  INFO {AUDIT_LOG} - Initiator=w**************r Action=Get-User-Claim-Values Target=a***n Data={"Claims":{},"Profile":"default"} Outcome=Success
TID: [] [2024-06-21 08:05:39,865]  INFO {AUDIT_LOG} - Initiator=w**************r Action=Get-User-Claim-Values Target=a***n Data={"Claims":{},"Profile":"default"} Outcome=Success
TID: [] [2024-06-21 08:05:39,865]  INFO {AUDIT_LOG} - Initiator=w**************r Action=Get-User-Claim-Values Target=a***n Data={"Claims":{},"Profile":"default"} Outcome=Success
TID: [] [2024-06-21 08:05:39,865]  INFO {AUDIT_LOG} - Initiator=w**************r Action=Get-User-Claim-Values Target=a***n Data={"Claims":{},"Profile":"default"} Outcome=Success
TID: [-1234] [2024-06-21 08:05:39,869]  INFO {AUDIT_LOG} - {"performedBy":"admin","action":"updated","typ":"API","info":{"provider":"admin","name":"BankingPaymentsAPI","context":"/bankingpaymentsapi/1.0.0","version":"1.0.0"}}
TID: [-1234] [2024-06-21 08:05:39,889]  INFO {AUDIT_LOG} - GET /api/am/publisher/apis/e586890e-0885-482e-9234-6dc5b0a821df user: admin@carbon.super app: yik_omnScVr7f1g84uYNW7jBOWMa
TID: [-1234] [2024-06-21 08:05:39,948]  INFO {AUDIT_LOG} - GET /api/am/publisher/apis/e586890e-0885-482e-9234-6dc5b0a821df/swagger user: admin@carbon.super app: yik_omnScVr7f1g84uYNW7jBOWMa
TID: [-1234] [2024-06-21 08:05:40,616]  INFO {AUDIT_LOG} - Initiator=w**************r Action=Get-User-Claim-Values Target=a***n Data={"Claims":{},"Profile":"default"} Outcome=Success
TID: [-1234] [2024-06-21 08:05:40,617]  INFO {AUDIT_LOG} - Initiator=w**************r Action=Get-User-Claim-Values Target=a***n Data={"Claims":{},"Profile":"default"} Outcome=Success
TID: [-1234] [2024-06-21 08:05:40,617]  INFO {AUDIT_LOG} - Initiator=w**************r Action=Get-User-Claim-Values Target=a***n Data={"Claims":{},"Profile":"default"} Outcome=Success
TID: [-1234] [2024-06-21 08:05:40,627]  INFO {AUDIT_LOG} - Initiator=w**************r Action=Get-User-Claim-Values Target=a***n Data={"Claims":{},"Profile":"default"} Outcome=Success
TID: [-1234] [2024-06-21 08:05:40,627]  INFO {AUDIT_LOG} - Initiator=w**************r Action=Get-User-Claim-Values Target=a***n Data={"Claims":{},"Profile":"default"} Outcome=Success
TID: [-1234] [2024-06-21 08:05:40,627]  INFO {AUDIT_LOG} - Initiator=w**************r Action=Get-User-Claim-Values Target=a***n Data={"Claims":{},"Profile":"default"} Outcome=Success
TID: [-1234] [2024-06-21 08:05:43,922]  INFO {AUDIT_LOG} - GET /api/am/publisher/apis?limit=10&offset=0 user: admin@carbon.super app: yik_omnScVr7f1g84uYNW7jBOWMa
TID: [-1234] [2024-06-21 08:05:45,741]  INFO {AUDIT_LOG} - GET /api/am/publisher/apis/e586890e-0885-482e-9234-6dc5b0a821df user: admin@carbon.super app: yik_omnScVr7f1g84uYNW7jBOWMa
TID: [-1234] [2024-06-21 08:05:45,754]  INFO {AUDIT_LOG} - GET /api/am/publisher/tenants?state=active user: admin@carbon.super app: yik_omnScVr7f1g84uYNW7jBOWMa
TID: [-1234] [2024-06-21 08:05:45,869]  INFO {AUDIT_LOG} - GET /api/am/publisher/apis/e586890e-0885-482e-9234-6dc5b0a821df/revisions?query=deployed%3Atrue user: admin@carbon.super app: yik_omnScVr7f1g84uYNW7jBOWMa
TID: [-1234] [2024-06-21 08:05:45,871]  INFO {AUDIT_LOG} - GET /api/am/publisher/apis/e586890e-0885-482e-9234-6dc5b0a821df/swagger user: admin@carbon.super app: yik_omnScVr7f1g84uYNW7jBOWMa
TID: [-1234] [2024-06-21 08:05:45,873]  INFO {AUDIT_LOG} - GET /api/am/publisher/apis/e586890e-0885-482e-9234-6dc5b0a821df/revisions user: admin@carbon.super app: yik_omnScVr7f1g84uYNW7jBOWMa
TID: [-1234] [2024-06-21 08:05:45,878]  INFO {AUDIT_LOG} - GET /api/am/publisher/apis/e586890e-0885-482e-9234-6dc5b0a821df/revisions?query=deployed%3Atrue user: admin@carbon.super app: yik_omnScVr7f1g84uYNW7jBOWMa
TID: [-1234] [2024-06-21 08:05:45,912]  INFO {AUDIT_LOG} - GET /api/am/publisher/apis/e586890e-0885-482e-9234-6dc5b0a821df/revisions?query=deployed%3Atrue user: admin@carbon.super app: yik_omnScVr7f1g84uYNW7jBOWMa
TID: [-1234] [2024-06-21 08:05:45,912]  INFO {AUDIT_LOG} - GET /api/am/publisher/apis/e586890e-0885-482e-9234-6dc5b0a821df/swagger user: admin@carbon.super app: yik_omnScVr7f1g84uYNW7jBOWMa
TID: [-1234] [2024-06-21 08:05:48,306]  INFO {AUDIT_LOG} - GET /api/am/publisher/apis/e586890e-0885-482e-9234-6dc5b0a821df/swagger user: admin@carbon.super app: yik_omnScVr7f1g84uYNW7jBOWMa
TID: [-1234] [2024-06-21 08:06:02,407]  INFO {AUDIT_LOG} - GET /api/am/publisher/apis?limit=10&offset=0 user: admin@carbon.super app: yik_omnScVr7f1g84uYNW7jBOWMa
TID: [-1234] [2024-06-21 08:06:13,604]  INFO {AUDIT_LOG} - GET /api/am/devportal/settings user: admin@carbon.super app: 2pqPaoyHh_3HbAvBKtJn2_lo2TUa
TID: [-1234] [2024-06-21 08:06:13,706]  INFO {AUDIT_LOG} - GET /api/am/devportal/tenants?state=active user: admin@carbon.super app: 2pqPaoyHh_3HbAvBKtJn2_lo2TUa
TID: [-1234] [2024-06-21 08:06:13,792]  INFO {AUDIT_LOG} - GET /api/am/devportal/tags user: admin@carbon.super app: 2pqPaoyHh_3HbAvBKtJn2_lo2TUa
TID: [-1234] [2024-06-21 08:06:13,792]  INFO {AUDIT_LOG} - GET /api/am/devportal/api-categories user: admin@carbon.super app: 2pqPaoyHh_3HbAvBKtJn2_lo2TUa
TID: [-1234] [2024-06-21 08:06:13,792]  INFO {AUDIT_LOG} - GET /api/am/devportal/apis?limit=10&offset=0 user: admin@carbon.super app: 2pqPaoyHh_3HbAvBKtJn2_lo2TUa
TID: [-1234] [2024-06-21 08:06:13,843]  INFO {AUDIT_LOG} - GET /api/am/devportal/apis/e586890e-0885-482e-9234-6dc5b0a821df/ratings user: admin@carbon.super app: 2pqPaoyHh_3HbAvBKtJn2_lo2TUa
TID: [-1234] [2024-06-21 08:06:13,843]  INFO {AUDIT_LOG} - GET /api/am/devportal/apis/e586890e-0885-482e-9234-6dc5b0a821df/thumbnail user: admin@carbon.super app: 2pqPaoyHh_3HbAvBKtJn2_lo2TUa
TID: [-1234] [2024-06-21 08:06:15,207]  INFO {AUDIT_LOG} - GET /api/am/devportal/applications?sortBy=name&sortOrder=asc&limit=10&offset=0 user: admin@carbon.super app: 2pqPaoyHh_3HbAvBKtJn2_lo2TUa
TID: [-1234] [2024-06-21 08:06:17,773]  INFO {AUDIT_LOG} - Initiator=w**************r Action=Get-User-Claim-Values Target=a***n Data={"Claims":{},"Profile":"default"} Outcome=Success
TID: [-1234] [2024-06-21 08:06:17,773]  INFO {AUDIT_LOG} - Initiator=w**************r Action=Get-User-Claim-Values Target=a***n Data={"ServiceProviderName":"apim_devportal","Claims":{"http://wso2.org/claims/username":"a***n","http://wso2.org/claims/userid":"7943e104-b44d-4c6e-8534-6cb31d25ce77","http://wso2.org/claims/role":"I***********************************************************************************************************************************************************v","http://wso2.org/claims/userprincipal":"a***n"}} Outcome=Success
TID: [-1234] [2024-06-21 08:06:17,774]  INFO {AUDIT_LOG} - Initiator : 7943e104-b44d-4c6e-8534-6cb31d25ce77 | Action : UpdateSession | Data : { {"traceId":"885459fe-57cc-4aa7-bf5e-b7bffddefbe6","RememberMe":false,"sessionContextId":"d65f68840edcc376a57bce0e12e1ffdd34be43c1b037a059340eb49c0d6c4677","AuthenticatedUserTenantDomain":"carbon.super","AuthenticatedUser":"a***n","LastAccessedTimestamp":1718937377774} } | Result : Success 
TID: [-1234] [2024-06-21 08:06:17,775]  INFO {AUDIT_LOG} - Initiator : 7943e104-b44d-4c6e-8534-6cb31d25ce77 | Action : Login | Target : ApplicationAuthenticationFramework | Data : { "ContextIdentifier" : "cb93ce1a-edf9-49e1-90e7-699a53fb7ac4","AuthenticatedUser" : "a***n","AuthenticatedUserTenantDomain" : "carbon.super","ServiceProviderName" : "apim_devportal","RequestType" : "oidc","RelyingParty" : "2pqPaoyHh_3HbAvBKtJn2_lo2TUa","AuthenticatedIdPs" : "eyJ0eXAiOiJKV1QiLCJhbGciOiJIUzI1NiJ9.eyJpc3MiOiJ3c28yIiwiZXhwIjoxNzE4OTM3MzgwNzczLCJpYXQiOjE3MTg5MzczNzc3NzMsImlkcHMiOlt7ImlkcCI6IkxPQ0FMIiwiYXV0aGVudGljYXRvciI6IkJhc2ljQXV0aGVudGljYXRvciJ9XX0.9G5Ws7SpMqqXfQOXPeG2wTbdNgEWSP77WQxDztVQLBg","User Agent" : "null","RemoteAddress" : "null","UserStoreDomain" : "PRIMARY" } | Result : Success 
TID: [-1234] [2024-06-21 08:06:17,950]  INFO {AUDIT_LOG} - Initiator=w**************r Action=Get-User-List Target=null Data={"Claim Value":"a***n","Users":["a***n"],"Claim":"http://wso2.org/claims/username"} Outcome=Success
TID: [-1234] [2024-06-21 08:06:17,951]  INFO {AUDIT_LOG} - Initiator=w**************r Action=Get-User-Claim-Values Target=a***n Data={"Claims":{},"Profile":"default"} Outcome=Success
TID: [-1234] [2024-06-21 08:06:17,951]  INFO {AUDIT_LOG} - Initiator=w**************r Action=Get-User-Claim-Values Target=a***n Data={"Claims":{},"Profile":"default"} Outcome=Success
TID: [-1234] [2024-06-21 08:06:17,952]  INFO {AUDIT_LOG} - Initiator=w**************r Action=Get-User-Claim-Values Target=a***n Data={"Claims":{},"Profile":"default"} Outcome=Success
TID: [-1234] [2024-06-21 08:06:17,959]  INFO {AUDIT_LOG} - GET /api/am/devportal/settings user: admin@carbon.super app: 2pqPaoyHh_3HbAvBKtJn2_lo2TUa
TID: [-1234] [2024-06-21 08:06:18,074]  INFO {AUDIT_LOG} - GET /api/am/devportal/applications?sortBy=name&sortOrder=asc&limit=10&offset=0 user: admin@carbon.super app: 2pqPaoyHh_3HbAvBKtJn2_lo2TUa
TID: [-1234] [2024-06-21 08:06:18,832]  INFO {AUDIT_LOG} - GET /api/am/devportal/applications/9bcdb15d-664b-499c-9a30-da6a406e8159 user: admin@carbon.super app: 2pqPaoyHh_3HbAvBKtJn2_lo2TUa
TID: [-1234] [2024-06-21 08:06:18,882]  INFO {AUDIT_LOG} - GET /api/am/devportal/applications/9bcdb15d-664b-499c-9a30-da6a406e8159 user: admin@carbon.super app: 2pqPaoyHh_3HbAvBKtJn2_lo2TUa
TID: [-1234] [2024-06-21 08:06:18,895]  INFO {AUDIT_LOG} - GET /api/am/devportal/throttling-policies/application/10PerMin user: admin@carbon.super app: 2pqPaoyHh_3HbAvBKtJn2_lo2TUa
TID: [-1234] [2024-06-21 08:06:20,330]  INFO {AUDIT_LOG} - GET /api/am/devportal/subscriptions?applicationId=9bcdb15d-664b-499c-9a30-da6a406e8159&limit=1000 user: admin@carbon.super app: 2pqPaoyHh_3HbAvBKtJn2_lo2TUa
TID: [-1234] [2024-06-21 08:06:20,359]  INFO {AUDIT_LOG} - GET /api/am/devportal/apis/e586890e-0885-482e-9234-6dc5b0a821df user: admin@carbon.super app: 2pqPaoyHh_3HbAvBKtJn2_lo2TUa
TID: [-1234] [2024-06-21 08:06:20,359]  INFO {AUDIT_LOG} - GET /api/am/devportal/subscriptions/1ff40c37-8207-4370-b939-afff461ea474 user: admin@carbon.super app: 2pqPaoyHh_3HbAvBKtJn2_lo2TUa
TID: [-1234] [2024-06-21 08:06:20,365]  INFO {AUDIT_LOG} - GET /api/am/devportal/apis/e586890e-0885-482e-9234-6dc5b0a821df user: admin@carbon.super app: 2pqPaoyHh_3HbAvBKtJn2_lo2TUa
TID: [-1234] [2024-06-21 08:06:20,367]  INFO {AUDIT_LOG} - GET /api/am/devportal/throttling-policies/subscription/Unlimited user: admin@carbon.super app: 2pqPaoyHh_3HbAvBKtJn2_lo2TUa
TID: [-1234] [2024-06-21 08:06:22,935]  INFO {AUDIT_LOG} - DELETE /api/am/devportal/subscriptions/1ff40c37-8207-4370-b939-afff461ea474 user: admin@carbon.super app: 2pqPaoyHh_3HbAvBKtJn2_lo2TUa
TID: [-1234] [2024-06-21 08:06:22,952]  INFO {AUDIT_LOG} - {"performedBy":"admin","action":"deleted","typ":"Subscription","info":{"application_name":"BankingApplication","provider":"admin","api_name":"BankingPaymentsAPI","application_id":2}}
TID: [-1234] [2024-06-21 08:06:22,958]  INFO {AUDIT_LOG} - GET /api/am/devportal/applications/9bcdb15d-664b-499c-9a30-da6a406e8159 user: admin@carbon.super app: 2pqPaoyHh_3HbAvBKtJn2_lo2TUa
TID: [] [2024-06-21 08:06:22,974]  INFO {AUDIT_LOG} - Initiator=w**************r Action=Get-User-Claim-Values Target=a***n Data={"Claims":{},"Profile":"default"} Outcome=Success
TID: [] [2024-06-21 08:06:22,974]  INFO {AUDIT_LOG} - Initiator=w**************r Action=Get-User-Claim-Values Target=a***n Data={"Claims":{},"Profile":"default"} Outcome=Success
TID: [] [2024-06-21 08:06:22,974]  INFO {AUDIT_LOG} - Initiator=w**************r Action=Get-User-Claim-Values Target=a***n Data={"Claims":{},"Profile":"default"} Outcome=Success
TID: [-1234] [2024-06-21 08:06:33,261]  INFO {AUDIT_LOG} - GET /api/am/publisher/apis?limit=10&offset=0 user: admin@carbon.super app: yik_omnScVr7f1g84uYNW7jBOWMa
TID: [-1234] [2024-06-21 08:06:33,261]  INFO {AUDIT_LOG} - GET /api/am/publisher/settings user: admin@carbon.super app: yik_omnScVr7f1g84uYNW7jBOWMa
TID: [-1234] [2024-06-21 08:06:34,978]  INFO {AUDIT_LOG} - GET /api/am/publisher/apis/e586890e-0885-482e-9234-6dc5b0a821df user: admin@carbon.super app: yik_omnScVr7f1g84uYNW7jBOWMa
TID: [-1234] [2024-06-21 08:06:34,978]  INFO {AUDIT_LOG} - GET /api/am/publisher/tenants?state=active user: admin@carbon.super app: yik_omnScVr7f1g84uYNW7jBOWMa
TID: [-1234] [2024-06-21 08:06:35,118]  INFO {AUDIT_LOG} - GET /api/am/publisher/apis/e586890e-0885-482e-9234-6dc5b0a821df/swagger user: admin@carbon.super app: yik_omnScVr7f1g84uYNW7jBOWMa
TID: [-1234] [2024-06-21 08:06:35,118]  INFO {AUDIT_LOG} - GET /api/am/publisher/apis/e586890e-0885-482e-9234-6dc5b0a821df/revisions user: admin@carbon.super app: yik_omnScVr7f1g84uYNW7jBOWMa
TID: [-1234] [2024-06-21 08:06:35,118]  INFO {AUDIT_LOG} - GET /api/am/publisher/apis/e586890e-0885-482e-9234-6dc5b0a821df/revisions?query=deployed%3Atrue user: admin@carbon.super app: yik_omnScVr7f1g84uYNW7jBOWMa
TID: [-1234] [2024-06-21 08:06:35,121]  INFO {AUDIT_LOG} - GET /api/am/publisher/apis/e586890e-0885-482e-9234-6dc5b0a821df/revisions?query=deployed%3Atrue user: admin@carbon.super app: yik_omnScVr7f1g84uYNW7jBOWMa
TID: [-1234] [2024-06-21 08:06:35,170]  INFO {AUDIT_LOG} - GET /api/am/publisher/apis/e586890e-0885-482e-9234-6dc5b0a821df/revisions?query=deployed%3Atrue user: admin@carbon.super app: yik_omnScVr7f1g84uYNW7jBOWMa
TID: [-1234] [2024-06-21 08:06:35,170]  INFO {AUDIT_LOG} - GET /api/am/publisher/apis/e586890e-0885-482e-9234-6dc5b0a821df/swagger user: admin@carbon.super app: yik_omnScVr7f1g84uYNW7jBOWMa
TID: [-1234] [2024-06-21 08:06:41,035]  INFO {AUDIT_LOG} - GET /api/am/publisher/apis/e586890e-0885-482e-9234-6dc5b0a821df/revisions?query=deployed%3Atrue user: admin@carbon.super app: yik_omnScVr7f1g84uYNW7jBOWMa
TID: [-1234] [2024-06-21 08:06:41,035]  INFO {AUDIT_LOG} - GET /api/am/publisher/apis/e586890e-0885-482e-9234-6dc5b0a821df/swagger user: admin@carbon.super app: yik_omnScVr7f1g84uYNW7jBOWMa
TID: [-1234] [2024-06-21 08:06:42,307]  INFO {AUDIT_LOG} - GET /api/am/publisher/apis?limit=10&offset=0 user: admin@carbon.super app: yik_omnScVr7f1g84uYNW7jBOWMa
TID: [-1234] [2024-06-21 08:06:44,820]  INFO {AUDIT_LOG} - DELETE /api/am/publisher/apis/e586890e-0885-482e-9234-6dc5b0a821df user: admin@carbon.super app: yik_omnScVr7f1g84uYNW7jBOWMa
TID: [] [2024-06-21 08:06:44,858]  INFO {AUDIT_LOG} - Initiator=w**************r Action=Get-User-Claim-Values Target=a***n Data={"Claims":{},"Profile":"default"} Outcome=Success
TID: [] [2024-06-21 08:06:44,858]  INFO {AUDIT_LOG} - Initiator=w**************r Action=Get-User-Claim-Values Target=a***n Data={"Claims":{},"Profile":"default"} Outcome=Success
TID: [] [2024-06-21 08:06:44,858]  INFO {AUDIT_LOG} - Initiator=w**************r Action=Get-User-Claim-Values Target=a***n Data={"Claims":{},"Profile":"default"} Outcome=Success
TID: [-1234] [2024-06-21 08:06:44,870]  INFO {AUDIT_LOG} - {"performedBy":"admin","action":"deleted","typ":"API","info":{"provider":"admin","name":"BankingPaymentsAPI","version":"1.0.0"}}
TID: [-1234] [2024-06-21 08:06:44,884]  INFO {AUDIT_LOG} - GET /api/am/publisher/apis?limit=10&offset=0 user: admin@carbon.super app: yik_omnScVr7f1g84uYNW7jBOWMa
TID: [] [2024-06-21 08:06:45,889]  INFO {AUDIT_LOG} - {"performedBy":"SYSTEM: carbon.super","action":"undeployed","typ":"API","info":"e586890e-0885-482e-9234-6dc5b0a821df"}
TID: [-1234] [2024-06-21 08:06:52,312]  INFO {AUDIT_LOG} - POST /api/am/publisher/apis/validate-openapi user: admin@carbon.super app: yik_omnScVr7f1g84uYNW7jBOWMa
TID: [-1234] [2024-06-21 08:06:52,439]  INFO {AUDIT_LOG} - GET /api/am/publisher/linter-custom-rules user: admin@carbon.super app: yik_omnScVr7f1g84uYNW7jBOWMa
TID: [-1234] [2024-06-21 08:06:52,459]  INFO {AUDIT_LOG} - POST /api/am/publisher/apis/validate-openapi user: admin@carbon.super app: yik_omnScVr7f1g84uYNW7jBOWMa
TID: [-1234] [2024-06-21 08:06:52,539]  INFO {AUDIT_LOG} - GET /api/am/publisher/linter-custom-rules user: admin@carbon.super app: yik_omnScVr7f1g84uYNW7jBOWMa
TID: [-1234] [2024-06-21 08:06:55,581]  INFO {AUDIT_LOG} - GET /api/am/publisher/search?limit=10&offset=0&query=name%3Abankingpaymentsapi user: admin@carbon.super app: yik_omnScVr7f1g84uYNW7jBOWMa
TID: [-1234] [2024-06-21 08:07:04,771]  INFO {AUDIT_LOG} - GET /api/am/publisher/search?limit=10&offset=0&query=context%3A%2Fpay user: admin@carbon.super app: yik_omnScVr7f1g84uYNW7jBOWMa
TID: [-1234] [2024-06-21 08:07:04,891]  INFO {AUDIT_LOG} - POST /api/am/publisher/apis/import-openapi user: admin@carbon.super app: yik_omnScVr7f1g84uYNW7jBOWMa
TID: [-1234] [2024-06-21 08:07:04,962]  INFO {AUDIT_LOG} - {"performedBy":"admin","action":"created","typ":"API","info":{"provider":"admin","name":"BankingPaymentsAPI","context":"/pay/1.0.0","version":"1.0.0"}}
TID: [] [2024-06-21 08:07:04,982]  INFO {AUDIT_LOG} - Initiator=w**************r Action=Get-User-Claim-Values Target=a***n Data={"Claims":{},"Profile":"default"} Outcome=Success
TID: [] [2024-06-21 08:07:04,982]  INFO {AUDIT_LOG} - Initiator=w**************r Action=Get-User-Claim-Values Target=a***n Data={"Claims":{},"Profile":"default"} Outcome=Success
TID: [] [2024-06-21 08:07:04,982]  INFO {AUDIT_LOG} - Initiator=w**************r Action=Get-User-Claim-Values Target=a***n Data={"Claims":{},"Profile":"default"} Outcome=Success
TID: [-1234] [2024-06-21 08:07:05,012]  INFO {AUDIT_LOG} - GET /api/am/publisher/tenants?state=active user: admin@carbon.super app: yik_omnScVr7f1g84uYNW7jBOWMa
TID: [-1234] [2024-06-21 08:07:05,012]  INFO {AUDIT_LOG} - GET /api/am/publisher/apis/d8bad82f-5a29-4ee4-87a9-70dd90fcfc48 user: admin@carbon.super app: yik_omnScVr7f1g84uYNW7jBOWMa
TID: [-1234] [2024-06-21 08:07:05,118]  INFO {AUDIT_LOG} - GET /api/am/publisher/apis/d8bad82f-5a29-4ee4-87a9-70dd90fcfc48/swagger user: admin@carbon.super app: yik_omnScVr7f1g84uYNW7jBOWMa
TID: [-1234] [2024-06-21 08:07:05,118]  INFO {AUDIT_LOG} - GET /api/am/publisher/apis/d8bad82f-5a29-4ee4-87a9-70dd90fcfc48/revisions?query=deployed%3Atrue user: admin@carbon.super app: yik_omnScVr7f1g84uYNW7jBOWMa
TID: [-1234] [2024-06-21 08:07:05,118]  INFO {AUDIT_LOG} - GET /api/am/publisher/apis/d8bad82f-5a29-4ee4-87a9-70dd90fcfc48/revisions user: admin@carbon.super app: yik_omnScVr7f1g84uYNW7jBOWMa
TID: [-1234] [2024-06-21 08:07:05,121]  INFO {AUDIT_LOG} - GET /api/am/publisher/apis/d8bad82f-5a29-4ee4-87a9-70dd90fcfc48/revisions?query=deployed%3Atrue user: admin@carbon.super app: yik_omnScVr7f1g84uYNW7jBOWMa
TID: [-1234] [2024-06-21 08:07:05,184]  INFO {AUDIT_LOG} - GET /api/am/publisher/apis/d8bad82f-5a29-4ee4-87a9-70dd90fcfc48/swagger user: admin@carbon.super app: yik_omnScVr7f1g84uYNW7jBOWMa
TID: [-1234] [2024-06-21 08:07:05,184]  INFO {AUDIT_LOG} - GET /api/am/publisher/apis/d8bad82f-5a29-4ee4-87a9-70dd90fcfc48/revisions?query=deployed%3Atrue user: admin@carbon.super app: yik_omnScVr7f1g84uYNW7jBOWMa
TID: [-1234] [2024-06-21 08:07:13,316]  INFO {AUDIT_LOG} - GET /api/am/publisher/apis/d8bad82f-5a29-4ee4-87a9-70dd90fcfc48/asyncapi user: admin@carbon.super app: yik_omnScVr7f1g84uYNW7jBOWMa
TID: [-1234] [2024-06-21 08:07:14,870]  INFO {AUDIT_LOG} - POST /api/am/publisher/apis/d8bad82f-5a29-4ee4-87a9-70dd90fcfc48/revisions user: admin@carbon.super app: yik_omnScVr7f1g84uYNW7jBOWMa
TID: [-1234] [2024-06-21 08:07:14,921]  INFO {AUDIT_LOG} - POST /api/am/publisher/apis/d8bad82f-5a29-4ee4-87a9-70dd90fcfc48/deploy-revision?revisionId=a6a0d0c1-b6d5-4daa-9240-2716ad960140 user: admin@carbon.super app: yik_omnScVr7f1g84uYNW7jBOWMa
TID: [] [2024-06-21 08:07:14,939]  INFO {AUDIT_LOG} - Initiator=w**************r Action=Get-User-Claim-Values Target=a***n Data={"Claims":{},"Profile":"default"} Outcome=Success
TID: [] [2024-06-21 08:07:14,939]  INFO {AUDIT_LOG} - Initiator=w**************r Action=Get-User-Claim-Values Target=a***n Data={"Claims":{},"Profile":"default"} Outcome=Success
TID: [] [2024-06-21 08:07:14,939]  INFO {AUDIT_LOG} - Initiator=w**************r Action=Get-User-Claim-Values Target=a***n Data={"Claims":{},"Profile":"default"} Outcome=Success
TID: [-1234] [2024-06-21 08:07:14,989]  INFO {AUDIT_LOG} - GET /api/am/publisher/apis/d8bad82f-5a29-4ee4-87a9-70dd90fcfc48/revisions?query=deployed%3Atrue user: admin@carbon.super app: yik_omnScVr7f1g84uYNW7jBOWMa
TID: [-1234] [2024-06-21 08:07:14,989]  INFO {AUDIT_LOG} - GET /api/am/publisher/apis/d8bad82f-5a29-4ee4-87a9-70dd90fcfc48/revisions user: admin@carbon.super app: yik_omnScVr7f1g84uYNW7jBOWMa
TID: [-1234] [2024-06-21 08:07:15,020]  INFO {AUDIT_LOG} - GET /api/am/publisher/apis/d8bad82f-5a29-4ee4-87a9-70dd90fcfc48/asyncapi user: admin@carbon.super app: yik_omnScVr7f1g84uYNW7jBOWMa
TID: [-1234] [2024-06-21 08:07:15,094]  INFO {AUDIT_LOG} - GET /api/am/publisher/apis/d8bad82f-5a29-4ee4-87a9-70dd90fcfc48/asyncapi user: admin@carbon.super app: yik_omnScVr7f1g84uYNW7jBOWMa
TID: [-1234] [2024-06-21 08:07:15,959]  INFO {AUDIT_LOG} - Initiator=w**************r Action=Get-User-Claim-Values Target=a***n Data={"Claims":{},"Profile":"default"} Outcome=Success
TID: [-1234] [2024-06-21 08:07:15,959]  INFO {AUDIT_LOG} - Initiator=w**************r Action=Get-User-Claim-Values Target=a***n Data={"Claims":{},"Profile":"default"} Outcome=Success
TID: [-1234] [2024-06-21 08:07:15,959]  INFO {AUDIT_LOG} - Initiator=w**************r Action=Get-User-Claim-Values Target=a***n Data={"Claims":{},"Profile":"default"} Outcome=Success
TID: [-1234] [2024-06-21 08:07:17,811]  INFO {AUDIT_LOG} - GET /api/am/publisher/apis/d8bad82f-5a29-4ee4-87a9-70dd90fcfc48/client-certificates user: admin@carbon.super app: yik_omnScVr7f1g84uYNW7jBOWMa
TID: [-1234] [2024-06-21 08:07:17,839]  INFO {AUDIT_LOG} - GET /api/am/publisher/apis/d8bad82f-5a29-4ee4-87a9-70dd90fcfc48 user: admin@carbon.super app: yik_omnScVr7f1g84uYNW7jBOWMa
TID: [-1234] [2024-06-21 08:07:17,843]  INFO {AUDIT_LOG} - GET /api/am/publisher/apis/d8bad82f-5a29-4ee4-87a9-70dd90fcfc48/lifecycle-state user: admin@carbon.super app: yik_omnScVr7f1g84uYNW7jBOWMa
TID: [-1234] [2024-06-21 08:07:17,844]  INFO {AUDIT_LOG} - GET /api/am/publisher/apis/d8bad82f-5a29-4ee4-87a9-70dd90fcfc48/lifecycle-history user: admin@carbon.super app: yik_omnScVr7f1g84uYNW7jBOWMa
TID: [-1234] [2024-06-21 08:07:17,889]  INFO {AUDIT_LOG} - GET /api/am/publisher/apis/d8bad82f-5a29-4ee4-87a9-70dd90fcfc48/revisions?query=deployed%3Atrue user: admin@carbon.super app: yik_omnScVr7f1g84uYNW7jBOWMa
TID: [-1234] [2024-06-21 08:07:17,893]  INFO {AUDIT_LOG} - GET /api/am/publisher/settings user: admin@carbon.super app: yik_omnScVr7f1g84uYNW7jBOWMa
TID: [-1234] [2024-06-21 08:07:19,147]  INFO {AUDIT_LOG} - POST /api/am/publisher/apis/change-lifecycle?action=Publish&apiId=d8bad82f-5a29-4ee4-87a9-70dd90fcfc48 user: admin@carbon.super app: yik_omnScVr7f1g84uYNW7jBOWMa
TID: [-1234] [2024-06-21 08:07:19,184]  INFO {AUDIT_LOG} - {"performedBy":"admin","action":"lifecycle-changed","typ":"API","info":{"provider":"admin","name":"BankingPaymentsAPI","context":"/pay/1.0.0","version":"1.0.0"}}
TID: [-1234] [2024-06-21 08:07:19,203]  INFO {AUDIT_LOG} - GET /api/am/publisher/apis/d8bad82f-5a29-4ee4-87a9-70dd90fcfc48 user: admin@carbon.super app: yik_omnScVr7f1g84uYNW7jBOWMa
TID: [-1234] [2024-06-21 08:07:19,246]  INFO {AUDIT_LOG} - GET /api/am/publisher/apis/d8bad82f-5a29-4ee4-87a9-70dd90fcfc48/client-certificates user: admin@carbon.super app: yik_omnScVr7f1g84uYNW7jBOWMa
TID: [-1234] [2024-06-21 08:07:19,268]  INFO {AUDIT_LOG} - GET /api/am/publisher/apis/d8bad82f-5a29-4ee4-87a9-70dd90fcfc48 user: admin@carbon.super app: yik_omnScVr7f1g84uYNW7jBOWMa
TID: [-1234] [2024-06-21 08:07:19,268]  INFO {AUDIT_LOG} - GET /api/am/publisher/apis/d8bad82f-5a29-4ee4-87a9-70dd90fcfc48/lifecycle-history user: admin@carbon.super app: yik_omnScVr7f1g84uYNW7jBOWMa
TID: [-1234] [2024-06-21 08:07:19,268]  INFO {AUDIT_LOG} - GET /api/am/publisher/apis/d8bad82f-5a29-4ee4-87a9-70dd90fcfc48/lifecycle-state user: admin@carbon.super app: yik_omnScVr7f1g84uYNW7jBOWMa
TID: [-1234] [2024-06-21 08:07:19,314]  INFO {AUDIT_LOG} - GET /api/am/publisher/apis/d8bad82f-5a29-4ee4-87a9-70dd90fcfc48/revisions?query=deployed%3Atrue user: admin@carbon.super app: yik_omnScVr7f1g84uYNW7jBOWMa
TID: [-1234] [2024-06-21 08:07:19,318]  INFO {AUDIT_LOG} - GET /api/am/publisher/settings user: admin@carbon.super app: yik_omnScVr7f1g84uYNW7jBOWMa
TID: [-1234] [2024-06-21 08:07:19,892]  INFO {AUDIT_LOG} - Initiator=w**************r Action=Get-User-Claim-Values Target=a***n Data={"Claims":{},"Profile":"default"} Outcome=Success
TID: [-1234] [2024-06-21 08:07:19,892]  INFO {AUDIT_LOG} - Initiator=w**************r Action=Get-User-Claim-Values Target=a***n Data={"Claims":{},"Profile":"default"} Outcome=Success
TID: [-1234] [2024-06-21 08:07:19,892]  INFO {AUDIT_LOG} - Initiator=w**************r Action=Get-User-Claim-Values Target=a***n Data={"Claims":{},"Profile":"default"} Outcome=Success
TID: [-1234] [2024-06-21 08:07:20,975]  INFO {AUDIT_LOG} - Initiator=w**************r Action=Get-User-Claim-Values Target=a***n Data={"Claims":{},"Profile":"default"} Outcome=Success
TID: [-1234] [2024-06-21 08:07:20,975]  INFO {AUDIT_LOG} - Initiator=w**************r Action=Get-User-Claim-Values Target=a***n Data={"Claims":{},"Profile":"default"} Outcome=Success
TID: [-1234] [2024-06-21 08:07:20,975]  INFO {AUDIT_LOG} - Initiator=w**************r Action=Get-User-Claim-Values Target=a***n Data={"Claims":{},"Profile":"default"} Outcome=Success
TID: [] [2024-06-21 08:07:21,024]  INFO {AUDIT_LOG} - {"performedBy":"SYSTEM: carbon.super","action":"deployed","typ":"API","info":"d8bad82f-5a29-4ee4-87a9-70dd90fcfc48"}
TID: [-1234] [2024-06-21 08:07:21,029]  INFO {AUDIT_LOG} - Initiator=w**************r Action=Get-User-Claim-Values Target=a***n Data={"Claims":{},"Profile":"default"} Outcome=Success
TID: [-1234] [2024-06-21 08:07:21,029]  INFO {AUDIT_LOG} - Initiator=w**************r Action=Get-User-Claim-Values Target=a***n Data={"Claims":{},"Profile":"default"} Outcome=Success
TID: [-1234] [2024-06-21 08:07:21,029]  INFO {AUDIT_LOG} - Initiator=w**************r Action=Get-User-Claim-Values Target=a***n Data={"Claims":{},"Profile":"default"} Outcome=Success
TID: [-1234] [2024-06-21 08:07:25,061]  INFO {AUDIT_LOG} - GET /api/am/devportal/settings user: admin@carbon.super app: 2pqPaoyHh_3HbAvBKtJn2_lo2TUa
TID: [-1234] [2024-06-21 08:07:25,131]  INFO {AUDIT_LOG} - GET /api/am/devportal/tenants?state=active user: admin@carbon.super app: 2pqPaoyHh_3HbAvBKtJn2_lo2TUa
TID: [-1234] [2024-06-21 08:07:25,221]  INFO {AUDIT_LOG} - GET /api/am/devportal/apis?limit=10&offset=0 user: admin@carbon.super app: 2pqPaoyHh_3HbAvBKtJn2_lo2TUa
TID: [-1234] [2024-06-21 08:07:25,221]  INFO {AUDIT_LOG} - GET /api/am/devportal/api-categories user: admin@carbon.super app: 2pqPaoyHh_3HbAvBKtJn2_lo2TUa
TID: [-1234] [2024-06-21 08:07:25,221]  INFO {AUDIT_LOG} - GET /api/am/devportal/tags user: admin@carbon.super app: 2pqPaoyHh_3HbAvBKtJn2_lo2TUa
TID: [-1234] [2024-06-21 08:07:25,251]  INFO {AUDIT_LOG} - GET /api/am/devportal/apis/d8bad82f-5a29-4ee4-87a9-70dd90fcfc48/ratings user: admin@carbon.super app: 2pqPaoyHh_3HbAvBKtJn2_lo2TUa
TID: [-1234] [2024-06-21 08:07:25,251]  INFO {AUDIT_LOG} - GET /api/am/devportal/apis/d8bad82f-5a29-4ee4-87a9-70dd90fcfc48/thumbnail user: admin@carbon.super app: 2pqPaoyHh_3HbAvBKtJn2_lo2TUa
TID: [-1234] [2024-06-21 08:07:28,750]  INFO {AUDIT_LOG} - GET /api/am/devportal/applications?sortBy=name&sortOrder=asc&limit=10&offset=0 user: admin@carbon.super app: 2pqPaoyHh_3HbAvBKtJn2_lo2TUa
TID: [-1234] [2024-06-21 08:07:31,023]  INFO {AUDIT_LOG} - GET /api/am/devportal/applications/9bcdb15d-664b-499c-9a30-da6a406e8159 user: admin@carbon.super app: 2pqPaoyHh_3HbAvBKtJn2_lo2TUa
TID: [-1234] [2024-06-21 08:07:31,077]  INFO {AUDIT_LOG} - GET /api/am/devportal/applications/9bcdb15d-664b-499c-9a30-da6a406e8159 user: admin@carbon.super app: 2pqPaoyHh_3HbAvBKtJn2_lo2TUa
TID: [-1234] [2024-06-21 08:07:31,091]  INFO {AUDIT_LOG} - GET /api/am/devportal/throttling-policies/application/10PerMin user: admin@carbon.super app: 2pqPaoyHh_3HbAvBKtJn2_lo2TUa
TID: [-1234] [2024-06-21 08:07:34,732]  INFO {AUDIT_LOG} - GET /api/am/devportal/subscriptions?applicationId=9bcdb15d-664b-499c-9a30-da6a406e8159&limit=1000 user: admin@carbon.super app: 2pqPaoyHh_3HbAvBKtJn2_lo2TUa
TID: [-1234] [2024-06-21 08:07:36,049]  INFO {AUDIT_LOG} - GET /api/am/devportal/apis?limit=10&offset=0&query=status%3Apublished user: admin@carbon.super app: 2pqPaoyHh_3HbAvBKtJn2_lo2TUa
TID: [-1234] [2024-06-21 08:07:38,463]  INFO {AUDIT_LOG} - POST /api/am/devportal/subscriptions user: admin@carbon.super app: 2pqPaoyHh_3HbAvBKtJn2_lo2TUa
TID: [-1234] [2024-06-21 08:07:38,491]  INFO {AUDIT_LOG} - {"performedBy":"admin","action":"created","typ":"Subscription","info":{"application_name":"BankingApplication","tier":"Unlimited","provider":"admin","api_name":"BankingPaymentsAPI","application_id":2}}
TID: [-1234] [2024-06-21 08:07:38,496]  INFO {AUDIT_LOG} - GET /api/am/devportal/subscriptions?applicationId=9bcdb15d-664b-499c-9a30-da6a406e8159&limit=1000 user: admin@carbon.super app: 2pqPaoyHh_3HbAvBKtJn2_lo2TUa
TID: [-1234] [2024-06-21 08:07:38,496]  INFO {AUDIT_LOG} - GET /api/am/devportal/applications/9bcdb15d-664b-499c-9a30-da6a406e8159 user: admin@carbon.super app: 2pqPaoyHh_3HbAvBKtJn2_lo2TUa
TID: [] [2024-06-21 08:07:38,515]  INFO {AUDIT_LOG} - Initiator=w**************r Action=Get-User-Claim-Values Target=a***n Data={"Claims":{},"Profile":"default"} Outcome=Success
TID: [] [2024-06-21 08:07:38,515]  INFO {AUDIT_LOG} - Initiator=w**************r Action=Get-User-Claim-Values Target=a***n Data={"Claims":{},"Profile":"default"} Outcome=Success
TID: [] [2024-06-21 08:07:38,515]  INFO {AUDIT_LOG} - Initiator=w**************r Action=Get-User-Claim-Values Target=a***n Data={"Claims":{},"Profile":"default"} Outcome=Success
TID: [-1234] [2024-06-21 08:07:38,541]  INFO {AUDIT_LOG} - GET /api/am/devportal/apis/d8bad82f-5a29-4ee4-87a9-70dd90fcfc48 user: admin@carbon.super app: 2pqPaoyHh_3HbAvBKtJn2_lo2TUa
TID: [-1234] [2024-06-21 08:07:38,541]  INFO {AUDIT_LOG} - GET /api/am/devportal/apis?limit=10&offset=0&query=status%3Apublished user: admin@carbon.super app: 2pqPaoyHh_3HbAvBKtJn2_lo2TUa
TID: [-1234] [2024-06-21 08:07:38,541]  INFO {AUDIT_LOG} - GET /api/am/devportal/subscriptions/fcd2be16-52a5-4c1d-bdc3-0a9a1848dcfe user: admin@carbon.super app: 2pqPaoyHh_3HbAvBKtJn2_lo2TUa
TID: [-1234] [2024-06-21 08:07:38,549]  INFO {AUDIT_LOG} - GET /api/am/devportal/apis/d8bad82f-5a29-4ee4-87a9-70dd90fcfc48 user: admin@carbon.super app: 2pqPaoyHh_3HbAvBKtJn2_lo2TUa
TID: [-1234] [2024-06-21 08:07:38,551]  INFO {AUDIT_LOG} - GET /api/am/devportal/throttling-policies/subscription/Unlimited user: admin@carbon.super app: 2pqPaoyHh_3HbAvBKtJn2_lo2TUa
TID: [] [2024-06-21 08:08:26,288]  INFO {AUDIT_LOG} - Initiator=w**************r Action=Get-User-Claim-Values Target=a***n Data={"Claims":{},"Profile":"default"} Outcome=Success
TID: [] [2024-06-21 08:08:26,288]  INFO {AUDIT_LOG} - Initiator=w**************r Action=Get-User-Claim-Values Target=a***n Data={"Claims":{},"Profile":"default"} Outcome=Success
TID: [] [2024-06-21 08:08:26,288]  INFO {AUDIT_LOG} - Initiator=w**************r Action=Get-User-Claim-Values Target=a***n Data={"Claims":{},"Profile":"default"} Outcome=Success
TID: [] [2024-06-21 08:08:26,346]  INFO {AUDIT_LOG} - Initiator=w**************r Action=Get-User-Claim-Values Target=a***n Data={"Claims":{},"Profile":"default"} Outcome=Success
TID: [] [2024-06-21 08:08:26,346]  INFO {AUDIT_LOG} - Initiator=w**************r Action=Get-User-Claim-Values Target=a***n Data={"Claims":{},"Profile":"default"} Outcome=Success
TID: [] [2024-06-21 08:08:26,346]  INFO {AUDIT_LOG} - Initiator=w**************r Action=Get-User-Claim-Values Target=a***n Data={"Claims":{},"Profile":"default"} Outcome=Success
TID: [] [2024-06-21 08:18:30,805]  INFO {AUDIT_LOG} - Initiator=w**************r Action=Get-User-Claim-Values Target=a***n Data={"Claims":{},"Profile":"default"} Outcome=Success
TID: [] [2024-06-21 08:18:30,805]  INFO {AUDIT_LOG} - Initiator=w**************r Action=Get-User-Claim-Values Target=a***n Data={"Claims":{},"Profile":"default"} Outcome=Success
TID: [] [2024-06-21 08:18:30,805]  INFO {AUDIT_LOG} - Initiator=w**************r Action=Get-User-Claim-Values Target=a***n Data={"Claims":{},"Profile":"default"} Outcome=Success
TID: [] [2024-06-21 08:18:30,814]  INFO {AUDIT_LOG} - Initiator=w**************r Action=Get-Roles-of-User Target=a***n Data={"Filter":"*","Roles":["Internal/subscriber","Internal/creator","Internal/publisher","Internal/everyone","Internal/devops","admin","Internal/analytics","Internal/observer","Internal/integration_dev"]} Outcome=Success
