TID: [-1234] [2024-06-23 07:07:16,838]  INFO {AUDIT_LOG} - Initiator=w**************r Action=Get-User-Claim-Values Target=a***n Data={"Claims":{},"Profile":"default"} Outcome=Success
TID: [-1234] [2024-06-23 07:07:16,838]  INFO {AUDIT_LOG} - Initiator=w**************r Action=Get-User-Claim-Values Target=a***n Data={"Claims":{},"Profile":"default"} Outcome=Success
TID: [-1234] [2024-06-23 07:07:16,841]  INFO {AUDIT_LOG} - Initiator=w**************r Action=Get-User-Claim-Values Target=a***n Data={"Claims":{},"Profile":"default"} Outcome=Success
TID: [-1234] [2024-06-23 07:07:16,841]  INFO {AUDIT_LOG} - Initiator=w**************r Action=Get-User-Claim-Values Target=a***n Data={"Claims":{},"Profile":"default"} Outcome=Success
TID: [-1234] [2024-06-23 07:07:16,841]  INFO {AUDIT_LOG} - Initiator=w**************r Action=Get-User-Claim-Values Target=a***n Data={"Claims":{},"Profile":"default"} Outcome=Success
TID: [-1234] [2024-06-23 07:07:16,841]  INFO {AUDIT_LOG} - Initiator=w**************r Action=Get-User-Claim-Values Target=a***n Data={"Claims":{},"Profile":"default"} Outcome=Success
TID: [-1234] [2024-06-23 07:07:17,200]  INFO {AUDIT_LOG} - Initiator=w**************r Action=Get-User-Claim-Values Target=a***n Data={"Claims":{},"Profile":"default"} Outcome=Success
TID: [-1234] [2024-06-23 07:07:17,200]  INFO {AUDIT_LOG} - Initiator=w**************r Action=Get-User-Claim-Values Target=a***n Data={"Claims":{},"Profile":"default"} Outcome=Success
TID: [-1234] [2024-06-23 07:07:17,200]  INFO {AUDIT_LOG} - Initiator=w**************r Action=Get-User-Claim-Values Target=a***n Data={"Claims":{},"Profile":"default"} Outcome=Success
TID: [-1234] [2024-06-23 07:07:17,200]  INFO {AUDIT_LOG} - Initiator=w**************r Action=Get-User-Claim-Values Target=a***n Data={"Claims":{},"Profile":"default"} Outcome=Success
TID: [-1234] [2024-06-23 07:07:17,201]  INFO {AUDIT_LOG} - Initiator=w**************r Action=Get-User-Claim-Values Target=a***n Data={"Claims":{},"Profile":"default"} Outcome=Success
TID: [-1234] [2024-06-23 07:07:17,201]  INFO {AUDIT_LOG} - Initiator=w**************r Action=Get-User-Claim-Values Target=a***n Data={"Claims":{},"Profile":"default"} Outcome=Success
TID: [-1234] [2024-06-23 07:07:17,201]  INFO {AUDIT_LOG} - Initiator=w**************r Action=Get-User-Claim-Values Target=a***n Data={"Claims":{},"Profile":"default"} Outcome=Success
TID: [-1234] [2024-06-23 07:07:17,201]  INFO {AUDIT_LOG} - Initiator=w**************r Action=Get-User-Claim-Values Target=a***n Data={"Claims":{},"Profile":"default"} Outcome=Success
TID: [-1234] [2024-06-23 07:07:17,201]  INFO {AUDIT_LOG} - Initiator=w**************r Action=Get-User-Claim-Values Target=a***n Data={"Claims":{},"Profile":"default"} Outcome=Success
TID: [-1234] [2024-06-23 07:07:17,201]  INFO {AUDIT_LOG} - Initiator=w**************r Action=Get-User-Claim-Values Target=a***n Data={"Claims":{},"Profile":"default"} Outcome=Success
TID: [-1234] [2024-06-23 07:07:17,202]  INFO {AUDIT_LOG} - Initiator=w**************r Action=Get-User-Claim-Values Target=a***n Data={"Claims":{},"Profile":"default"} Outcome=Success
TID: [-1234] [2024-06-23 07:07:17,203]  INFO {AUDIT_LOG} - Initiator=w**************r Action=Get-User-Claim-Values Target=a***n Data={"Claims":{},"Profile":"default"} Outcome=Success
TID: [-1234] [2024-06-23 07:07:17,203]  INFO {AUDIT_LOG} - Initiator=w**************r Action=Get-User-Claim-Values Target=a***n Data={"Claims":{},"Profile":"default"} Outcome=Success
TID: [-1234] [2024-06-23 07:07:17,204]  INFO {AUDIT_LOG} - Initiator=w**************r Action=Get-User-Claim-Values Target=a***n Data={"Claims":{},"Profile":"default"} Outcome=Success
TID: [-1234] [2024-06-23 07:07:17,204]  INFO {AUDIT_LOG} - Initiator=w**************r Action=Get-User-Claim-Values Target=a***n Data={"Claims":{},"Profile":"default"} Outcome=Success
TID: [-1234] [2024-06-23 07:07:17,204]  INFO {AUDIT_LOG} - Initiator=w**************r Action=Get-User-Claim-Values Target=a***n Data={"Claims":{},"Profile":"default"} Outcome=Success
TID: [-1234] [2024-06-23 07:07:17,204]  INFO {AUDIT_LOG} - Initiator=w**************r Action=Get-User-Claim-Values Target=a***n Data={"Claims":{},"Profile":"default"} Outcome=Success
TID: [-1234] [2024-06-23 07:07:17,205]  INFO {AUDIT_LOG} - Initiator=w**************r Action=Get-User-Claim-Values Target=a***n Data={"Claims":{},"Profile":"default"} Outcome=Success
TID: [-1234] [2024-06-23 07:07:17,209]  INFO {AUDIT_LOG} - Initiator=w**************r Action=Get-User-Claim-Values Target=a***n Data={"Claims":{},"Profile":"default"} Outcome=Success
TID: [-1234] [2024-06-23 07:07:17,209]  INFO {AUDIT_LOG} - Initiator=w**************r Action=Get-User-Claim-Values Target=a***n Data={"Claims":{},"Profile":"default"} Outcome=Success
TID: [-1234] [2024-06-23 07:07:17,209]  INFO {AUDIT_LOG} - Initiator=w**************r Action=Get-User-Claim-Values Target=a***n Data={"Claims":{},"Profile":"default"} Outcome=Success
TID: [-1234] [2024-06-23 07:07:17,409]  INFO {AUDIT_LOG} - Initiator=w**************r Action=Get-User-Claim-Values Target=a***n Data={"Claims":{},"Profile":"default"} Outcome=Success
TID: [-1234] [2024-06-23 07:07:17,410]  INFO {AUDIT_LOG} - Initiator=w**************r Action=Get-User-Claim-Values Target=a***n Data={"Claims":{},"Profile":"default"} Outcome=Success
TID: [-1234] [2024-06-23 07:07:17,410]  INFO {AUDIT_LOG} - Initiator=w**************r Action=Get-User-Claim-Values Target=a***n Data={"Claims":{},"Profile":"default"} Outcome=Success
TID: [-1234] [2024-06-23 07:07:17,424]  INFO {AUDIT_LOG} - Initiator=w**************r Action=Get-User-Claim-Values Target=a***n Data={"Claims":{},"Profile":"default"} Outcome=Success
TID: [-1234] [2024-06-23 07:07:17,425]  INFO {AUDIT_LOG} - Initiator=w**************r Action=Get-User-Claim-Values Target=a***n Data={"Claims":{},"Profile":"default"} Outcome=Success
TID: [-1234] [2024-06-23 07:07:17,425]  INFO {AUDIT_LOG} - Initiator=w**************r Action=Get-User-Claim-Values Target=a***n Data={"Claims":{},"Profile":"default"} Outcome=Success
TID: [-1234] [2024-06-23 07:07:17,440]  INFO {AUDIT_LOG} - Initiator=w**************r Action=Get-User-Claim-Values Target=a***n Data={"Claims":{},"Profile":"default"} Outcome=Success
TID: [-1234] [2024-06-23 07:07:17,440]  INFO {AUDIT_LOG} - Initiator=w**************r Action=Get-User-Claim-Values Target=a***n Data={"Claims":{},"Profile":"default"} Outcome=Success
TID: [-1234] [2024-06-23 07:07:17,441]  INFO {AUDIT_LOG} - Initiator=w**************r Action=Get-User-Claim-Values Target=a***n Data={"Claims":{},"Profile":"default"} Outcome=Success
TID: [-1234] [2024-06-23 07:07:17,441]  INFO {AUDIT_LOG} - Initiator=w**************r Action=Get-User-Claim-Values Target=a***n Data={"Claims":{},"Profile":"default"} Outcome=Success
TID: [-1234] [2024-06-23 07:07:17,441]  INFO {AUDIT_LOG} - Initiator=w**************r Action=Get-User-Claim-Values Target=a***n Data={"Claims":{},"Profile":"default"} Outcome=Success
TID: [-1234] [2024-06-23 07:07:17,441]  INFO {AUDIT_LOG} - Initiator=w**************r Action=Get-User-Claim-Values Target=a***n Data={"Claims":{},"Profile":"default"} Outcome=Success
TID: [-1234] [2024-06-23 07:07:17,453]  INFO {AUDIT_LOG} - Initiator=w**************r Action=Get-User-Claim-Values Target=a***n Data={"Claims":{},"Profile":"default"} Outcome=Success
TID: [-1234] [2024-06-23 07:07:17,455]  INFO {AUDIT_LOG} - Initiator=w**************r Action=Get-User-Claim-Values Target=a***n Data={"Claims":{},"Profile":"default"} Outcome=Success
TID: [-1234] [2024-06-23 07:07:17,455]  INFO {AUDIT_LOG} - Initiator=w**************r Action=Get-User-Claim-Values Target=a***n Data={"Claims":{},"Profile":"default"} Outcome=Success
TID: [-1234] [2024-06-23 07:07:17,468]  INFO {AUDIT_LOG} - Initiator=w**************r Action=Get-User-Claim-Values Target=a***n Data={"Claims":{},"Profile":"default"} Outcome=Success
TID: [-1234] [2024-06-23 07:07:17,468]  INFO {AUDIT_LOG} - Initiator=w**************r Action=Get-User-Claim-Values Target=a***n Data={"Claims":{},"Profile":"default"} Outcome=Success
TID: [-1234] [2024-06-23 07:07:17,469]  INFO {AUDIT_LOG} - Initiator=w**************r Action=Get-User-Claim-Values Target=a***n Data={"Claims":{},"Profile":"default"} Outcome=Success
TID: [-1234] [2024-06-23 07:07:17,475]  INFO {AUDIT_LOG} - Initiator=w**************r Action=Get-User-Claim-Values Target=a***n Data={"Claims":{},"Profile":"default"} Outcome=Success
TID: [-1234] [2024-06-23 07:07:17,476]  INFO {AUDIT_LOG} - Initiator=w**************r Action=Get-User-Claim-Values Target=a***n Data={"Claims":{},"Profile":"default"} Outcome=Success
TID: [-1234] [2024-06-23 07:07:17,476]  INFO {AUDIT_LOG} - Initiator=w**************r Action=Get-User-Claim-Values Target=a***n Data={"Claims":{},"Profile":"default"} Outcome=Success
TID: [-1234] [2024-06-23 07:07:17,488]  INFO {AUDIT_LOG} - Initiator=w**************r Action=Get-User-Claim-Values Target=a***n Data={"Claims":{},"Profile":"default"} Outcome=Success
TID: [-1234] [2024-06-23 07:07:17,488]  INFO {AUDIT_LOG} - Initiator=w**************r Action=Get-User-Claim-Values Target=a***n Data={"Claims":{},"Profile":"default"} Outcome=Success
TID: [-1234] [2024-06-23 07:07:17,488]  INFO {AUDIT_LOG} - Initiator=w**************r Action=Get-User-Claim-Values Target=a***n Data={"Claims":{},"Profile":"default"} Outcome=Success
TID: [] [2024-06-23 07:07:17,540]  INFO {AUDIT_LOG} - {"performedBy":"SYSTEM: carbon.super","action":"deployed","typ":"API"}
TID: [-1234] [2024-06-23 07:07:17,541]  INFO {AUDIT_LOG} - Initiator=w**************r Action=Get-User-Claim-Values Target=a***n Data={"Claims":{},"Profile":"default"} Outcome=Success
TID: [-1234] [2024-06-23 07:07:17,542]  INFO {AUDIT_LOG} - Initiator=w**************r Action=Get-User-Claim-Values Target=a***n Data={"Claims":{},"Profile":"default"} Outcome=Success
TID: [-1234] [2024-06-23 07:07:17,542]  INFO {AUDIT_LOG} - Initiator=w**************r Action=Get-User-Claim-Values Target=a***n Data={"Claims":{},"Profile":"default"} Outcome=Success
TID: [-1234] [2024-06-23 07:07:17,552]  INFO {AUDIT_LOG} - Initiator=w**************r Action=Get-User-Claim-Values Target=a***n Data={"Claims":{},"Profile":"default"} Outcome=Success
TID: [-1234] [2024-06-23 07:07:17,553]  INFO {AUDIT_LOG} - Initiator=w**************r Action=Get-User-Claim-Values Target=a***n Data={"Claims":{},"Profile":"default"} Outcome=Success
TID: [-1234] [2024-06-23 07:07:17,553]  INFO {AUDIT_LOG} - Initiator=w**************r Action=Get-User-Claim-Values Target=a***n Data={"Claims":{},"Profile":"default"} Outcome=Success
TID: [-1234] [2024-06-23 07:07:17,559]  INFO {AUDIT_LOG} - Initiator=w**************r Action=Get-User-Claim-Values Target=a***n Data={"Claims":{},"Profile":"default"} Outcome=Success
TID: [-1234] [2024-06-23 07:07:17,560]  INFO {AUDIT_LOG} - Initiator=w**************r Action=Get-User-Claim-Values Target=a***n Data={"Claims":{},"Profile":"default"} Outcome=Success
TID: [-1234] [2024-06-23 07:07:17,560]  INFO {AUDIT_LOG} - Initiator=w**************r Action=Get-User-Claim-Values Target=a***n Data={"Claims":{},"Profile":"default"} Outcome=Success
TID: [-1234] [2024-06-23 07:07:17,569]  INFO {AUDIT_LOG} - Initiator=w**************r Action=Get-User-Claim-Values Target=a***n Data={"Claims":{},"Profile":"default"} Outcome=Success
TID: [-1234] [2024-06-23 07:07:17,569]  INFO {AUDIT_LOG} - Initiator=w**************r Action=Get-User-Claim-Values Target=a***n Data={"Claims":{},"Profile":"default"} Outcome=Success
TID: [-1234] [2024-06-23 07:07:17,569]  INFO {AUDIT_LOG} - Initiator=w**************r Action=Get-User-Claim-Values Target=a***n Data={"Claims":{},"Profile":"default"} Outcome=Success
TID: [] [2024-06-23 07:07:17,702]  INFO {AUDIT_LOG} - Initiator=w**************r Action=Get-User-Claim-Values Target=a***n Data={"Claims":{},"Profile":"default"} Outcome=Success
TID: [] [2024-06-23 07:07:17,702]  INFO {AUDIT_LOG} - Initiator=w**************r Action=Get-User-Claim-Values Target=a***n Data={"Claims":{},"Profile":"default"} Outcome=Success
TID: [] [2024-06-23 07:07:17,703]  INFO {AUDIT_LOG} - Initiator=w**************r Action=Get-User-Claim-Values Target=a***n Data={"Claims":{},"Profile":"default"} Outcome=Success
TID: [] [2024-06-23 07:07:17,714]  INFO {AUDIT_LOG} - Initiator=w**************r Action=Get-User-Claim-Values Target=a***n Data={"Claims":{},"Profile":"default"} Outcome=Success
TID: [] [2024-06-23 07:07:17,714]  INFO {AUDIT_LOG} - Initiator=w**************r Action=Get-User-Claim-Values Target=a***n Data={"Claims":{},"Profile":"default"} Outcome=Success
TID: [] [2024-06-23 07:07:17,714]  INFO {AUDIT_LOG} - Initiator=w**************r Action=Get-User-Claim-Values Target=a***n Data={"Claims":{},"Profile":"default"} Outcome=Success
TID: [] [2024-06-23 07:07:17,714]  INFO {AUDIT_LOG} - Initiator=w**************r Action=Get-User-Claim-Values Target=a***n Data={"Claims":{},"Profile":"default"} Outcome=Success
TID: [] [2024-06-23 07:07:17,715]  INFO {AUDIT_LOG} - Initiator=w**************r Action=Get-User-Claim-Values Target=a***n Data={"Claims":{},"Profile":"default"} Outcome=Success
TID: [] [2024-06-23 07:07:17,715]  INFO {AUDIT_LOG} - Initiator=w**************r Action=Get-User-Claim-Values Target=a***n Data={"Claims":{},"Profile":"default"} Outcome=Success
TID: [] [2024-06-23 07:07:17,715]  INFO {AUDIT_LOG} - Initiator=w**************r Action=Get-User-Claim-Values Target=a***n Data={"Claims":{},"Profile":"default"} Outcome=Success
TID: [] [2024-06-23 07:07:17,715]  INFO {AUDIT_LOG} - Initiator=w**************r Action=Get-User-Claim-Values Target=a***n Data={"Claims":{},"Profile":"default"} Outcome=Success
TID: [] [2024-06-23 07:07:17,715]  INFO {AUDIT_LOG} - Initiator=w**************r Action=Get-User-Claim-Values Target=a***n Data={"Claims":{},"Profile":"default"} Outcome=Success
TID: [] [2024-06-23 07:07:17,715]  INFO {AUDIT_LOG} - Initiator=w**************r Action=Get-User-Claim-Values Target=a***n Data={"Claims":{},"Profile":"default"} Outcome=Success
TID: [] [2024-06-23 07:07:17,715]  INFO {AUDIT_LOG} - Initiator=w**************r Action=Get-User-Claim-Values Target=a***n Data={"Claims":{},"Profile":"default"} Outcome=Success
TID: [] [2024-06-23 07:07:17,715]  INFO {AUDIT_LOG} - Initiator=w**************r Action=Get-User-Claim-Values Target=a***n Data={"Claims":{},"Profile":"default"} Outcome=Success
TID: [] [2024-06-23 07:07:17,718]  INFO {AUDIT_LOG} - Initiator=w**************r Action=Get-User-Claim-Values Target=a***n Data={"Claims":{},"Profile":"default"} Outcome=Success
TID: [] [2024-06-23 07:07:17,718]  INFO {AUDIT_LOG} - Initiator=w**************r Action=Get-User-Claim-Values Target=a***n Data={"Claims":{},"Profile":"default"} Outcome=Success
TID: [] [2024-06-23 07:07:17,718]  INFO {AUDIT_LOG} - Initiator=w**************r Action=Get-User-Claim-Values Target=a***n Data={"Claims":{},"Profile":"default"} Outcome=Success
TID: [] [2024-06-23 07:07:17,718]  INFO {AUDIT_LOG} - Initiator=w**************r Action=Get-User-Claim-Values Target=a***n Data={"Claims":{},"Profile":"default"} Outcome=Success
TID: [] [2024-06-23 07:07:17,718]  INFO {AUDIT_LOG} - Initiator=w**************r Action=Get-User-Claim-Values Target=a***n Data={"Claims":{},"Profile":"default"} Outcome=Success
TID: [] [2024-06-23 07:07:17,718]  INFO {AUDIT_LOG} - Initiator=w**************r Action=Get-User-Claim-Values Target=a***n Data={"Claims":{},"Profile":"default"} Outcome=Success
TID: [] [2024-06-23 07:07:17,718]  INFO {AUDIT_LOG} - Initiator=w**************r Action=Get-User-Claim-Values Target=a***n Data={"Claims":{},"Profile":"default"} Outcome=Success
TID: [] [2024-06-23 07:07:17,718]  INFO {AUDIT_LOG} - Initiator=w**************r Action=Get-User-Claim-Values Target=a***n Data={"Claims":{},"Profile":"default"} Outcome=Success
TID: [] [2024-06-23 07:07:17,718]  INFO {AUDIT_LOG} - Initiator=w**************r Action=Get-User-Claim-Values Target=a***n Data={"Claims":{},"Profile":"default"} Outcome=Success
TID: [] [2024-06-23 07:07:17,721]  INFO {AUDIT_LOG} - Initiator=w**************r Action=Get-User-Claim-Values Target=a***n Data={"Claims":{},"Profile":"default"} Outcome=Success
TID: [] [2024-06-23 07:07:17,722]  INFO {AUDIT_LOG} - Initiator=w**************r Action=Get-User-Claim-Values Target=a***n Data={"Claims":{},"Profile":"default"} Outcome=Success
TID: [] [2024-06-23 07:07:17,723]  INFO {AUDIT_LOG} - Initiator=w**************r Action=Get-User-Claim-Values Target=a***n Data={"Claims":{},"Profile":"default"} Outcome=Success
TID: [] [2024-06-23 07:07:17,724]  INFO {AUDIT_LOG} - Initiator=w**************r Action=Get-User-Claim-Values Target=a***n Data={"Claims":{},"Profile":"default"} Outcome=Success
TID: [] [2024-06-23 07:07:17,725]  INFO {AUDIT_LOG} - Initiator=w**************r Action=Get-User-Claim-Values Target=a***n Data={"Claims":{},"Profile":"default"} Outcome=Success
TID: [] [2024-06-23 07:07:17,725]  INFO {AUDIT_LOG} - Initiator=w**************r Action=Get-User-Claim-Values Target=a***n Data={"Claims":{},"Profile":"default"} Outcome=Success
TID: [] [2024-06-23 07:07:17,769]  INFO {AUDIT_LOG} - Initiator=w**************r Action=Get-User-Claim-Values Target=a***n Data={"Claims":{},"Profile":"default"} Outcome=Success
TID: [] [2024-06-23 07:07:17,769]  INFO {AUDIT_LOG} - Initiator=w**************r Action=Get-User-Claim-Values Target=a***n Data={"Claims":{},"Profile":"default"} Outcome=Success
TID: [] [2024-06-23 07:07:17,769]  INFO {AUDIT_LOG} - Initiator=w**************r Action=Get-User-Claim-Values Target=a***n Data={"Claims":{},"Profile":"default"} Outcome=Success
TID: [] [2024-06-23 07:07:17,778]  INFO {AUDIT_LOG} - Initiator=w**************r Action=Get-User-Claim-Values Target=a***n Data={"Claims":{},"Profile":"default"} Outcome=Success
TID: [] [2024-06-23 07:07:17,778]  INFO {AUDIT_LOG} - Initiator=w**************r Action=Get-User-Claim-Values Target=a***n Data={"Claims":{},"Profile":"default"} Outcome=Success
TID: [] [2024-06-23 07:07:17,778]  INFO {AUDIT_LOG} - Initiator=w**************r Action=Get-User-Claim-Values Target=a***n Data={"Claims":{},"Profile":"default"} Outcome=Success
TID: [] [2024-06-23 07:07:17,779]  INFO {AUDIT_LOG} - Initiator=w**************r Action=Get-User-Claim-Values Target=a***n Data={"Claims":{},"Profile":"default"} Outcome=Success
TID: [] [2024-06-23 07:07:17,779]  INFO {AUDIT_LOG} - Initiator=w**************r Action=Get-User-Claim-Values Target=a***n Data={"Claims":{},"Profile":"default"} Outcome=Success
TID: [] [2024-06-23 07:07:17,779]  INFO {AUDIT_LOG} - Initiator=w**************r Action=Get-User-Claim-Values Target=a***n Data={"Claims":{},"Profile":"default"} Outcome=Success
TID: [] [2024-06-23 07:07:17,780]  INFO {AUDIT_LOG} - Initiator=w**************r Action=Get-User-Claim-Values Target=a***n Data={"Claims":{},"Profile":"default"} Outcome=Success
TID: [] [2024-06-23 07:07:17,780]  INFO {AUDIT_LOG} - Initiator=w**************r Action=Get-User-Claim-Values Target=a***n Data={"Claims":{},"Profile":"default"} Outcome=Success
TID: [] [2024-06-23 07:07:17,780]  INFO {AUDIT_LOG} - Initiator=w**************r Action=Get-User-Claim-Values Target=a***n Data={"Claims":{},"Profile":"default"} Outcome=Success
TID: [] [2024-06-23 07:07:17,780]  INFO {AUDIT_LOG} - Initiator=w**************r Action=Get-User-Claim-Values Target=a***n Data={"Claims":{},"Profile":"default"} Outcome=Success
TID: [] [2024-06-23 07:07:17,780]  INFO {AUDIT_LOG} - Initiator=w**************r Action=Get-User-Claim-Values Target=a***n Data={"Claims":{},"Profile":"default"} Outcome=Success
TID: [] [2024-06-23 07:07:17,780]  INFO {AUDIT_LOG} - Initiator=w**************r Action=Get-User-Claim-Values Target=a***n Data={"Claims":{},"Profile":"default"} Outcome=Success
TID: [] [2024-06-23 07:07:17,780]  INFO {AUDIT_LOG} - Initiator=w**************r Action=Get-User-Claim-Values Target=a***n Data={"Claims":{},"Profile":"default"} Outcome=Success
TID: [] [2024-06-23 07:07:17,781]  INFO {AUDIT_LOG} - Initiator=w**************r Action=Get-User-Claim-Values Target=a***n Data={"Claims":{},"Profile":"default"} Outcome=Success
TID: [] [2024-06-23 07:07:17,781]  INFO {AUDIT_LOG} - Initiator=w**************r Action=Get-User-Claim-Values Target=a***n Data={"Claims":{},"Profile":"default"} Outcome=Success
TID: [] [2024-06-23 07:07:17,783]  INFO {AUDIT_LOG} - Initiator=w**************r Action=Get-User-Claim-Values Target=a***n Data={"Claims":{},"Profile":"default"} Outcome=Success
TID: [] [2024-06-23 07:07:17,783]  INFO {AUDIT_LOG} - Initiator=w**************r Action=Get-User-Claim-Values Target=a***n Data={"Claims":{},"Profile":"default"} Outcome=Success
TID: [] [2024-06-23 07:07:17,784]  INFO {AUDIT_LOG} - Initiator=w**************r Action=Get-User-Claim-Values Target=a***n Data={"Claims":{},"Profile":"default"} Outcome=Success
TID: [] [2024-06-23 07:07:17,784]  INFO {AUDIT_LOG} - Initiator=w**************r Action=Get-User-Claim-Values Target=a***n Data={"Claims":{},"Profile":"default"} Outcome=Success
TID: [] [2024-06-23 07:07:17,784]  INFO {AUDIT_LOG} - Initiator=w**************r Action=Get-User-Claim-Values Target=a***n Data={"Claims":{},"Profile":"default"} Outcome=Success
TID: [] [2024-06-23 07:07:17,784]  INFO {AUDIT_LOG} - Initiator=w**************r Action=Get-User-Claim-Values Target=a***n Data={"Claims":{},"Profile":"default"} Outcome=Success
TID: [] [2024-06-23 07:07:17,795]  INFO {AUDIT_LOG} - Initiator=w**************r Action=Get-User-Claim-Values Target=a***n Data={"Claims":{},"Profile":"default"} Outcome=Success
TID: [] [2024-06-23 07:07:17,795]  INFO {AUDIT_LOG} - Initiator=w**************r Action=Get-User-Claim-Values Target=a***n Data={"Claims":{},"Profile":"default"} Outcome=Success
TID: [] [2024-06-23 07:07:17,796]  INFO {AUDIT_LOG} - Initiator=w**************r Action=Get-User-Claim-Values Target=a***n Data={"Claims":{},"Profile":"default"} Outcome=Success
TID: [] [2024-06-23 07:07:17,842]  INFO {AUDIT_LOG} - Initiator=w**************r Action=Get-Roles-of-User Target=a***n Data={"Filter":"*","Roles":["Internal/subscriber","Internal/creator","Internal/publisher","Internal/everyone","Internal/devops","admin","Internal/analytics","Internal/observer","Internal/integration_dev"]} Outcome=Success
TID: [] [2024-06-23 07:07:18,264]  INFO {AUDIT_LOG} - {"performedBy":"SYSTEM: carbon.super","action":"deployed","typ":"API","info":"d8bad82f-5a29-4ee4-87a9-70dd90fcfc48"}
TID: [-1234] [2024-06-23 07:07:18,551]  INFO {AUDIT_LOG} - Initiator=w**************r Action=Get-User-Claim-Values Target=a***n Data={"Claims":{},"Profile":"default"} Outcome=Success
TID: [-1234] [2024-06-23 07:07:18,551]  INFO {AUDIT_LOG} - Initiator=w**************r Action=Get-User-Claim-Values Target=a***n Data={"Claims":{},"Profile":"default"} Outcome=Success
TID: [-1234] [2024-06-23 07:07:18,551]  INFO {AUDIT_LOG} - Initiator=w**************r Action=Get-User-Claim-Values Target=a***n Data={"Claims":{},"Profile":"default"} Outcome=Success
TID: [-1234] [2024-06-23 07:07:18,552]  INFO {AUDIT_LOG} - Initiator=w**************r Action=Get-User-Claim-Values Target=a***n Data={"Claims":{},"Profile":"default"} Outcome=Success
TID: [-1234] [2024-06-23 07:07:18,552]  INFO {AUDIT_LOG} - Initiator=w**************r Action=Get-User-Claim-Values Target=a***n Data={"Claims":{},"Profile":"default"} Outcome=Success
TID: [-1234] [2024-06-23 07:07:18,552]  INFO {AUDIT_LOG} - Initiator=w**************r Action=Get-User-Claim-Values Target=a***n Data={"Claims":{},"Profile":"default"} Outcome=Success
TID: [-1234] [2024-06-23 07:07:18,552]  INFO {AUDIT_LOG} - Initiator=w**************r Action=Get-User-Claim-Values Target=a***n Data={"Claims":{},"Profile":"default"} Outcome=Success
TID: [-1234] [2024-06-23 07:07:18,552]  INFO {AUDIT_LOG} - Initiator=w**************r Action=Get-User-Claim-Values Target=a***n Data={"Claims":{},"Profile":"default"} Outcome=Success
TID: [-1234] [2024-06-23 07:07:18,552]  INFO {AUDIT_LOG} - Initiator=w**************r Action=Get-User-Claim-Values Target=a***n Data={"Claims":{},"Profile":"default"} Outcome=Success
TID: [-1234] [2024-06-23 07:08:11,231]  INFO {AUDIT_LOG} - Initiator=w**************r Action=Get-User-Claim-Values Target=a***n Data={"Claims":{},"Profile":"default"} Outcome=Success
TID: [-1234] [2024-06-23 07:08:11,232]  INFO {AUDIT_LOG} - Initiator=w**************r Action=Get-User-Claim-Values Target=a***n Data={"Claims":{},"Profile":"default"} Outcome=Success
TID: [-1234] [2024-06-23 07:08:11,232]  INFO {AUDIT_LOG} - Initiator=w**************r Action=Get-User-Claim-Values Target=a***n Data={"Claims":{},"Profile":"default"} Outcome=Success
TID: [-1234] [2024-06-23 07:08:11,243]  INFO {AUDIT_LOG} - 'admin@carbon.super [-1234]' logged in at [2024-06-23 07:08:11,243+0530]
TID: [-1234] [2024-06-23 07:08:43,986]  INFO {AUDIT_LOG} - Initiator : 7943e104-b44d-4c6e-8534-6cb31d25ce77 | Action : Update-Application | Target : c0271c7e-6e60-4d84-bed8-d2317bb86574 | Data : { Changed-State : { Name:apim_publisher, Description:Service Provider for application apim_publisher, Resource ID:c0271c7e-6e60-4d84-bed8-d2317bb86574, Access URL:, Is Discoverable:false, Is SaaS:true, Inbound Authentication Configs:[{Auth Key:y**************************a, Auth Type:oauth2, Config Type:null, Inbound configuration:null}], Local and Outbound Configuration:{Auth Type:default}, Claim Configuration:{User Claim URI:null, Role Claim URI:}, Inbound Provisioning Configuration:{Provisioning Userstore:, Is Dumb Mode:false}, Outbound Provisioning Configuration:{}, Service Provider Properties:[{isManagementApp:false}, {TokenType:DEFAULT}, {skipLogoutConsent:true}, {USE_DOMAIN_IN_ROLES:true}, {DisplayName:apim_publisher}, {skipConsent:true}, {logoutReturnUrl:.*}, {jwksURI:}, {templateId:}, {orgId:carbon.super}] } } | Result : Success 
TID: [-1234] [2024-06-23 07:08:55,672]  INFO {AUDIT_LOG} - Initiator=w**************r Action=Get-User-List Target=null Data={"ServiceProviderName":"apim_publisher","Claim Value":"a***n","Users":["a***n"],"Claim":"http://wso2.org/claims/username"} Outcome=Success
TID: [-1234] [2024-06-23 07:08:55,680]  INFO {AUDIT_LOG} - Initiator=w**************r Action=Get-User-Claim-Values Target=a***n Data={"ServiceProviderName":"apim_publisher","Claims":{},"Profile":"default"} Outcome=Success
TID: [-1234] [2024-06-23 07:08:55,680]  INFO {AUDIT_LOG} - Initiator=w**************r Action=Get-User-Claim-Values Target=a***n Data={"ServiceProviderName":"apim_publisher","Claims":{},"Profile":"default"} Outcome=Success
TID: [-1234] [2024-06-23 07:08:55,680]  INFO {AUDIT_LOG} - Initiator=w**************r Action=Get-User-Claim-Values Target=a***n Data={"ServiceProviderName":"apim_publisher","Claims":{},"Profile":"default"} Outcome=Success
TID: [-1234] [2024-06-23 07:08:55,684]  INFO {AUDIT_LOG} - Initiator : a***n | Action : LoginStepSuccess | Target : ApplicationAuthenticationFramework | Data : { "ContextIdentifier" : "7c979abd-456e-4e44-b748-bdc0730019de","AuthenticatedUser" : "a***n","AuthenticatedUserTenantDomain" : "carbon.super","ServiceProviderName" : "apim_publisher","RequestType" : "oidc","RelyingParty" : "yik_omnScVr7f1g84uYNW7jBOWMa","AuthenticatedIdP" : "LOCAL","User Agent" : "null","RemoteAddress" : "null","UserStoreDomain" : "PRIMARY" } | Result : Success 
TID: [-1234] [2024-06-23 07:08:55,687]  INFO {AUDIT_LOG} - Initiator : a****************r | Action : Authenticate | Target : ApplicationAuthenticationFramework | Data : { Step: 1, IDP: LOCAL, Authenticator:BasicAuthenticator } | Result : Success 
TID: [-1234] [2024-06-23 07:08:55,690]  INFO {AUDIT_LOG} - Initiator=w**************r Action=Get-User-Claim-Values Target=a***n Data={"ServiceProviderName":"apim_publisher","Claims":{"http://wso2.org/claims/username":"a***n","http://wso2.org/claims/userid":"7943e104-b44d-4c6e-8534-6cb31d25ce77","http://wso2.org/claims/role":"I***********************************************************************************************************************************************************v","http://wso2.org/claims/userprincipal":"a***n"}} Outcome=Success
TID: [-1234] [2024-06-23 07:08:55,736]  INFO {AUDIT_LOG} - Initiator : 7943e104-b44d-4c6e-8534-6cb31d25ce77 | Action : StoreSession | Data : { {"traceId":"2b8feaba-45e9-4940-8193-54b0e4a9b456","RememberMe":false,"sessionContextId":"1842aa06da5f3617fc9f19837e2fbb0678012e63e49d78fd03a555e232689311","AuthenticatedUserTenantDomain":"carbon.super","AuthenticatedUser":"a***n","LastAccessedTimestamp":1719106735694} } | Result : Success 
TID: [-1234] [2024-06-23 07:08:55,750]  INFO {AUDIT_LOG} - Initiator : 7943e104-b44d-4c6e-8534-6cb31d25ce77 | Action : Login | Target : ApplicationAuthenticationFramework | Data : { "ContextIdentifier" : "7c979abd-456e-4e44-b748-bdc0730019de","AuthenticatedUser" : "a***n","AuthenticatedUserTenantDomain" : "carbon.super","ServiceProviderName" : "apim_publisher","RequestType" : "oidc","RelyingParty" : "yik_omnScVr7f1g84uYNW7jBOWMa","AuthenticatedIdPs" : "eyJ0eXAiOiJKV1QiLCJhbGciOiJIUzI1NiJ9.eyJpc3MiOiJ3c28yIiwiZXhwIjoxNzE5MTA2NzM4Njg3LCJpYXQiOjE3MTkxMDY3MzU2ODcsImlkcHMiOlt7ImlkcCI6IkxPQ0FMIiwiYXV0aGVudGljYXRvciI6IkJhc2ljQXV0aGVudGljYXRvciJ9XX0.epu3Sd2NNgqm9tv6xTbWc461kraZkKX4pdj1dRBtuFU","User Agent" : "null","RemoteAddress" : "null","UserStoreDomain" : "PRIMARY" } | Result : Success 
TID: [-1234] [2024-06-23 07:08:56,119]  INFO {AUDIT_LOG} - Initiator=w**************r Action=Get-User-List Target=null Data={"Claim Value":"a***n","Users":["a***n"],"Claim":"http://wso2.org/claims/username"} Outcome=Success
TID: [-1234] [2024-06-23 07:08:56,122]  INFO {AUDIT_LOG} - Initiator=w**************r Action=Get-User-Claim-Values Target=a***n Data={"Claims":{},"Profile":"default"} Outcome=Success
TID: [-1234] [2024-06-23 07:08:56,122]  INFO {AUDIT_LOG} - Initiator=w**************r Action=Get-User-Claim-Values Target=a***n Data={"Claims":{},"Profile":"default"} Outcome=Success
TID: [-1234] [2024-06-23 07:08:56,122]  INFO {AUDIT_LOG} - Initiator=w**************r Action=Get-User-Claim-Values Target=a***n Data={"Claims":{},"Profile":"default"} Outcome=Success
TID: [-1234] [2024-06-23 07:08:56,670]  INFO {AUDIT_LOG} - GET /api/am/publisher/settings user: admin@carbon.super app: yik_omnScVr7f1g84uYNW7jBOWMa
TID: [-1234] [2024-06-23 07:08:56,670]  INFO {AUDIT_LOG} - GET /api/am/publisher/apis?limit=10&offset=0 user: admin@carbon.super app: yik_omnScVr7f1g84uYNW7jBOWMa
TID: [-1234] [2024-06-23 07:08:59,238]  INFO {AUDIT_LOG} - GET /api/am/publisher/tenants?state=active user: admin@carbon.super app: yik_omnScVr7f1g84uYNW7jBOWMa
TID: [-1234] [2024-06-23 07:08:59,249]  INFO {AUDIT_LOG} - GET /api/am/publisher/apis/d8bad82f-5a29-4ee4-87a9-70dd90fcfc48 user: admin@carbon.super app: yik_omnScVr7f1g84uYNW7jBOWMa
TID: [-1234] [2024-06-23 07:08:59,424]  INFO {AUDIT_LOG} - GET /api/am/publisher/apis/d8bad82f-5a29-4ee4-87a9-70dd90fcfc48/revisions user: admin@carbon.super app: yik_omnScVr7f1g84uYNW7jBOWMa
TID: [-1234] [2024-06-23 07:08:59,424]  INFO {AUDIT_LOG} - GET /api/am/publisher/apis/d8bad82f-5a29-4ee4-87a9-70dd90fcfc48/swagger user: admin@carbon.super app: yik_omnScVr7f1g84uYNW7jBOWMa
TID: [-1234] [2024-06-23 07:08:59,425]  INFO {AUDIT_LOG} - GET /api/am/publisher/apis/d8bad82f-5a29-4ee4-87a9-70dd90fcfc48/revisions?query=deployed%3Atrue user: admin@carbon.super app: yik_omnScVr7f1g84uYNW7jBOWMa
TID: [-1234] [2024-06-23 07:08:59,470]  INFO {AUDIT_LOG} - GET /api/am/publisher/apis/d8bad82f-5a29-4ee4-87a9-70dd90fcfc48/revisions?query=deployed%3Atrue user: admin@carbon.super app: yik_omnScVr7f1g84uYNW7jBOWMa
TID: [-1234] [2024-06-23 07:08:59,505]  INFO {AUDIT_LOG} - GET /api/am/publisher/apis/d8bad82f-5a29-4ee4-87a9-70dd90fcfc48/swagger user: admin@carbon.super app: yik_omnScVr7f1g84uYNW7jBOWMa
TID: [-1234] [2024-06-23 07:08:59,505]  INFO {AUDIT_LOG} - GET /api/am/publisher/apis/d8bad82f-5a29-4ee4-87a9-70dd90fcfc48/revisions?query=deployed%3Atrue user: admin@carbon.super app: yik_omnScVr7f1g84uYNW7jBOWMa
TID: [-1234] [2024-06-23 07:08:59,545]  INFO {AUDIT_LOG} - GET /api/am/publisher/apis/d8bad82f-5a29-4ee4-87a9-70dd90fcfc48/swagger user: admin@carbon.super app: yik_omnScVr7f1g84uYNW7jBOWMa
TID: [-1234] [2024-06-23 07:08:59,545]  INFO {AUDIT_LOG} - GET /api/am/publisher/apis/d8bad82f-5a29-4ee4-87a9-70dd90fcfc48/revisions?query=deployed%3Atrue user: admin@carbon.super app: yik_omnScVr7f1g84uYNW7jBOWMa
TID: [-1234] [2024-06-23 07:09:01,728]  INFO {AUDIT_LOG} - GET /api/am/publisher/apis/d8bad82f-5a29-4ee4-87a9-70dd90fcfc48/swagger user: admin@carbon.super app: yik_omnScVr7f1g84uYNW7jBOWMa
TID: [-1234] [2024-06-23 07:09:01,728]  INFO {AUDIT_LOG} - GET /api/am/publisher/apis/d8bad82f-5a29-4ee4-87a9-70dd90fcfc48/deployments user: admin@carbon.super app: yik_omnScVr7f1g84uYNW7jBOWMa
TID: [-1234] [2024-06-23 07:09:01,739]  INFO {AUDIT_LOG} - POST /api/am/publisher/apis/d8bad82f-5a29-4ee4-87a9-70dd90fcfc48/generate-key user: admin@carbon.super app: yik_omnScVr7f1g84uYNW7jBOWMa
TID: [-1234] [2024-06-23 07:09:16,252]  INFO {AUDIT_LOG} - GET /api/am/publisher/apis/d8bad82f-5a29-4ee4-87a9-70dd90fcfc48/asyncapi user: admin@carbon.super app: yik_omnScVr7f1g84uYNW7jBOWMa
TID: [-1234] [2024-06-23 07:09:52,248]  INFO {AUDIT_LOG} - GET /api/am/publisher/apis/d8bad82f-5a29-4ee4-87a9-70dd90fcfc48/swagger user: admin@carbon.super app: yik_omnScVr7f1g84uYNW7jBOWMa
TID: [-1234] [2024-06-23 07:09:52,252]  INFO {AUDIT_LOG} - GET /api/am/publisher/endpoint-certificates?endpoint=http%3A%2F%2Fwso2mi-service%3A8290%2Fpay user: admin@carbon.super app: yik_omnScVr7f1g84uYNW7jBOWMa
TID: [-1234] [2024-06-23 07:10:27,051]  INFO {AUDIT_LOG} - GET /api/am/publisher/apis/d8bad82f-5a29-4ee4-87a9-70dd90fcfc48/asyncapi user: admin@carbon.super app: yik_omnScVr7f1g84uYNW7jBOWMa
TID: [-1234] [2024-06-23 07:10:32,181]  INFO {AUDIT_LOG} - POST /api/am/publisher/apis/d8bad82f-5a29-4ee4-87a9-70dd90fcfc48/undeploy-revision?revisionId=a6a0d0c1-b6d5-4daa-9240-2716ad960140 user: admin@carbon.super app: yik_omnScVr7f1g84uYNW7jBOWMa
TID: [] [2024-06-23 07:10:32,233]  INFO {AUDIT_LOG} - Initiator=w**************r Action=Get-User-Claim-Values Target=a***n Data={"Claims":{},"Profile":"default"} Outcome=Success
TID: [] [2024-06-23 07:10:32,234]  INFO {AUDIT_LOG} - Initiator=w**************r Action=Get-User-Claim-Values Target=a***n Data={"Claims":{},"Profile":"default"} Outcome=Success
TID: [] [2024-06-23 07:10:32,234]  INFO {AUDIT_LOG} - Initiator=w**************r Action=Get-User-Claim-Values Target=a***n Data={"Claims":{},"Profile":"default"} Outcome=Success
TID: [-1234] [2024-06-23 07:10:32,300]  INFO {AUDIT_LOG} - GET /api/am/publisher/apis/d8bad82f-5a29-4ee4-87a9-70dd90fcfc48/revisions user: admin@carbon.super app: yik_omnScVr7f1g84uYNW7jBOWMa
TID: [-1234] [2024-06-23 07:10:32,300]  INFO {AUDIT_LOG} - GET /api/am/publisher/apis/d8bad82f-5a29-4ee4-87a9-70dd90fcfc48/revisions?query=deployed%3Atrue user: admin@carbon.super app: yik_omnScVr7f1g84uYNW7jBOWMa
TID: [-1234] [2024-06-23 07:10:32,333]  INFO {AUDIT_LOG} - GET /api/am/publisher/apis/d8bad82f-5a29-4ee4-87a9-70dd90fcfc48/asyncapi user: admin@carbon.super app: yik_omnScVr7f1g84uYNW7jBOWMa
TID: [] [2024-06-23 07:10:32,355]  INFO {AUDIT_LOG} - Initiator=w**************r Action=Get-User-Claim-Values Target=a***n Data={"Claims":{},"Profile":"default"} Outcome=Success
TID: [] [2024-06-23 07:10:32,355]  INFO {AUDIT_LOG} - Initiator=w**************r Action=Get-User-Claim-Values Target=a***n Data={"Claims":{},"Profile":"default"} Outcome=Success
TID: [] [2024-06-23 07:10:32,355]  INFO {AUDIT_LOG} - Initiator=w**************r Action=Get-User-Claim-Values Target=a***n Data={"Claims":{},"Profile":"default"} Outcome=Success
TID: [-1234] [2024-06-23 07:10:32,424]  INFO {AUDIT_LOG} - GET /api/am/publisher/apis/d8bad82f-5a29-4ee4-87a9-70dd90fcfc48/asyncapi user: admin@carbon.super app: yik_omnScVr7f1g84uYNW7jBOWMa
TID: [] [2024-06-23 07:10:32,574]  INFO {AUDIT_LOG} - {"performedBy":"SYSTEM: carbon.super","action":"undeployed","typ":"API","info":"d8bad82f-5a29-4ee4-87a9-70dd90fcfc48"}
TID: [-1234] [2024-06-23 07:10:45,320]  INFO {AUDIT_LOG} - DELETE /api/am/publisher/apis/d8bad82f-5a29-4ee4-87a9-70dd90fcfc48/revisions/a6a0d0c1-b6d5-4daa-9240-2716ad960140 user: admin@carbon.super app: yik_omnScVr7f1g84uYNW7jBOWMa
TID: [-1234] [2024-06-23 07:10:45,403]  INFO {AUDIT_LOG} - GET /api/am/publisher/apis/d8bad82f-5a29-4ee4-87a9-70dd90fcfc48/revisions user: admin@carbon.super app: yik_omnScVr7f1g84uYNW7jBOWMa
TID: [-1234] [2024-06-23 07:10:45,435]  INFO {AUDIT_LOG} - GET /api/am/publisher/apis/d8bad82f-5a29-4ee4-87a9-70dd90fcfc48/asyncapi user: admin@carbon.super app: yik_omnScVr7f1g84uYNW7jBOWMa
TID: [-1234] [2024-06-23 07:10:45,546]  INFO {AUDIT_LOG} - GET /api/am/publisher/apis/d8bad82f-5a29-4ee4-87a9-70dd90fcfc48/asyncapi user: admin@carbon.super app: yik_omnScVr7f1g84uYNW7jBOWMa
TID: [-1234] [2024-06-23 07:11:03,495]  INFO {AUDIT_LOG} - POST /api/am/publisher/apis/d8bad82f-5a29-4ee4-87a9-70dd90fcfc48/revisions user: admin@carbon.super app: yik_omnScVr7f1g84uYNW7jBOWMa
TID: [-1234] [2024-06-23 07:11:03,602]  INFO {AUDIT_LOG} - POST /api/am/publisher/apis/d8bad82f-5a29-4ee4-87a9-70dd90fcfc48/deploy-revision?revisionId=1c1f8c56-a42b-41fb-b1f6-4c7230120691 user: admin@carbon.super app: yik_omnScVr7f1g84uYNW7jBOWMa
TID: [] [2024-06-23 07:11:03,638]  INFO {AUDIT_LOG} - Initiator=w**************r Action=Get-User-Claim-Values Target=a***n Data={"Claims":{},"Profile":"default"} Outcome=Success
TID: [] [2024-06-23 07:11:03,638]  INFO {AUDIT_LOG} - Initiator=w**************r Action=Get-User-Claim-Values Target=a***n Data={"Claims":{},"Profile":"default"} Outcome=Success
TID: [] [2024-06-23 07:11:03,638]  INFO {AUDIT_LOG} - Initiator=w**************r Action=Get-User-Claim-Values Target=a***n Data={"Claims":{},"Profile":"default"} Outcome=Success
TID: [-1234] [2024-06-23 07:11:03,681]  INFO {AUDIT_LOG} - GET /api/am/publisher/apis/d8bad82f-5a29-4ee4-87a9-70dd90fcfc48/revisions user: admin@carbon.super app: yik_omnScVr7f1g84uYNW7jBOWMa
TID: [-1234] [2024-06-23 07:11:03,681]  INFO {AUDIT_LOG} - GET /api/am/publisher/apis/d8bad82f-5a29-4ee4-87a9-70dd90fcfc48/revisions?query=deployed%3Atrue user: admin@carbon.super app: yik_omnScVr7f1g84uYNW7jBOWMa
TID: [-1234] [2024-06-23 07:11:03,715]  INFO {AUDIT_LOG} - GET /api/am/publisher/apis/d8bad82f-5a29-4ee4-87a9-70dd90fcfc48/asyncapi user: admin@carbon.super app: yik_omnScVr7f1g84uYNW7jBOWMa
TID: [-1234] [2024-06-23 07:11:03,785]  INFO {AUDIT_LOG} - GET /api/am/publisher/apis/d8bad82f-5a29-4ee4-87a9-70dd90fcfc48/asyncapi user: admin@carbon.super app: yik_omnScVr7f1g84uYNW7jBOWMa
TID: [-1234] [2024-06-23 07:11:04,664]  INFO {AUDIT_LOG} - Initiator=w**************r Action=Get-User-Claim-Values Target=a***n Data={"Claims":{},"Profile":"default"} Outcome=Success
TID: [-1234] [2024-06-23 07:11:04,665]  INFO {AUDIT_LOG} - Initiator=w**************r Action=Get-User-Claim-Values Target=a***n Data={"Claims":{},"Profile":"default"} Outcome=Success
TID: [-1234] [2024-06-23 07:11:04,665]  INFO {AUDIT_LOG} - Initiator=w**************r Action=Get-User-Claim-Values Target=a***n Data={"Claims":{},"Profile":"default"} Outcome=Success
TID: [-1234] [2024-06-23 07:11:09,697]  INFO {AUDIT_LOG} - Initiator=w**************r Action=Get-User-Claim-Values Target=a***n Data={"Claims":{},"Profile":"default"} Outcome=Success
TID: [-1234] [2024-06-23 07:11:09,698]  INFO {AUDIT_LOG} - Initiator=w**************r Action=Get-User-Claim-Values Target=a***n Data={"Claims":{},"Profile":"default"} Outcome=Success
TID: [-1234] [2024-06-23 07:11:09,698]  INFO {AUDIT_LOG} - Initiator=w**************r Action=Get-User-Claim-Values Target=a***n Data={"Claims":{},"Profile":"default"} Outcome=Success
TID: [] [2024-06-23 07:11:09,752]  INFO {AUDIT_LOG} - {"performedBy":"SYSTEM: carbon.super","action":"deployed","typ":"API","info":"d8bad82f-5a29-4ee4-87a9-70dd90fcfc48"}
TID: [-1234] [2024-06-23 07:11:09,759]  INFO {AUDIT_LOG} - Initiator=w**************r Action=Get-User-Claim-Values Target=a***n Data={"Claims":{},"Profile":"default"} Outcome=Success
TID: [-1234] [2024-06-23 07:11:09,759]  INFO {AUDIT_LOG} - Initiator=w**************r Action=Get-User-Claim-Values Target=a***n Data={"Claims":{},"Profile":"default"} Outcome=Success
TID: [-1234] [2024-06-23 07:11:09,759]  INFO {AUDIT_LOG} - Initiator=w**************r Action=Get-User-Claim-Values Target=a***n Data={"Claims":{},"Profile":"default"} Outcome=Success
TID: [-1234] [2024-06-23 07:11:34,956]  INFO {AUDIT_LOG} - GET /api/am/publisher/key-managers user: admin@carbon.super app: yik_omnScVr7f1g84uYNW7jBOWMa
TID: [-1234] [2024-06-23 07:11:34,956]  INFO {AUDIT_LOG} - GET /api/am/publisher/apis/d8bad82f-5a29-4ee4-87a9-70dd90fcfc48/client-certificates user: admin@carbon.super app: yik_omnScVr7f1g84uYNW7jBOWMa
TID: [-1234] [2024-06-23 07:11:35,013]  INFO {AUDIT_LOG} - GET /api/am/publisher/key-managers user: admin@carbon.super app: yik_omnScVr7f1g84uYNW7jBOWMa
TID: [-1234] [2024-06-23 07:11:37,386]  INFO {AUDIT_LOG} - GET /api/am/publisher/apis/d8bad82f-5a29-4ee4-87a9-70dd90fcfc48/swagger user: admin@carbon.super app: yik_omnScVr7f1g84uYNW7jBOWMa
TID: [-1234] [2024-06-23 07:11:37,386]  INFO {AUDIT_LOG} - GET /api/am/publisher/endpoint-certificates?endpoint=http%3A%2F%2Fwso2mi-service%3A8290%2Fpay user: admin@carbon.super app: yik_omnScVr7f1g84uYNW7jBOWMa
TID: [-1234] [2024-06-23 07:12:02,645]  INFO {AUDIT_LOG} - Initiator : 7943e104-b44d-4c6e-8534-6cb31d25ce77 | Action : Update-Application | Target : c0271c7e-6e60-4d84-bed8-d2317bb86574 | Data : { Changed-State : { Name:apim_publisher, Description:Service Provider for application apim_publisher, Resource ID:c0271c7e-6e60-4d84-bed8-d2317bb86574, Access URL:, Is Discoverable:false, Is SaaS:true, Inbound Authentication Configs:[{Auth Key:y**************************a, Auth Type:oauth2, Config Type:null, Inbound configuration:null}], Local and Outbound Configuration:{Auth Type:default}, Claim Configuration:{User Claim URI:null, Role Claim URI:}, Inbound Provisioning Configuration:{Provisioning Userstore:, Is Dumb Mode:false}, Outbound Provisioning Configuration:{}, Service Provider Properties:[{isManagementApp:false}, {TokenType:DEFAULT}, {skipLogoutConsent:true}, {USE_DOMAIN_IN_ROLES:true}, {DisplayName:apim_publisher}, {skipConsent:true}, {logoutReturnUrl:.*}, {jwksURI:}, {templateId:}, {orgId:carbon.super}] } } | Result : Success 
