TID: [] [] [2024-06-20 10:56:59,864] []  INFO {org.wso2.carbon.identity.application.authentication.framework.store.SessionCleanUpService} - Session Data cleanup task is running successfully for removing expired Data
TID: [] [] [2024-06-20 10:56:59,864] []  INFO {org.wso2.carbon.identity.application.authentication.framework.store.PushedAuthReqCleanupService} - Pushed authorization request cleanup task is running successfully for removing expired requests
TID: [] [] [2024-06-20 10:59:21,177] []  INFO {org.wso2.carbon.core.init.CarbonServerManager} - Shutdown hook triggered....
TID: [] [] [2024-06-20 10:59:21,178] []  INFO {org.wso2.carbon.core.init.CarbonServerManager} - Gracefully shutting down WSO2 Identity Server...
TID: [] [] [2024-06-20 10:59:21,180] []  INFO {org.wso2.carbon.core.ServerManagement} - Starting to switch to maintenance mode...
TID: [] [] [2024-06-20 10:59:21,181] []  INFO {org.wso2.carbon.core.ServerManagement} - Stopped all transport listeners
TID: [] [] [2024-06-20 10:59:21,181] []  INFO {org.wso2.carbon.core.ServerManagement} - Waiting for request service completion...
TID: [] [] [2024-06-20 10:59:21,189] []  INFO {org.wso2.carbon.core.ServerManagement} - All requests have been served.
TID: [] [] [2024-06-20 10:59:21,189] []  INFO {org.wso2.carbon.core.ServerManagement} - Waiting for deployment completion...
TID: [] [] [2024-06-20 10:59:21,284] []  INFO {org.wso2.carbon.webapp.mgt.WebApplication} - Unloaded webapp: StandardEngine[Catalina].StandardHost[localhost].StandardContext[/scim2]
TID: [] [] [2024-06-20 10:59:21,300] []  INFO {org.wso2.carbon.webapp.mgt.WebApplication} - Unloaded webapp: StandardEngine[Catalina].StandardHost[localhost].StandardContext[/x509certificateauthenticationendpoint]
TID: [] [] [2024-06-20 10:59:21,310] []  INFO {org.wso2.carbon.webapp.mgt.WebApplication} - Unloaded webapp: StandardEngine[Catalina].StandardHost[localhost].StandardContext[/myaccount]
TID: [] [] [2024-06-20 10:59:21,330] []  INFO {org.wso2.carbon.webapp.mgt.WebApplication} - Unloaded webapp: StandardEngine[Catalina].StandardHost[localhost].StandardContext[/oauth2]
TID: [] [] [2024-06-20 10:59:21,354] []  INFO {org.wso2.carbon.webapp.mgt.WebApplication} - Unloaded webapp: StandardEngine[Catalina].StandardHost[localhost].StandardContext[/authenticationendpoint]
TID: [] [] [2024-06-20 10:59:21,373] []  INFO {org.wso2.carbon.webapp.mgt.WebApplication} - Unloaded webapp: StandardEngine[Catalina].StandardHost[localhost].StandardContext[/api/health-check/v1.0]
TID: [] [] [2024-06-20 10:59:21,380] []  INFO {org.wso2.carbon.webapp.mgt.WebApplication} - Unloaded webapp: StandardEngine[Catalina].StandardHost[localhost].StandardContext[/mex]
TID: [] [] [2024-06-20 10:59:21,392] []  INFO {org.wso2.carbon.webapp.mgt.WebApplication} - Unloaded webapp: StandardEngine[Catalina].StandardHost[localhost].StandardContext[/wso2]
TID: [] [] [2024-06-20 10:59:21,399] []  INFO {org.wso2.carbon.webapp.mgt.WebApplication} - Unloaded webapp: StandardEngine[Catalina].StandardHost[localhost].StandardContext[/console]
TID: [] [] [2024-06-20 10:59:21,413] []  INFO {org.wso2.carbon.webapp.mgt.WebApplication} - Unloaded webapp: StandardEngine[Catalina].StandardHost[localhost].StandardContext[/accountrecoveryendpoint]
TID: [] [] [2024-06-20 10:59:21,424] []  INFO {org.wso2.carbon.webapp.mgt.WebApplication} - Unloaded webapp: StandardEngine[Catalina].StandardHost[localhost].StandardContext[/mexut]
TID: [] [] [2024-06-20 10:59:21,467] []  INFO {org.wso2.carbon.webapp.mgt.WebApplication} - Unloaded webapp: StandardEngine[Catalina].StandardHost[localhost].StandardContext[/api]
TID: [] [] [2024-06-20 10:59:21,467] []  INFO {org.wso2.carbon.core.ServerManagement} - All deployment tasks have been completed.
TID: [] [] [2024-06-20 10:59:21,468] []  INFO {org.wso2.carbon.core.ServerManagement} - Waiting for server task completion...
TID: [] [] [2024-06-20 10:59:21,469] []  INFO {org.wso2.carbon.core.ServerManagement} - All server tasks have been completed.
TID: [] [] [2024-06-20 10:59:21,469] []  INFO {org.wso2.carbon.core.init.CarbonServerManager} - Shutting down WSO2 Identity Server...
TID: [] [] [2024-06-20 10:59:21,469] []  INFO {org.wso2.carbon.core.init.CarbonServerManager} - Shutting down OSGi framework...
TID: [] [] [2024-06-20 10:59:21,490] []  INFO {org.wso2.carbon.core.init.CarbonServerManager} - Stopping CarbonServerManager...
TID: [] [] [2024-06-20 10:59:21,495] []  INFO {org.apache.axis2.transport.mail.MailTransportSender} - MAILTO Sender Shutdown
TID: [] [] [2024-06-20 10:59:21,599] []  INFO {org.wso2.carbon.tomcat.ext.internal.CarbonTomcatServiceComponent} - Stopping the carbon web-app registered under : /
TID: [] [] [2024-06-20 10:59:21,697] []  INFO {org.wso2.carbon.event.publisher.core.EventPublisherDeployer} - Event Publisher undeployed successfully : EmailPublisher.xml
TID: [] [] [2024-06-20 10:59:21,700] []  INFO {org.wso2.carbon.event.publisher.core.EventPublisherDeployer} - Event Publisher deployment held back and in inactive state : EmailPublisher.xml, waiting for Output Event Adapter dependency : email
TID: [] [] [2024-06-20 10:59:21,700] []  INFO {org.wso2.carbon.event.publisher.core.internal.CarbonEventPublisherService} - Event publisher : EmailPublisher  is in inactive state because dependency could not be found : email
TID: [] [] [2024-06-20 10:59:21,700] []  INFO {org.wso2.carbon.event.publisher.core.EventPublisherDeployer} - Event Publisher undeployed successfully : IsAnalytics-Publisher-wso2event-AuthenticationData-1.1.0.xml
TID: [] [] [2024-06-20 10:59:21,701] []  INFO {org.wso2.carbon.event.publisher.core.EventPublisherDeployer} - Event Publisher deployment held back and in inactive state : IsAnalytics-Publisher-wso2event-AuthenticationData-1.1.0.xml, waiting for Output Event Adapter dependency : wso2event
TID: [] [] [2024-06-20 10:59:21,701] []  INFO {org.wso2.carbon.event.publisher.core.internal.CarbonEventPublisherService} - Event publisher : IsAnalytics-Publisher-wso2event-AuthenticationData-1.1.0  is in inactive state because dependency could not be found : wso2event
TID: [] [] [2024-06-20 10:59:21,701] []  INFO {org.wso2.carbon.event.publisher.core.EventPublisherDeployer} - Event Publisher undeployed successfully : IsAnalytics-Publisher-wso2event-UserData.xml
TID: [] [] [2024-06-20 10:59:21,701] []  INFO {org.wso2.carbon.event.publisher.core.EventPublisherDeployer} - Event Publisher deployment held back and in inactive state : IsAnalytics-Publisher-wso2event-UserData.xml, waiting for Output Event Adapter dependency : wso2event
TID: [] [] [2024-06-20 10:59:21,705] []  INFO {org.wso2.carbon.event.publisher.core.internal.CarbonEventPublisherService} - Event publisher : IsAnalytics-Publisher-wso2event-UserData  is in inactive state because dependency could not be found : wso2event
TID: [] [] [2024-06-20 10:59:21,705] []  INFO {org.wso2.carbon.event.publisher.core.EventPublisherDeployer} - Event Publisher undeployed successfully : IsAnalytics-Publisher-wso2event-OauthTokenIssueRefresh.xml
TID: [] [] [2024-06-20 10:59:21,706] []  INFO {org.wso2.carbon.event.publisher.core.EventPublisherDeployer} - Event Publisher deployment held back and in inactive state : IsAnalytics-Publisher-wso2event-OauthTokenIssueRefresh.xml, waiting for Output Event Adapter dependency : wso2event
TID: [] [] [2024-06-20 10:59:21,706] []  INFO {org.wso2.carbon.event.publisher.core.internal.CarbonEventPublisherService} - Event publisher : IsAnalytics-Publisher-wso2event-OauthTokenIssueRefresh  is in inactive state because dependency could not be found : wso2event
TID: [] [] [2024-06-20 10:59:21,706] []  INFO {org.wso2.carbon.event.publisher.core.EventPublisherDeployer} - Event Publisher undeployed successfully : IsAnalytics-Publisher-wso2event-OauthTokenValidation.xml
TID: [] [] [2024-06-20 10:59:21,706] []  INFO {org.wso2.carbon.event.publisher.core.EventPublisherDeployer} - Event Publisher deployment held back and in inactive state : IsAnalytics-Publisher-wso2event-OauthTokenValidation.xml, waiting for Output Event Adapter dependency : wso2event
TID: [] [] [2024-06-20 10:59:21,706] []  INFO {org.wso2.carbon.event.publisher.core.internal.CarbonEventPublisherService} - Event publisher : IsAnalytics-Publisher-wso2event-OauthTokenValidation  is in inactive state because dependency could not be found : wso2event
TID: [] [] [2024-06-20 10:59:21,706] []  INFO {org.wso2.carbon.event.publisher.core.EventPublisherDeployer} - Event Publisher undeployed successfully : IsAnalytics-Publisher-wso2event-OauthTokenRevocation.xml
TID: [] [] [2024-06-20 10:59:21,706] []  INFO {org.wso2.carbon.event.publisher.core.EventPublisherDeployer} - Event Publisher deployment held back and in inactive state : IsAnalytics-Publisher-wso2event-OauthTokenRevocation.xml, waiting for Output Event Adapter dependency : wso2event
TID: [] [] [2024-06-20 10:59:21,706] []  INFO {org.wso2.carbon.event.publisher.core.internal.CarbonEventPublisherService} - Event publisher : IsAnalytics-Publisher-wso2event-OauthTokenRevocation  is in inactive state because dependency could not be found : wso2event
TID: [] [] [2024-06-20 10:59:21,706] []  INFO {org.wso2.carbon.event.publisher.core.EventPublisherDeployer} - Event Publisher undeployed successfully : IsAnalytics-Publisher-wso2event-RoleData.xml
TID: [] [] [2024-06-20 10:59:21,707] []  INFO {org.wso2.carbon.event.publisher.core.EventPublisherDeployer} - Event Publisher deployment held back and in inactive state : IsAnalytics-Publisher-wso2event-RoleData.xml, waiting for Output Event Adapter dependency : wso2event
TID: [] [] [2024-06-20 10:59:21,707] []  INFO {org.wso2.carbon.event.publisher.core.internal.CarbonEventPublisherService} - Event publisher : IsAnalytics-Publisher-wso2event-RoleData  is in inactive state because dependency could not be found : wso2event
TID: [] [] [2024-06-20 10:59:21,707] []  INFO {org.wso2.carbon.event.publisher.core.EventPublisherDeployer} - Event Publisher undeployed successfully : IsAnalytics-Publisher-wso2event-SessionData.xml
TID: [] [] [2024-06-20 10:59:21,707] []  INFO {org.wso2.carbon.event.publisher.core.EventPublisherDeployer} - Event Publisher deployment held back and in inactive state : IsAnalytics-Publisher-wso2event-SessionData.xml, waiting for Output Event Adapter dependency : logger
TID: [] [] [2024-06-20 10:59:21,707] []  INFO {org.wso2.carbon.event.publisher.core.internal.CarbonEventPublisherService} - Event publisher : IsAnalytics-Publisher-wso2event-SessionData  is in inactive state because dependency could not be found : logger
TID: [] [] [2024-06-20 10:59:21,707] []  INFO {org.wso2.carbon.event.publisher.core.EventPublisherDeployer} - Event Publisher undeployed successfully : IsAnalytics-Publisher-wso2event-AuthenticationData.xml
TID: [] [] [2024-06-20 10:59:21,708] []  INFO {org.wso2.carbon.event.publisher.core.EventPublisherDeployer} - Event Publisher deployment held back and in inactive state : IsAnalytics-Publisher-wso2event-AuthenticationData.xml, waiting for Output Event Adapter dependency : logger
TID: [] [] [2024-06-20 10:59:21,708] []  INFO {org.wso2.carbon.event.publisher.core.internal.CarbonEventPublisherService} - Event publisher : IsAnalytics-Publisher-wso2event-AuthenticationData  is in inactive state because dependency could not be found : logger
TID: [] [] [2024-06-20 10:59:21,708] []  INFO {org.wso2.carbon.event.publisher.core.EventPublisherDeployer} - Event Publisher undeployed successfully : SMSPublisher.xml
TID: [] [] [2024-06-20 10:59:21,708] []  INFO {org.wso2.carbon.event.publisher.core.EventPublisherDeployer} - Event Publisher deployment held back and in inactive state : SMSPublisher.xml, waiting for Output Event Adapter dependency : http
TID: [] [] [2024-06-20 10:59:21,708] []  INFO {org.wso2.carbon.event.publisher.core.internal.CarbonEventPublisherService} - Event publisher : SMSPublisher  is in inactive state because dependency could not be found : http
TID: [-1234] [] [2024-06-20 10:59:21,861]  INFO {org.wso2.carbon.core.init.CarbonServerManager} - Shutdown complete 
TID: [-1234] [] [2024-06-20 10:59:21,862]  INFO {org.wso2.carbon.core.init.CarbonServerManager} - Halting JVM 
TID: [] [] [2024-06-20 11:02:10,207] []  INFO {org.ops4j.pax.logging.spi.support.EventAdminConfigurationNotifier} - Sending Event Admin notification (configuration successful) to org/ops4j/pax/logging/Configuration
TID: [] [] [2024-06-20 11:02:10,310] []  INFO {org.wso2.carbon.core.internal.CarbonCoreActivator} - Starting WSO2 Carbon...
TID: [] [] [2024-06-20 11:02:10,310] []  INFO {org.wso2.carbon.core.internal.CarbonCoreActivator} - Operating System : Mac OS X 13.5, aarch64
TID: [] [] [2024-06-20 11:02:10,310] []  INFO {org.wso2.carbon.core.internal.CarbonCoreActivator} - Java Home        : /Library/Java/JavaVirtualMachines/temurin-11.jdk/Contents/Home
TID: [] [] [2024-06-20 11:02:10,310] []  INFO {org.wso2.carbon.core.internal.CarbonCoreActivator} - Java Version     : 11.0.18
TID: [] [] [2024-06-20 11:02:10,310] []  INFO {org.wso2.carbon.core.internal.CarbonCoreActivator} - Java VM          : OpenJDK 64-Bit Server VM 11.0.18+10,Eclipse Adoptium
TID: [] [] [2024-06-20 11:02:10,311] []  INFO {org.wso2.carbon.core.internal.CarbonCoreActivator} - Carbon Home      : /Users/pamod/Desktop/setup/deployment/iam/wso2is-7.0.0
TID: [] [] [2024-06-20 11:02:10,311] []  INFO {org.wso2.carbon.core.internal.CarbonCoreActivator} - Java Temp Dir    : /Users/pamod/Desktop/setup/deployment/iam/wso2is-7.0.0/tmp
TID: [] [] [2024-06-20 11:02:10,311] []  INFO {org.wso2.carbon.core.internal.CarbonCoreActivator} - User             : pamod, en-LK, Asia/Colombo
TID: [] [] [2024-06-20 11:02:10,529] []  INFO {org.wso2.carbon.event.output.adapter.kafka.internal.ds.KafkaEventAdapterServiceDS} - Successfully deployed the Kafka output event adaptor service
TID: [] [] [2024-06-20 11:02:10,620] []  INFO {org.wso2.carbon.extension.identity.verification.provider.internal.IdVProviderMgtServiceComponent} - IdVProviderMgtService bundle activated successfully.
TID: [] [] [2024-06-20 11:02:10,764] []  INFO {org.wso2.carbon.identity.hash.provider.pbkdf2.internal.PBKDF2HashServiceComponent} - PBKDF2 bundle activated successfully.
TID: [] [] [2024-06-20 11:02:11,089] []  INFO {org.wso2.carbon.identity.user.onboard.core.service.internal.ServiceComponent} - User onboard api core service component activated successfully.
TID: [] [] [2024-06-20 11:02:11,172] []  INFO {org.wso2.carbon.mex.internal.Office365SupportMexComponent} - Office365Support MexServiceComponent bundle activated successfully..
TID: [] [] [2024-06-20 11:02:11,180] []  INFO {org.wso2.carbon.mex2.internal.DynamicCRMCustomMexComponent} - DynamicCRMSupport MexServiceComponent bundle activated successfully.
TID: [] [] [2024-06-20 11:02:12,182] []  INFO {org.apache.jasper.servlet.TldScanner} - At least one JAR was scanned for TLDs yet contained no TLDs. Enable debug logging for this logger for a complete list of JARs that were scanned but no TLDs were found in them. Skipping unneeded JARs during scanning can improve startup time and JSP compilation time.
TID: [] [] [2024-06-20 11:02:12,605] []  INFO {org.wso2.carbon.consent.mgt.core.internal.ConsentManagerComponent} - ConsentManagerComponent is activated.
TID: [] [] [2024-06-20 11:02:12,615] []  INFO {org.wso2.carbon.extension.identity.verification.mgt.internal.IdentityVerificationServiceComponent} - IdentityVerificationService bundle activated successfully.
TID: [] [] [2024-06-20 11:02:12,831] []  INFO {org.wso2.carbon.registry.core.jdbc.EmbeddedRegistryService} - Configured Registry in 23ms
TID: [] [] [2024-06-20 11:02:12,845] []  INFO {org.wso2.carbon.registry.core.jdbc.EmbeddedRegistryService} - Connected to mount at configregistry in 2ms
TID: [] [] [2024-06-20 11:02:12,845] []  INFO {org.wso2.carbon.registry.core.jdbc.EmbeddedRegistryService} - Connected to mount at govregistry in 2ms
TID: [] [] [2024-06-20 11:02:12,886] []  INFO {org.wso2.carbon.registry.core.jdbc.EmbeddedRegistryService} - Connected to mount at configregistry in 0ms
TID: [] [] [2024-06-20 11:02:12,887] []  INFO {org.wso2.carbon.registry.core.jdbc.EmbeddedRegistryService} - Connected to mount at govregistry in 1ms
TID: [] [] [2024-06-20 11:02:12,890] []  INFO {org.wso2.carbon.registry.core.internal.RegistryCoreServiceComponent} - Registry Mode    : READ-WRITE
TID: [] [] [2024-06-20 11:02:14,044] []  INFO {org.wso2.carbon.registry.indexing.solr.SolrClient} - Default Embedded Solr Server Initialized
TID: [] [] [2024-06-20 11:02:14,258] []  INFO {org.wso2.carbon.user.core.internal.UserStoreMgtDSComponent} - Carbon UserStoreMgtDSComponent activated successfully.
TID: [] [] [2024-06-20 11:02:14,556] []  INFO {org.wso2.carbon.identity.user.store.configuration.deployer.UserStoreConfigurationDeployer} - User Store Configuration Deployer initiated.
TID: [] [] [2024-06-20 11:02:14,556] []  INFO {org.wso2.carbon.identity.user.store.configuration.deployer.UserStoreConfigurationDeployer} - User Store Configuration Deployer initiated.
TID: [] [] [2024-06-20 11:02:14,560] []  INFO {org.apache.axis2.transport.mail.MailTransportSender} - MAILTO Sender started
TID: [] [] [2024-06-20 11:02:14,665] []  INFO {org.wso2.carbon.core.deployment.DeploymentInterceptor} - Deploying Axis2 service: AdminAdvisoryManagementService {super-tenant}
TID: [] [] [2024-06-20 11:02:14,815] []  INFO {org.wso2.carbon.core.deployment.DeploymentInterceptor} - Deploying Axis2 service: I18nEmailMgtConfigService {super-tenant}
TID: [] [] [2024-06-20 11:02:15,151] []  INFO {org.wso2.carbon.core.deployment.DeploymentInterceptor} - Deploying Axis2 service: AccountCredentialMgtConfigService {super-tenant}
TID: [] [] [2024-06-20 11:02:15,151] []  INFO {org.wso2.carbon.core.deployment.DeploymentInterceptor} - Deploying Axis2 service: UserIdentityManagementAdminService {super-tenant}
TID: [] [] [2024-06-20 11:02:15,152] []  INFO {org.wso2.carbon.core.deployment.DeploymentInterceptor} - Deploying Axis2 service: UserInformationRecoveryService {super-tenant}
TID: [] [] [2024-06-20 11:02:15,207] []  INFO {org.wso2.carbon.core.deployment.DeploymentInterceptor} - Deploying Axis2 service: SAMLQueryService {super-tenant}
TID: [] [] [2024-06-20 11:02:15,379] []  INFO {org.wso2.carbon.core.deployment.DeploymentInterceptor} - Deploying Axis2 service: mex-ut {super-tenant}
TID: [] [] [2024-06-20 11:02:15,381] []  INFO {org.wso2.carbon.core.deployment.DeploymentInterceptor} - Deploying Axis2 service: mex-ut2 {super-tenant}
TID: [] [] [2024-06-20 11:02:15,763] []  INFO {org.wso2.carbon.core.init.CarbonServerManager} - Repository       : /Users/pamod/Desktop/setup/deployment/iam/wso2is-7.0.0/repository/deployment/server/
TID: [] [] [2024-06-20 11:02:15,816] []  INFO {org.wso2.carbon.core.multitenancy.eager.TenantLoadingConfig} - Using tenant lazy loading policy...
TID: [] [] [2024-06-20 11:02:15,828] []  INFO {org.wso2.carbon.core.internal.permission.update.PermissionUpdater} - Permission cache updated for tenant -1234
TID: [] [] [2024-06-20 11:02:16,042] []  INFO {org.wso2.carbon.user.core.internal.UserStoreMgtDSComponent} - Claim manager set for class org.wso2.carbon.user.core.common.DefaultRealm
TID: [] [] [2024-06-20 11:02:16,045] []  INFO {org.wso2.carbon.user.core.internal.UserStoreMgtDSComponent} - Claim manager set for class org.wso2.carbon.user.core.jdbc.UniqueIDJDBCUserStoreManager
TID: [] [] [2024-06-20 11:02:16,144] []  INFO {org.wso2.carbon.identity.organization.discovery.service.internal.OrganizationDiscoveryServiceComponent} - Organization discovery service component activated successfully.
TID: [] [] [2024-06-20 11:02:16,227] []  WARN {org.wso2.carbon.identity.auth.service.internal.AuthenticationServiceComponent} - 

##################################  ALERT  ##################################
[WARNING]: Internal authentication is utilizing default credentials,
which may expose the environment to potential security risks.
If this is a production environment, change the credentials immediately.
#############################################################################

TID: [] [] [2024-06-20 11:02:16,236] []  INFO {org.wso2.carbon.identity.organization.management.tenant.association.internal.TenantAssociationServiceComponent} - Organization management related TenantAssociationManagementListener registered successfully.
TID: [] [] [2024-06-20 11:02:16,586] []  INFO {org.wso2.carbon.identity.authenticator.x509Certificate.internal.X509CertificateServiceComponent} - X509 Certificate Servlet activated successfully..
TID: [] [] [2024-06-20 11:02:16,755] []  INFO {org.wso2.carbon.identity.local.auth.api.core.internal.AuthAPIServiceComponent} - Auth API Service Component  is activated.
TID: [] [] [2024-06-20 11:02:16,838] []  INFO {org.wso2.balana.ConfigurationStore} - Loading runtime configuration
TID: [] [] [2024-06-20 11:02:16,873] []  INFO {org.wso2.carbon.identity.entitlement.internal.SchemaBuilder} - XACML policy schema loaded successfully.
TID: [] [] [2024-06-20 11:02:17,020] []  INFO {org.wso2.carbon.identity.organization.user.invitation.management.internal.UserInvitationMgtServiceComponent} - Organization User Invitation Mgt component activated successfully.
TID: [] [] [2024-06-20 11:02:17,022] []  INFO {org.wso2.carbon.identity.organization.user.invitation.management.internal.UserInvitationMgtServiceComponent} - Organization User Invitation Handler activated successfully.
TID: [] [] [2024-06-20 11:02:17,025] []  INFO {org.wso2.carbon.identity.organization.management.organization.user.sharing.internal.OrganizationUserSharingServiceComponent} - OrganizationUserSharingServiceComponent activated successfully.
TID: [] [] [2024-06-20 11:02:17,235] []  INFO {org.wso2.carbon.identity.application.authentication.framework.store.SessionDataStore} - Thread pool size for temporary authentication context data delete task: 20
TID: [] [] [2024-06-20 11:02:17,343] []  INFO {org.wso2.carbon.identity.oauth.config.OAuthServerConfiguration} - The default OAuth token issuer will be used. No custom token generator is set.
TID: [] [] [2024-06-20 11:02:17,343] []  INFO {org.wso2.carbon.identity.oauth.config.OAuthServerConfiguration} - An instance of org.wso2.carbon.identity.oauth2.token.OauthTokenIssuerImpl is created for Identity OAuth token generation.
TID: [] [] [2024-06-20 11:02:17,352] []  INFO {org.opensaml.core.config.InitializationService} - Initializing OpenSAML using the Java Services API
TID: [] [] [2024-06-20 11:02:18,551] []  INFO {org.wso2.carbon.healthcheck.api.core.internal.HealthMonitorServiceComponent} - Carbon health monitoring service is activated..
TID: [] [] [2024-06-20 11:02:18,782] []  INFO {org.wso2.carbon.event.publisher.core.EventPublisherDeployer} - Event Publisher deployment held back and in inactive state :EmailPublisher.xml, Stream validation exception : Stream id_gov_notify_stream:1.0.0 does not exist
TID: [] [] [2024-06-20 11:02:18,783] []  INFO {org.wso2.carbon.event.publisher.core.EventPublisherDeployer} - Event Publisher deployment held back and in inactive state :IsAnalytics-Publisher-wso2event-AuthenticationData-1.1.0.xml, Stream validation exception : Stream org.wso2.is.analytics.stream.OverallAuthentication:1.1.0 does not exist
TID: [] [] [2024-06-20 11:02:18,784] []  INFO {org.wso2.carbon.event.publisher.core.EventPublisherDeployer} - Event Publisher deployment held back and in inactive state :IsAnalytics-Publisher-wso2event-AuthenticationData.xml, Stream validation exception : Stream org.wso2.is.analytics.stream.OverallAuthentication:1.0.0 does not exist
TID: [] [] [2024-06-20 11:02:18,784] []  INFO {org.wso2.carbon.event.publisher.core.EventPublisherDeployer} - Event Publisher deployment held back and in inactive state :IsAnalytics-Publisher-wso2event-OauthTokenIssueRefresh.xml, Stream validation exception : Stream org.wso2.is.analytics.stream.OauthTokenIssuance:1.0.0 does not exist
TID: [] [] [2024-06-20 11:02:18,785] []  INFO {org.wso2.carbon.event.publisher.core.EventPublisherDeployer} - Event Publisher deployment held back and in inactive state :IsAnalytics-Publisher-wso2event-OauthTokenRevocation.xml, Stream validation exception : Stream org.wso2.is.analytics.stream.OauthTokenRevocation:1.0.0 does not exist
TID: [] [] [2024-06-20 11:02:18,785] []  INFO {org.wso2.carbon.event.publisher.core.EventPublisherDeployer} - Event Publisher deployment held back and in inactive state :IsAnalytics-Publisher-wso2event-OauthTokenValidation.xml, Stream validation exception : Stream org.wso2.is.analytics.stream.OauthTokenValidation:1.0.0 does not exist
TID: [] [] [2024-06-20 11:02:18,786] []  INFO {org.wso2.carbon.event.publisher.core.EventPublisherDeployer} - Event Publisher deployment held back and in inactive state :IsAnalytics-Publisher-wso2event-RoleData.xml, Stream validation exception : Stream org.wso2.is.analytics.stream.OverallRoleData:1.0.0 does not exist
TID: [] [] [2024-06-20 11:02:18,786] []  INFO {org.wso2.carbon.event.publisher.core.EventPublisherDeployer} - Event Publisher deployment held back and in inactive state :IsAnalytics-Publisher-wso2event-SessionData.xml, Stream validation exception : Stream org.wso2.is.analytics.stream.OverallSession:1.0.1 does not exist
TID: [] [] [2024-06-20 11:02:18,787] []  INFO {org.wso2.carbon.event.publisher.core.EventPublisherDeployer} - Event Publisher deployment held back and in inactive state :IsAnalytics-Publisher-wso2event-UserData.xml, Stream validation exception : Stream org.wso2.is.analytics.stream.OverallUserData:1.0.0 does not exist
TID: [] [] [2024-06-20 11:02:18,787] []  INFO {org.wso2.carbon.event.publisher.core.EventPublisherDeployer} - Event Publisher deployment held back and in inactive state :SMSPublisher.xml, Stream validation exception : Stream id_gov_sms_notify_stream:1.0.0 does not exist
TID: [] [] [2024-06-20 11:02:18,796] []  INFO {org.wso2.carbon.event.publisher.core.EventPublisherDeployer} - Event Publisher undeployed successfully : EmailPublisher.xml
TID: [] [] [2024-06-20 11:02:18,806] []  INFO {org.wso2.carbon.event.stream.core.internal.EventJunction} - WSO2EventConsumer added to the junction. Stream:id_gov_notify_stream:1.0.0
TID: [] [] [2024-06-20 11:02:18,808] []  INFO {org.wso2.carbon.event.publisher.core.EventPublisherDeployer} - Event Publisher configuration successfully deployed and in active state : EmailPublisher
TID: [] [] [2024-06-20 11:02:18,809] []  INFO {org.wso2.carbon.event.stream.core.EventStreamDeployer} - Stream definition is deployed successfully  : id_gov_notify_stream:1.0.0
TID: [] [] [2024-06-20 11:02:18,809] []  INFO {org.wso2.carbon.event.publisher.core.EventPublisherDeployer} - Event Publisher undeployed successfully : SMSPublisher.xml
TID: [] [] [2024-06-20 11:02:18,811] []  INFO {org.wso2.carbon.event.stream.core.internal.EventJunction} - WSO2EventConsumer added to the junction. Stream:id_gov_sms_notify_stream:1.0.0
TID: [] [] [2024-06-20 11:02:18,812] []  INFO {org.wso2.carbon.event.publisher.core.EventPublisherDeployer} - Event Publisher configuration successfully deployed and in active state : SMSPublisher
TID: [] [] [2024-06-20 11:02:18,813] []  INFO {org.wso2.carbon.event.stream.core.EventStreamDeployer} - Stream definition is deployed successfully  : id_gov_sms_notify_stream:1.0.0
TID: [] [] [2024-06-20 11:02:18,814] []  INFO {org.wso2.carbon.event.publisher.core.EventPublisherDeployer} - Event Publisher undeployed successfully : IsAnalytics-Publisher-wso2event-OauthTokenIssueRefresh.xml
TID: [] [] [2024-06-20 11:02:18,835] []  INFO {org.wso2.carbon.event.stream.core.internal.EventJunction} - WSO2EventConsumer added to the junction. Stream:org.wso2.is.analytics.stream.OauthTokenIssuance:1.0.0
TID: [] [] [2024-06-20 11:02:18,836] []  INFO {org.wso2.carbon.event.publisher.core.EventPublisherDeployer} - Event Publisher configuration successfully deployed and in active state : IsAnalytics-Publisher-wso2event-OauthTokenIssueRefresh
TID: [] [] [2024-06-20 11:02:18,837] []  INFO {org.wso2.carbon.event.stream.core.EventStreamDeployer} - Stream definition is deployed successfully  : org.wso2.is.analytics.stream.OauthTokenIssuance:1.0.0
TID: [] [] [2024-06-20 11:02:18,838] []  INFO {org.wso2.carbon.event.publisher.core.EventPublisherDeployer} - Event Publisher undeployed successfully : IsAnalytics-Publisher-wso2event-OauthTokenRevocation.xml
TID: [] [] [2024-06-20 11:02:18,844] []  INFO {org.wso2.carbon.event.stream.core.internal.EventJunction} - WSO2EventConsumer added to the junction. Stream:org.wso2.is.analytics.stream.OauthTokenRevocation:1.0.0
TID: [] [] [2024-06-20 11:02:18,845] []  INFO {org.wso2.carbon.event.publisher.core.EventPublisherDeployer} - Event Publisher configuration successfully deployed and in active state : IsAnalytics-Publisher-wso2event-OauthTokenRevocation
TID: [] [] [2024-06-20 11:02:18,845] []  INFO {org.wso2.carbon.event.stream.core.EventStreamDeployer} - Stream definition is deployed successfully  : org.wso2.is.analytics.stream.OauthTokenRevocation:1.0.0
TID: [] [] [2024-06-20 11:02:18,846] []  INFO {org.wso2.carbon.event.publisher.core.EventPublisherDeployer} - Event Publisher undeployed successfully : IsAnalytics-Publisher-wso2event-OauthTokenValidation.xml
TID: [] [] [2024-06-20 11:02:18,847] []  INFO {org.wso2.carbon.event.stream.core.internal.EventJunction} - WSO2EventConsumer added to the junction. Stream:org.wso2.is.analytics.stream.OauthTokenValidation:1.0.0
TID: [] [] [2024-06-20 11:02:18,847] []  INFO {org.wso2.carbon.event.publisher.core.EventPublisherDeployer} - Event Publisher configuration successfully deployed and in active state : IsAnalytics-Publisher-wso2event-OauthTokenValidation
TID: [] [] [2024-06-20 11:02:18,847] []  INFO {org.wso2.carbon.event.stream.core.EventStreamDeployer} - Stream definition is deployed successfully  : org.wso2.is.analytics.stream.OauthTokenValidation:1.0.0
TID: [] [] [2024-06-20 11:02:18,848] []  INFO {org.wso2.carbon.event.publisher.core.EventPublisherDeployer} - Event Publisher undeployed successfully : IsAnalytics-Publisher-wso2event-AuthenticationData.xml
TID: [] [] [2024-06-20 11:02:18,851] []  INFO {org.wso2.carbon.event.stream.core.internal.EventJunction} - WSO2EventConsumer added to the junction. Stream:org.wso2.is.analytics.stream.OverallAuthentication:1.0.0
TID: [] [] [2024-06-20 11:02:18,852] []  INFO {org.wso2.carbon.event.publisher.core.EventPublisherDeployer} - Event Publisher configuration successfully deployed and in active state : IsAnalytics-Publisher-wso2event-AuthenticationData
TID: [] [] [2024-06-20 11:02:18,852] []  INFO {org.wso2.carbon.event.stream.core.EventStreamDeployer} - Stream definition is deployed successfully  : org.wso2.is.analytics.stream.OverallAuthentication:1.0.0
TID: [] [] [2024-06-20 11:02:18,853] []  INFO {org.wso2.carbon.event.publisher.core.EventPublisherDeployer} - Event Publisher undeployed successfully : IsAnalytics-Publisher-wso2event-AuthenticationData-1.1.0.xml
TID: [] [] [2024-06-20 11:02:18,854] []  INFO {org.wso2.carbon.event.stream.core.internal.EventJunction} - WSO2EventConsumer added to the junction. Stream:org.wso2.is.analytics.stream.OverallAuthentication:1.1.0
TID: [] [] [2024-06-20 11:02:18,854] []  INFO {org.wso2.carbon.event.publisher.core.EventPublisherDeployer} - Event Publisher configuration successfully deployed and in active state : IsAnalytics-Publisher-wso2event-AuthenticationData-1.1.0
TID: [] [] [2024-06-20 11:02:18,854] []  INFO {org.wso2.carbon.event.stream.core.EventStreamDeployer} - Stream definition is deployed successfully  : org.wso2.is.analytics.stream.OverallAuthentication:1.1.0
TID: [] [] [2024-06-20 11:02:18,855] []  INFO {org.wso2.carbon.event.publisher.core.EventPublisherDeployer} - Event Publisher undeployed successfully : IsAnalytics-Publisher-wso2event-RoleData.xml
TID: [] [] [2024-06-20 11:02:18,856] []  INFO {org.wso2.carbon.event.stream.core.internal.EventJunction} - WSO2EventConsumer added to the junction. Stream:org.wso2.is.analytics.stream.OverallRoleData:1.0.0
TID: [] [] [2024-06-20 11:02:18,856] []  INFO {org.wso2.carbon.event.publisher.core.EventPublisherDeployer} - Event Publisher configuration successfully deployed and in active state : IsAnalytics-Publisher-wso2event-RoleData
TID: [] [] [2024-06-20 11:02:18,856] []  INFO {org.wso2.carbon.event.stream.core.EventStreamDeployer} - Stream definition is deployed successfully  : org.wso2.is.analytics.stream.OverallRoleData:1.0.0
TID: [] [] [2024-06-20 11:02:18,857] []  INFO {org.wso2.carbon.event.stream.core.EventStreamDeployer} - Stream definition is deployed successfully  : org.wso2.is.analytics.stream.OverallSession:1.0.0
TID: [] [] [2024-06-20 11:02:18,858] []  INFO {org.wso2.carbon.event.publisher.core.EventPublisherDeployer} - Event Publisher undeployed successfully : IsAnalytics-Publisher-wso2event-SessionData.xml
TID: [] [] [2024-06-20 11:02:18,858] []  INFO {org.wso2.carbon.event.stream.core.internal.EventJunction} - WSO2EventConsumer added to the junction. Stream:org.wso2.is.analytics.stream.OverallSession:1.0.1
TID: [] [] [2024-06-20 11:02:18,859] []  INFO {org.wso2.carbon.event.publisher.core.EventPublisherDeployer} - Event Publisher configuration successfully deployed and in active state : IsAnalytics-Publisher-wso2event-SessionData
TID: [] [] [2024-06-20 11:02:18,859] []  INFO {org.wso2.carbon.event.stream.core.EventStreamDeployer} - Stream definition is deployed successfully  : org.wso2.is.analytics.stream.OverallSession:1.0.1
TID: [] [] [2024-06-20 11:02:18,859] []  INFO {org.wso2.carbon.event.publisher.core.EventPublisherDeployer} - Event Publisher undeployed successfully : IsAnalytics-Publisher-wso2event-UserData.xml
TID: [] [] [2024-06-20 11:02:18,860] []  INFO {org.wso2.carbon.event.stream.core.internal.EventJunction} - WSO2EventConsumer added to the junction. Stream:org.wso2.is.analytics.stream.OverallUserData:1.0.0
TID: [] [] [2024-06-20 11:02:18,861] []  INFO {org.wso2.carbon.event.publisher.core.EventPublisherDeployer} - Event Publisher configuration successfully deployed and in active state : IsAnalytics-Publisher-wso2event-UserData
TID: [] [] [2024-06-20 11:02:18,861] []  INFO {org.wso2.carbon.event.stream.core.EventStreamDeployer} - Stream definition is deployed successfully  : org.wso2.is.analytics.stream.OverallUserData:1.0.0
TID: [] [] [2024-06-20 11:02:18,981] []  INFO {org.apache.jasper.servlet.TldScanner} - At least one JAR was scanned for TLDs yet contained no TLDs. Enable debug logging for this logger for a complete list of JARs that were scanned but no TLDs were found in them. Skipping unneeded JARs during scanning can improve startup time and JSP compilation time.
TID: [] [] [2024-06-20 11:02:21,651] []  INFO {org.wso2.carbon.webapp.mgt.TomcatGenericWebappsDeployer} - Deployed webapp: StandardEngine[Catalina].StandardHost[localhost].StandardContext[/accountrecoveryendpoint].File[/Users/pamod/Desktop/setup/deployment/iam/wso2is-7.0.0/repository/deployment/server/webapps/accountrecoveryendpoint]
TID: [] [] [2024-06-20 11:02:24,151] []  INFO {org.hibernate.validator.internal.util.Version} - HV000001: Hibernate Validator 6.2.0.Final
TID: [] [] [2024-06-20 11:02:25,108] []  INFO {org.apache.cxf.endpoint.ServerImpl} - Setting the server's publish address to be /server/v1
TID: [] [] [2024-06-20 11:02:25,377] []  INFO {org.apache.cxf.endpoint.ServerImpl} - Setting the server's publish address to be /o/server/v1
TID: [] [] [2024-06-20 11:02:25,384] []  INFO {org.apache.cxf.endpoint.ServerImpl} - Setting the server's publish address to be /idle-account-identification/v1/
TID: [] [] [2024-06-20 11:02:25,505] []  INFO {org.apache.cxf.endpoint.ServerImpl} - Setting the server's publish address to be /users/v1
TID: [] [] [2024-06-20 11:02:25,553] []  INFO {org.apache.cxf.endpoint.ServerImpl} - Setting the server's publish address to be /o/users/v1
TID: [] [] [2024-06-20 11:02:25,564] []  INFO {org.apache.cxf.endpoint.ServerImpl} - Setting the server's publish address to be /users/v1/me/organizations
TID: [] [] [2024-06-20 11:02:25,571] []  INFO {org.apache.cxf.endpoint.ServerImpl} - Setting the server's publish address to be /o/users/v1/me/organizations
TID: [] [] [2024-06-20 11:02:25,598] []  INFO {org.apache.cxf.endpoint.ServerImpl} - Setting the server's publish address to be /users/v2
TID: [] [] [2024-06-20 11:02:25,610] []  INFO {org.apache.cxf.endpoint.ServerImpl} - Setting the server's publish address to be /o/users/v2
TID: [] [] [2024-06-20 11:02:25,649] []  INFO {org.apache.cxf.endpoint.ServerImpl} - Setting the server's publish address to be /identity/config-mgt/v1.0
TID: [] [] [2024-06-20 11:02:25,692] []  INFO {org.apache.cxf.endpoint.ServerImpl} - Setting the server's publish address to be /identity/entitlement/decision
TID: [] [] [2024-06-20 11:02:25,721] []  INFO {org.apache.cxf.endpoint.ServerImpl} - Setting the server's publish address to be /identity/recovery/v0.9
TID: [] [] [2024-06-20 11:02:25,750] []  INFO {org.apache.cxf.endpoint.ServerImpl} - Setting the server's publish address to be /identity/user/v1.0
TID: [] [] [2024-06-20 11:02:25,759] []  INFO {org.apache.cxf.endpoint.ServerImpl} - Setting the server's publish address to be /users/v2/me/webauthn
TID: [] [] [2024-06-20 11:02:25,777] []  INFO {org.apache.cxf.endpoint.ServerImpl} - Setting the server's publish address to be /identity/oauth2/dcr/v1.1
TID: [] [] [2024-06-20 11:02:25,793] []  INFO {org.apache.cxf.endpoint.ServerImpl} - Setting the server's publish address to be /identity/oauth2/v1.0
TID: [] [] [2024-06-20 11:02:25,822] []  INFO {org.apache.cxf.endpoint.ServerImpl} - Setting the server's publish address to be /identity/consent-mgt/v1.0
TID: [] [] [2024-06-20 11:02:25,838] []  INFO {org.apache.cxf.endpoint.ServerImpl} - Setting the server's publish address to be /identity/auth/v1.1
TID: [] [] [2024-06-20 11:02:25,874] []  INFO {org.wso2.carbon.webapp.mgt.TomcatGenericWebappsDeployer} - Deployed webapp: StandardEngine[Catalina].StandardHost[localhost].StandardContext[/api].File[/Users/pamod/Desktop/setup/deployment/iam/wso2is-7.0.0/repository/deployment/server/webapps/api]
TID: [] [] [2024-06-20 11:02:25,953] []  INFO {org.apache.cxf.endpoint.ServerImpl} - Setting the server's publish address to be /
TID: [] [] [2024-06-20 11:02:25,963] []  INFO {org.wso2.carbon.webapp.mgt.TomcatGenericWebappsDeployer} - Deployed webapp: StandardEngine[Catalina].StandardHost[localhost].StandardContext[/api/health-check/v1.0].File[/Users/pamod/Desktop/setup/deployment/iam/wso2is-7.0.0/repository/deployment/server/webapps/api#health-check#v1.0]
TID: [] [] [2024-06-20 11:02:26,015] []  INFO {org.apache.jasper.servlet.TldScanner} - At least one JAR was scanned for TLDs yet contained no TLDs. Enable debug logging for this logger for a complete list of JARs that were scanned but no TLDs were found in them. Skipping unneeded JARs during scanning can improve startup time and JSP compilation time.
TID: [] [] [2024-06-20 11:02:26,021] []  INFO {org.wso2.carbon.identity.application.authentication.endpoint.util.TenantDataManager} - EndpointConfig.properties file loaded from ./repository/conf/identity/EndpointConfig.properties
TID: [] [] [2024-06-20 11:02:26,027] []  INFO {org.wso2.carbon.identity.application.authentication.endpoint.util.MutualSSLManager} - EndpointConfig.properties file loaded from ./repository/conf/identity/EndpointConfig.properties
TID: [] [] [2024-06-20 11:02:26,038] []  INFO {org.wso2.carbon.identity.application.authentication.endpoint.util.EndpointConfigManager} - EndpointConfig.properties file loaded from ./repository/conf/identity/EndpointConfig.properties
TID: [] [] [2024-06-20 11:02:30,203] []  INFO {org.wso2.carbon.webapp.mgt.TomcatGenericWebappsDeployer} - Deployed webapp: StandardEngine[Catalina].StandardHost[localhost].StandardContext[/authenticationendpoint].File[/Users/pamod/Desktop/setup/deployment/iam/wso2is-7.0.0/repository/deployment/server/webapps/authenticationendpoint]
TID: [] [] [2024-06-20 11:02:30,230] []  INFO {org.apache.jasper.servlet.TldScanner} - At least one JAR was scanned for TLDs yet contained no TLDs. Enable debug logging for this logger for a complete list of JARs that were scanned but no TLDs were found in them. Skipping unneeded JARs during scanning can improve startup time and JSP compilation time.
TID: [] [] [2024-06-20 11:02:30,346] []  INFO {org.wso2.carbon.webapp.mgt.TomcatGenericWebappsDeployer} - Deployed webapp: StandardEngine[Catalina].StandardHost[localhost].StandardContext[/console].File[/Users/pamod/Desktop/setup/deployment/iam/wso2is-7.0.0/repository/deployment/server/webapps/console]
TID: [] [] [2024-06-20 11:02:30,371] []  INFO {org.apache.jasper.servlet.TldScanner} - At least one JAR was scanned for TLDs yet contained no TLDs. Enable debug logging for this logger for a complete list of JARs that were scanned but no TLDs were found in them. Skipping unneeded JARs during scanning can improve startup time and JSP compilation time.
TID: [] [] [2024-06-20 11:02:30,372] []  INFO {org.wso2.carbon.webapp.mgt.TomcatGenericWebappsDeployer} - Deployed webapp: StandardEngine[Catalina].StandardHost[localhost].StandardContext[/mex].File[/Users/pamod/Desktop/setup/deployment/iam/wso2is-7.0.0/repository/deployment/server/webapps/mex]
TID: [] [] [2024-06-20 11:02:30,400] []  INFO {org.apache.jasper.servlet.TldScanner} - At least one JAR was scanned for TLDs yet contained no TLDs. Enable debug logging for this logger for a complete list of JARs that were scanned but no TLDs were found in them. Skipping unneeded JARs during scanning can improve startup time and JSP compilation time.
TID: [] [] [2024-06-20 11:02:30,435] []  INFO {org.apache.cxf.endpoint.ServerImpl} - Setting the server's publish address to be /
TID: [] [] [2024-06-20 11:02:30,441] []  INFO {org.wso2.carbon.webapp.mgt.TomcatGenericWebappsDeployer} - Deployed webapp: StandardEngine[Catalina].StandardHost[localhost].StandardContext[/mexut].File[/Users/pamod/Desktop/setup/deployment/iam/wso2is-7.0.0/repository/deployment/server/webapps/mexut]
TID: [] [] [2024-06-20 11:02:30,467] []  INFO {org.apache.jasper.servlet.TldScanner} - At least one JAR was scanned for TLDs yet contained no TLDs. Enable debug logging for this logger for a complete list of JARs that were scanned but no TLDs were found in them. Skipping unneeded JARs during scanning can improve startup time and JSP compilation time.
TID: [] [] [2024-06-20 11:02:30,571] []  INFO {org.wso2.carbon.webapp.mgt.TomcatGenericWebappsDeployer} - Deployed webapp: StandardEngine[Catalina].StandardHost[localhost].StandardContext[/myaccount].File[/Users/pamod/Desktop/setup/deployment/iam/wso2is-7.0.0/repository/deployment/server/webapps/myaccount]
TID: [] [] [2024-06-20 11:02:30,667] []  INFO {org.apache.jasper.servlet.TldScanner} - At least one JAR was scanned for TLDs yet contained no TLDs. Enable debug logging for this logger for a complete list of JARs that were scanned but no TLDs were found in them. Skipping unneeded JARs during scanning can improve startup time and JSP compilation time.
TID: [] [] [2024-06-20 11:02:31,044] []  INFO {org.apache.cxf.endpoint.ServerImpl} - Setting the server's publish address to be /
TID: [] [] [2024-06-20 11:02:31,088] []  INFO {org.wso2.carbon.webapp.mgt.TomcatGenericWebappsDeployer} - Deployed webapp: StandardEngine[Catalina].StandardHost[localhost].StandardContext[/oauth2].File[/Users/pamod/Desktop/setup/deployment/iam/wso2is-7.0.0/repository/deployment/server/webapps/oauth2]
TID: [] [] [2024-06-20 11:02:31,189] []  INFO {org.apache.cxf.endpoint.ServerImpl} - Setting the server's publish address to be /Users
TID: [] [] [2024-06-20 11:02:31,192] []  INFO {org.apache.cxf.endpoint.ServerImpl} - Setting the server's publish address to be /o/Users
TID: [] [] [2024-06-20 11:02:31,213] []  INFO {org.apache.cxf.endpoint.ServerImpl} - Setting the server's publish address to be /Groups
TID: [] [] [2024-06-20 11:02:31,215] []  INFO {org.apache.cxf.endpoint.ServerImpl} - Setting the server's publish address to be /o/Groups
TID: [] [] [2024-06-20 11:02:31,217] []  INFO {org.apache.cxf.endpoint.ServerImpl} - Setting the server's publish address to be /Me
TID: [] [] [2024-06-20 11:02:31,218] []  INFO {org.apache.cxf.endpoint.ServerImpl} - Setting the server's publish address to be /ServiceProviderConfig
TID: [] [] [2024-06-20 11:02:31,219] []  INFO {org.apache.cxf.endpoint.ServerImpl} - Setting the server's publish address to be /ResourceTypes
TID: [] [] [2024-06-20 11:02:31,221] []  INFO {org.apache.cxf.endpoint.ServerImpl} - Setting the server's publish address to be /o/ResourceTypes
TID: [] [] [2024-06-20 11:02:31,222] []  INFO {org.apache.cxf.endpoint.ServerImpl} - Setting the server's publish address to be /Bulk
TID: [] [] [2024-06-20 11:02:31,224] []  INFO {org.apache.cxf.endpoint.ServerImpl} - Setting the server's publish address to be /o/Bulk
TID: [] [] [2024-06-20 11:02:31,225] []  INFO {org.apache.cxf.endpoint.ServerImpl} - Setting the server's publish address to be /Schemas
TID: [] [] [2024-06-20 11:02:31,226] []  INFO {org.apache.cxf.endpoint.ServerImpl} - Setting the server's publish address to be /o/Schemas
TID: [] [] [2024-06-20 11:02:31,227] []  INFO {org.apache.cxf.endpoint.ServerImpl} - Setting the server's publish address to be /Roles
TID: [] [] [2024-06-20 11:02:31,228] []  INFO {org.apache.cxf.endpoint.ServerImpl} - Setting the server's publish address to be /v2/Roles
TID: [] [] [2024-06-20 11:02:31,230] []  INFO {org.apache.cxf.endpoint.ServerImpl} - Setting the server's publish address to be /o/v2/Roles
TID: [] [] [2024-06-20 11:02:31,235] []  INFO {org.wso2.carbon.webapp.mgt.TomcatGenericWebappsDeployer} - Deployed webapp: StandardEngine[Catalina].StandardHost[localhost].StandardContext[/scim2].File[/Users/pamod/Desktop/setup/deployment/iam/wso2is-7.0.0/repository/deployment/server/webapps/scim2]
TID: [] [] [2024-06-20 11:02:31,277] []  INFO {org.apache.jasper.servlet.TldScanner} - At least one JAR was scanned for TLDs yet contained no TLDs. Enable debug logging for this logger for a complete list of JARs that were scanned but no TLDs were found in them. Skipping unneeded JARs during scanning can improve startup time and JSP compilation time.
TID: [] [] [2024-06-20 11:02:31,363] []  INFO {org.apache.cxf.endpoint.ServerImpl} - Setting the server's publish address to be /Users
TID: [] [] [2024-06-20 11:02:31,366] []  INFO {org.apache.cxf.endpoint.ServerImpl} - Setting the server's publish address to be /Groups
TID: [] [] [2024-06-20 11:02:31,368] []  INFO {org.apache.cxf.endpoint.ServerImpl} - Setting the server's publish address to be /Bulk
TID: [] [] [2024-06-20 11:02:31,372] []  INFO {org.wso2.carbon.webapp.mgt.TomcatGenericWebappsDeployer} - Deployed webapp: StandardEngine[Catalina].StandardHost[localhost].StandardContext[/wso2].File[/Users/pamod/Desktop/setup/deployment/iam/wso2is-7.0.0/repository/deployment/server/webapps/wso2]
TID: [] [] [2024-06-20 11:02:31,417] []  INFO {org.apache.jasper.servlet.TldScanner} - At least one JAR was scanned for TLDs yet contained no TLDs. Enable debug logging for this logger for a complete list of JARs that were scanned but no TLDs were found in them. Skipping unneeded JARs during scanning can improve startup time and JSP compilation time.
TID: [] [] [2024-06-20 11:02:31,420] []  INFO {org.wso2.carbon.webapp.mgt.TomcatGenericWebappsDeployer} - Deployed webapp: StandardEngine[Catalina].StandardHost[localhost].StandardContext[/x509certificateauthenticationendpoint].File[/Users/pamod/Desktop/setup/deployment/iam/wso2is-7.0.0/repository/deployment/server/webapps/x509certificateauthenticationendpoint]
TID: [] [] [2024-06-20 11:02:31,422] []  INFO {org.wso2.carbon.core.transports.http.HttpTransportListener} - HTTP port        : 9764
TID: [] [] [2024-06-20 11:02:31,422] []  INFO {org.wso2.carbon.core.transports.http.HttpsTransportListener} - HTTPS port       : 9444
TID: [] [] [2024-06-20 11:02:31,468] []  INFO {org.apache.tomcat.util.net.NioEndpoint.certificate} - Connector [https-jsse-nio-9443], TLS virtual host [_default_], certificate type [UNDEFINED] configured from keystore [/Users/pamod/Desktop/setup/deployment/iam/wso2is-7.0.0/repository/resources/security/wso2carbon.jks] using alias [wso2carbon] with trust store [/Users/pamod/Desktop/setup/deployment/iam/wso2is-7.0.0/repository/resources/security/client-truststore.jks]
TID: [] [] [2024-06-20 11:02:31,483] []  INFO {org.wso2.identity.apps.common.internal.AppsCommonServiceStartupObserver} - My Account URL : https://localhost:9444/myaccount
TID: [] [] [2024-06-20 11:02:31,484] []  INFO {org.wso2.identity.apps.common.internal.AppsCommonServiceStartupObserver} - Console URL : https://localhost:9444/console
TID: [] [] [2024-06-20 11:02:31,484] []  INFO {org.wso2.identity.apps.common.internal.AppsCommonServiceStartupObserver} - Identity apps common service component activated successfully.
TID: [] [] [2024-06-20 11:02:31,484] []  INFO {org.wso2.carbon.core.internal.StartupFinalizerServiceComponent} - Server           :  WSO2 Identity Server-7.0.0
TID: [] [] [2024-06-20 11:02:31,484] []  INFO {org.wso2.carbon.core.internal.StartupFinalizerServiceComponent} - WSO2 Carbon started in 23 sec
TID: [] [] [2024-06-20 11:02:31,843] []  INFO {org.apache.jasper.servlet.TldScanner} - At least one JAR was scanned for TLDs yet contained no TLDs. Enable debug logging for this logger for a complete list of JARs that were scanned but no TLDs were found in them. Skipping unneeded JARs during scanning can improve startup time and JSP compilation time.
TID: [-1234] [] [2024-06-20 12:09:16,940] [f12f24cf-1868-4438-be61-88df59a803b0]  WARN {org.wso2.carbon.identity.oidc.session.OIDCInboundSessionContextMgtListener} - No session state found for the received Session ID : ad8c89f6-ce7c-4513-8a77-32cd6a41d00b
TID: [-1234] [] [2024-06-20 12:13:20,300] [d8704bd9-6af7-4927-88f1-98eb2f11c113]  WARN {org.wso2.carbon.identity.oidc.session.OIDCInboundSessionContextMgtListener} - No session state found for the received Session ID : 8c38c33b-d620-40fa-b97f-b224503991ef
