TID: [2024-06-19 13:12:04,804]  INFO {org.wso2.config.mapper.ConfigParser} - Initializing configurations with deployment configurations {org.wso2.config.mapper.ConfigParser}
TID: [] [] [2024-06-19 13:12:07,050] []  INFO {org.ops4j.pax.logging.spi.support.EventAdminConfigurationNotifier} - Sending Event Admin notification (configuration successful) to org/ops4j/pax/logging/Configuration
TID: [] [] [2024-06-19 13:12:07,159] []  INFO {org.wso2.carbon.core.internal.CarbonCoreActivator} - Starting WSO2 Carbon...
TID: [] [] [2024-06-19 13:12:07,160] []  INFO {org.wso2.carbon.core.internal.CarbonCoreActivator} - Operating System : Mac OS X 13.5, aarch64
TID: [] [] [2024-06-19 13:12:07,160] []  INFO {org.wso2.carbon.core.internal.CarbonCoreActivator} - Java Home        : /Library/Java/JavaVirtualMachines/temurin-11.jdk/Contents/Home
TID: [] [] [2024-06-19 13:12:07,160] []  INFO {org.wso2.carbon.core.internal.CarbonCoreActivator} - Java Version     : 11.0.18
TID: [] [] [2024-06-19 13:12:07,161] []  INFO {org.wso2.carbon.core.internal.CarbonCoreActivator} - Java VM          : OpenJDK 64-Bit Server VM 11.0.18+10,Eclipse Adoptium
TID: [] [] [2024-06-19 13:12:07,161] []  INFO {org.wso2.carbon.core.internal.CarbonCoreActivator} - Carbon Home      : /Users/pamod/Desktop/setup/deployment/iam/wso2is-7.0.0
TID: [] [] [2024-06-19 13:12:07,161] []  INFO {org.wso2.carbon.core.internal.CarbonCoreActivator} - Java Temp Dir    : /Users/pamod/Desktop/setup/deployment/iam/wso2is-7.0.0/tmp
TID: [] [] [2024-06-19 13:12:07,161] []  INFO {org.wso2.carbon.core.internal.CarbonCoreActivator} - User             : pamod, en-LK, Asia/Colombo
TID: [] [] [2024-06-19 13:12:07,383] []  INFO {org.wso2.carbon.event.output.adapter.kafka.internal.ds.KafkaEventAdapterServiceDS} - Successfully deployed the Kafka output event adaptor service
TID: [] [] [2024-06-19 13:12:07,480] []  INFO {org.wso2.carbon.extension.identity.verification.provider.internal.IdVProviderMgtServiceComponent} - IdVProviderMgtService bundle activated successfully.
TID: [] [] [2024-06-19 13:12:07,607] []  INFO {org.wso2.carbon.identity.hash.provider.pbkdf2.internal.PBKDF2HashServiceComponent} - PBKDF2 bundle activated successfully.
TID: [] [] [2024-06-19 13:12:07,925] []  INFO {org.wso2.carbon.identity.user.onboard.core.service.internal.ServiceComponent} - User onboard api core service component activated successfully.
TID: [] [] [2024-06-19 13:12:08,010] []  INFO {org.wso2.carbon.mex.internal.Office365SupportMexComponent} - Office365Support MexServiceComponent bundle activated successfully..
TID: [] [] [2024-06-19 13:12:08,018] []  INFO {org.wso2.carbon.mex2.internal.DynamicCRMCustomMexComponent} - DynamicCRMSupport MexServiceComponent bundle activated successfully.
TID: [] [] [2024-06-19 13:12:09,080] []  INFO {org.apache.jasper.servlet.TldScanner} - At least one JAR was scanned for TLDs yet contained no TLDs. Enable debug logging for this logger for a complete list of JARs that were scanned but no TLDs were found in them. Skipping unneeded JARs during scanning can improve startup time and JSP compilation time.
TID: [] [] [2024-06-19 13:12:09,541] []  INFO {org.wso2.carbon.consent.mgt.core.internal.ConsentManagerComponent} - ConsentManagerComponent is activated.
TID: [] [] [2024-06-19 13:12:09,549] []  INFO {org.wso2.carbon.extension.identity.verification.mgt.internal.IdentityVerificationServiceComponent} - IdentityVerificationService bundle activated successfully.
TID: [] [] [2024-06-19 13:12:09,768] []  INFO {org.wso2.carbon.registry.core.jdbc.EmbeddedRegistryService} - Configured Registry in 44ms
TID: [] [] [2024-06-19 13:12:09,809] []  INFO {org.wso2.carbon.registry.core.jdbc.EmbeddedRegistryService} - Connected to mount at configregistry in 2ms
TID: [] [] [2024-06-19 13:12:09,809] []  INFO {org.wso2.carbon.registry.core.jdbc.EmbeddedRegistryService} - Connected to mount at govregistry in 2ms
TID: [] [] [2024-06-19 13:12:09,899] []  INFO {org.wso2.carbon.registry.core.jdbc.EmbeddedRegistryService} - Connected to mount at configregistry in 0ms
TID: [] [] [2024-06-19 13:12:09,899] []  INFO {org.wso2.carbon.registry.core.jdbc.EmbeddedRegistryService} - Connected to mount at govregistry in 0ms
TID: [] [] [2024-06-19 13:12:09,907] []  INFO {org.wso2.carbon.registry.core.internal.RegistryCoreServiceComponent} - Registry Mode    : READ-WRITE
TID: [] [] [2024-06-19 13:12:16,123] []  INFO {org.wso2.carbon.registry.indexing.solr.SolrClient} - Default Embedded Solr Server Initialized
TID: [] [] [2024-06-19 13:12:16,256] []  INFO {org.wso2.carbon.user.core.internal.UserStoreMgtDSComponent} - Carbon UserStoreMgtDSComponent activated successfully.
TID: [] [] [2024-06-19 13:12:16,570] []  INFO {org.wso2.carbon.identity.user.store.configuration.deployer.UserStoreConfigurationDeployer} - User Store Configuration Deployer initiated.
TID: [] [] [2024-06-19 13:12:16,570] []  INFO {org.wso2.carbon.identity.user.store.configuration.deployer.UserStoreConfigurationDeployer} - User Store Configuration Deployer initiated.
TID: [] [] [2024-06-19 13:12:16,574] []  INFO {org.apache.axis2.transport.mail.MailTransportSender} - MAILTO Sender started
TID: [] [] [2024-06-19 13:12:16,663] []  INFO {org.wso2.carbon.core.deployment.DeploymentInterceptor} - Deploying Axis2 service: AdminAdvisoryManagementService {super-tenant}
TID: [] [] [2024-06-19 13:12:16,783] []  INFO {org.wso2.carbon.core.deployment.DeploymentInterceptor} - Deploying Axis2 service: I18nEmailMgtConfigService {super-tenant}
TID: [] [] [2024-06-19 13:12:17,094] []  INFO {org.wso2.carbon.core.deployment.DeploymentInterceptor} - Deploying Axis2 service: AccountCredentialMgtConfigService {super-tenant}
TID: [] [] [2024-06-19 13:12:17,094] []  INFO {org.wso2.carbon.core.deployment.DeploymentInterceptor} - Deploying Axis2 service: UserIdentityManagementAdminService {super-tenant}
TID: [] [] [2024-06-19 13:12:17,095] []  INFO {org.wso2.carbon.core.deployment.DeploymentInterceptor} - Deploying Axis2 service: UserInformationRecoveryService {super-tenant}
TID: [] [] [2024-06-19 13:12:17,153] []  INFO {org.wso2.carbon.core.deployment.DeploymentInterceptor} - Deploying Axis2 service: SAMLQueryService {super-tenant}
TID: [] [] [2024-06-19 13:12:17,300] []  INFO {org.wso2.carbon.core.deployment.DeploymentInterceptor} - Deploying Axis2 service: mex-ut {super-tenant}
TID: [] [] [2024-06-19 13:12:17,302] []  INFO {org.wso2.carbon.core.deployment.DeploymentInterceptor} - Deploying Axis2 service: mex-ut2 {super-tenant}
TID: [] [] [2024-06-19 13:12:17,669] []  INFO {org.wso2.carbon.core.init.CarbonServerManager} - Repository       : /Users/pamod/Desktop/setup/deployment/iam/wso2is-7.0.0/repository/deployment/server/
TID: [] [] [2024-06-19 13:12:17,684] []  INFO {org.wso2.carbon.core.multitenancy.eager.TenantLoadingConfig} - Using tenant lazy loading policy...
TID: [] [] [2024-06-19 13:12:17,690] []  INFO {org.wso2.carbon.core.internal.permission.update.PermissionUpdater} - Permission cache updated for tenant -1234
TID: [] [] [2024-06-19 13:12:18,120] []  INFO {org.wso2.carbon.user.core.internal.UserStoreMgtDSComponent} - Claim manager set for class org.wso2.carbon.user.core.common.DefaultRealm
TID: [] [] [2024-06-19 13:12:18,121] []  INFO {org.wso2.carbon.user.core.internal.UserStoreMgtDSComponent} - Claim manager set for class org.wso2.carbon.user.core.jdbc.UniqueIDJDBCUserStoreManager
TID: [] [] [2024-06-19 13:12:18,255] []  INFO {org.wso2.carbon.identity.organization.discovery.service.internal.OrganizationDiscoveryServiceComponent} - Organization discovery service component activated successfully.
TID: [] [] [2024-06-19 13:12:18,351] []  WARN {org.wso2.carbon.identity.auth.service.internal.AuthenticationServiceComponent} - 

##################################  ALERT  ##################################
[WARNING]: Internal authentication is utilizing default credentials,
which may expose the environment to potential security risks.
If this is a production environment, change the credentials immediately.
#############################################################################

TID: [] [] [2024-06-19 13:12:18,367] []  INFO {org.wso2.carbon.identity.organization.management.tenant.association.internal.TenantAssociationServiceComponent} - Organization management related TenantAssociationManagementListener registered successfully.
TID: [] [] [2024-06-19 13:12:18,676] []  INFO {org.wso2.carbon.identity.authenticator.x509Certificate.internal.X509CertificateServiceComponent} - X509 Certificate Servlet activated successfully..
TID: [] [] [2024-06-19 13:12:18,816] []  INFO {org.wso2.carbon.identity.local.auth.api.core.internal.AuthAPIServiceComponent} - Auth API Service Component  is activated.
TID: [] [] [2024-06-19 13:12:18,886] []  INFO {org.wso2.balana.ConfigurationStore} - Loading runtime configuration
TID: [] [] [2024-06-19 13:12:18,935] []  INFO {org.wso2.carbon.identity.entitlement.internal.SchemaBuilder} - XACML policy schema loaded successfully.
TID: [] [] [2024-06-19 13:12:19,376] []  INFO {org.wso2.carbon.identity.organization.user.invitation.management.internal.UserInvitationMgtServiceComponent} - Organization User Invitation Mgt component activated successfully.
TID: [] [] [2024-06-19 13:12:19,377] []  INFO {org.wso2.carbon.identity.organization.user.invitation.management.internal.UserInvitationMgtServiceComponent} - Organization User Invitation Handler activated successfully.
TID: [] [] [2024-06-19 13:12:19,380] []  INFO {org.wso2.carbon.identity.organization.management.organization.user.sharing.internal.OrganizationUserSharingServiceComponent} - OrganizationUserSharingServiceComponent activated successfully.
TID: [] [] [2024-06-19 13:12:19,602] []  INFO {org.wso2.carbon.identity.application.authentication.framework.store.SessionDataStore} - Thread pool size for temporary authentication context data delete task: 20
TID: [] [] [2024-06-19 13:12:19,722] []  INFO {org.wso2.carbon.identity.oauth.config.OAuthServerConfiguration} - The default OAuth token issuer will be used. No custom token generator is set.
TID: [] [] [2024-06-19 13:12:19,723] []  INFO {org.wso2.carbon.identity.oauth.config.OAuthServerConfiguration} - An instance of org.wso2.carbon.identity.oauth2.token.OauthTokenIssuerImpl is created for Identity OAuth token generation.
TID: [] [] [2024-06-19 13:12:19,734] []  INFO {org.opensaml.core.config.InitializationService} - Initializing OpenSAML using the Java Services API
TID: [] [] [2024-06-19 13:12:21,214] []  INFO {org.wso2.carbon.healthcheck.api.core.internal.HealthMonitorServiceComponent} - Carbon health monitoring service is activated..
TID: [] [] [2024-06-19 13:12:21,512] []  INFO {org.wso2.carbon.event.publisher.core.EventPublisherDeployer} - Event Publisher deployment held back and in inactive state :EmailPublisher.xml, Stream validation exception : Stream id_gov_notify_stream:1.0.0 does not exist
TID: [] [] [2024-06-19 13:12:21,519] []  INFO {org.wso2.carbon.event.publisher.core.internal.util.helper.EventPublisherConfigurationFilesystemInvoker} - Event Publisher configuration deleted from the file system : IsAnalytics-Publisher-wso2event-AuthenticationData-1.1.0.xml
TID: [] [] [2024-06-19 13:12:21,519] []  INFO {org.wso2.carbon.event.publisher.core.EventPublisherDeployer} - Event Publisher undeployed successfully : IsAnalytics-Publisher-wso2event-AuthenticationData-1.1.0.xml
TID: [] [] [2024-06-19 13:12:21,550] []  INFO {org.wso2.carbon.event.publisher.core.internal.util.helper.EventPublisherConfigurationFilesystemInvoker} - Event Publisher configuration saved in the filesystem : IsAnalytics-Publisher-wso2event-AuthenticationData-1.1.0.xml
TID: [] [] [2024-06-19 13:12:21,551] []  INFO {org.wso2.carbon.event.publisher.core.EventPublisherDeployer} - Event Publisher deployment held back and in inactive state :IsAnalytics-Publisher-wso2event-AuthenticationData-1.1.0.xml, Stream validation exception : Stream org.wso2.is.analytics.stream.OverallAuthentication:1.1.0 does not exist
TID: [] [] [2024-06-19 13:12:21,552] []  INFO {org.wso2.carbon.event.publisher.core.EventPublisherDeployer} - Event Publisher deployment held back and in inactive state :IsAnalytics-Publisher-wso2event-AuthenticationData.xml, Stream validation exception : Stream org.wso2.is.analytics.stream.OverallAuthentication:1.0.0 does not exist
TID: [] [] [2024-06-19 13:12:21,553] []  INFO {org.wso2.carbon.event.publisher.core.internal.util.helper.EventPublisherConfigurationFilesystemInvoker} - Event Publisher configuration deleted from the file system : IsAnalytics-Publisher-wso2event-OauthTokenIssueRefresh.xml
TID: [] [] [2024-06-19 13:12:21,553] []  INFO {org.wso2.carbon.event.publisher.core.EventPublisherDeployer} - Event Publisher undeployed successfully : IsAnalytics-Publisher-wso2event-OauthTokenIssueRefresh.xml
TID: [] [] [2024-06-19 13:12:21,559] []  INFO {org.wso2.carbon.event.publisher.core.internal.util.helper.EventPublisherConfigurationFilesystemInvoker} - Event Publisher configuration saved in the filesystem : IsAnalytics-Publisher-wso2event-OauthTokenIssueRefresh.xml
TID: [] [] [2024-06-19 13:12:21,560] []  INFO {org.wso2.carbon.event.publisher.core.EventPublisherDeployer} - Event Publisher deployment held back and in inactive state :IsAnalytics-Publisher-wso2event-OauthTokenIssueRefresh.xml, Stream validation exception : Stream org.wso2.is.analytics.stream.OauthTokenIssuance:1.0.0 does not exist
TID: [] [] [2024-06-19 13:12:21,560] []  INFO {org.wso2.carbon.event.publisher.core.internal.util.helper.EventPublisherConfigurationFilesystemInvoker} - Event Publisher configuration deleted from the file system : IsAnalytics-Publisher-wso2event-OauthTokenRevocation.xml
TID: [] [] [2024-06-19 13:12:21,561] []  INFO {org.wso2.carbon.event.publisher.core.EventPublisherDeployer} - Event Publisher undeployed successfully : IsAnalytics-Publisher-wso2event-OauthTokenRevocation.xml
TID: [] [] [2024-06-19 13:12:21,562] []  INFO {org.wso2.carbon.event.publisher.core.internal.util.helper.EventPublisherConfigurationFilesystemInvoker} - Event Publisher configuration saved in the filesystem : IsAnalytics-Publisher-wso2event-OauthTokenRevocation.xml
TID: [] [] [2024-06-19 13:12:21,563] []  INFO {org.wso2.carbon.event.publisher.core.EventPublisherDeployer} - Event Publisher deployment held back and in inactive state :IsAnalytics-Publisher-wso2event-OauthTokenRevocation.xml, Stream validation exception : Stream org.wso2.is.analytics.stream.OauthTokenRevocation:1.0.0 does not exist
TID: [] [] [2024-06-19 13:12:21,564] []  INFO {org.wso2.carbon.event.publisher.core.internal.util.helper.EventPublisherConfigurationFilesystemInvoker} - Event Publisher configuration deleted from the file system : IsAnalytics-Publisher-wso2event-OauthTokenValidation.xml
TID: [] [] [2024-06-19 13:12:21,564] []  INFO {org.wso2.carbon.event.publisher.core.EventPublisherDeployer} - Event Publisher undeployed successfully : IsAnalytics-Publisher-wso2event-OauthTokenValidation.xml
TID: [] [] [2024-06-19 13:12:21,565] []  INFO {org.wso2.carbon.event.publisher.core.internal.util.helper.EventPublisherConfigurationFilesystemInvoker} - Event Publisher configuration saved in the filesystem : IsAnalytics-Publisher-wso2event-OauthTokenValidation.xml
TID: [] [] [2024-06-19 13:12:21,566] []  INFO {org.wso2.carbon.event.publisher.core.EventPublisherDeployer} - Event Publisher deployment held back and in inactive state :IsAnalytics-Publisher-wso2event-OauthTokenValidation.xml, Stream validation exception : Stream org.wso2.is.analytics.stream.OauthTokenValidation:1.0.0 does not exist
TID: [] [] [2024-06-19 13:12:21,566] []  INFO {org.wso2.carbon.event.publisher.core.internal.util.helper.EventPublisherConfigurationFilesystemInvoker} - Event Publisher configuration deleted from the file system : IsAnalytics-Publisher-wso2event-RoleData.xml
TID: [] [] [2024-06-19 13:12:21,566] []  INFO {org.wso2.carbon.event.publisher.core.EventPublisherDeployer} - Event Publisher undeployed successfully : IsAnalytics-Publisher-wso2event-RoleData.xml
TID: [] [] [2024-06-19 13:12:21,568] []  INFO {org.wso2.carbon.event.publisher.core.internal.util.helper.EventPublisherConfigurationFilesystemInvoker} - Event Publisher configuration saved in the filesystem : IsAnalytics-Publisher-wso2event-RoleData.xml
TID: [] [] [2024-06-19 13:12:21,568] []  INFO {org.wso2.carbon.event.publisher.core.EventPublisherDeployer} - Event Publisher deployment held back and in inactive state :IsAnalytics-Publisher-wso2event-RoleData.xml, Stream validation exception : Stream org.wso2.is.analytics.stream.OverallRoleData:1.0.0 does not exist
TID: [] [] [2024-06-19 13:12:21,569] []  INFO {org.wso2.carbon.event.publisher.core.EventPublisherDeployer} - Event Publisher deployment held back and in inactive state :IsAnalytics-Publisher-wso2event-SessionData.xml, Stream validation exception : Stream org.wso2.is.analytics.stream.OverallSession:1.0.1 does not exist
TID: [] [] [2024-06-19 13:12:21,569] []  INFO {org.wso2.carbon.event.publisher.core.internal.util.helper.EventPublisherConfigurationFilesystemInvoker} - Event Publisher configuration deleted from the file system : IsAnalytics-Publisher-wso2event-UserData.xml
TID: [] [] [2024-06-19 13:12:21,570] []  INFO {org.wso2.carbon.event.publisher.core.EventPublisherDeployer} - Event Publisher undeployed successfully : IsAnalytics-Publisher-wso2event-UserData.xml
TID: [] [] [2024-06-19 13:12:21,571] []  INFO {org.wso2.carbon.event.publisher.core.internal.util.helper.EventPublisherConfigurationFilesystemInvoker} - Event Publisher configuration saved in the filesystem : IsAnalytics-Publisher-wso2event-UserData.xml
TID: [] [] [2024-06-19 13:12:21,571] []  INFO {org.wso2.carbon.event.publisher.core.EventPublisherDeployer} - Event Publisher deployment held back and in inactive state :IsAnalytics-Publisher-wso2event-UserData.xml, Stream validation exception : Stream org.wso2.is.analytics.stream.OverallUserData:1.0.0 does not exist
TID: [] [] [2024-06-19 13:12:21,572] []  INFO {org.wso2.carbon.event.publisher.core.EventPublisherDeployer} - Event Publisher deployment held back and in inactive state :SMSPublisher.xml, Stream validation exception : Stream id_gov_sms_notify_stream:1.0.0 does not exist
TID: [] [] [2024-06-19 13:12:21,577] []  INFO {org.wso2.carbon.event.publisher.core.EventPublisherDeployer} - Event Publisher undeployed successfully : EmailPublisher.xml
TID: [] [] [2024-06-19 13:12:21,587] []  INFO {org.wso2.carbon.event.stream.core.internal.EventJunction} - WSO2EventConsumer added to the junction. Stream:id_gov_notify_stream:1.0.0
TID: [] [] [2024-06-19 13:12:21,589] []  INFO {org.wso2.carbon.event.publisher.core.EventPublisherDeployer} - Event Publisher configuration successfully deployed and in active state : EmailPublisher
TID: [] [] [2024-06-19 13:12:21,589] []  INFO {org.wso2.carbon.event.stream.core.EventStreamDeployer} - Stream definition is deployed successfully  : id_gov_notify_stream:1.0.0
TID: [] [] [2024-06-19 13:12:21,590] []  INFO {org.wso2.carbon.event.publisher.core.EventPublisherDeployer} - Event Publisher undeployed successfully : SMSPublisher.xml
TID: [] [] [2024-06-19 13:12:21,591] []  INFO {org.wso2.carbon.event.stream.core.internal.EventJunction} - WSO2EventConsumer added to the junction. Stream:id_gov_sms_notify_stream:1.0.0
TID: [] [] [2024-06-19 13:12:21,592] []  INFO {org.wso2.carbon.event.publisher.core.EventPublisherDeployer} - Event Publisher configuration successfully deployed and in active state : SMSPublisher
TID: [] [] [2024-06-19 13:12:21,592] []  INFO {org.wso2.carbon.event.stream.core.EventStreamDeployer} - Stream definition is deployed successfully  : id_gov_sms_notify_stream:1.0.0
TID: [] [] [2024-06-19 13:12:21,593] []  INFO {org.wso2.carbon.event.publisher.core.EventPublisherDeployer} - Event Publisher undeployed successfully : IsAnalytics-Publisher-wso2event-OauthTokenIssueRefresh.xml
TID: [] [] [2024-06-19 13:12:21,595] []  INFO {org.wso2.carbon.event.stream.core.internal.EventJunction} - WSO2EventConsumer added to the junction. Stream:org.wso2.is.analytics.stream.OauthTokenIssuance:1.0.0
TID: [] [] [2024-06-19 13:12:21,595] []  INFO {org.wso2.carbon.event.publisher.core.EventPublisherDeployer} - Event Publisher configuration successfully deployed and in active state : IsAnalytics-Publisher-wso2event-OauthTokenIssueRefresh
TID: [] [] [2024-06-19 13:12:21,596] []  INFO {org.wso2.carbon.event.stream.core.EventStreamDeployer} - Stream definition is deployed successfully  : org.wso2.is.analytics.stream.OauthTokenIssuance:1.0.0
TID: [] [] [2024-06-19 13:12:21,596] []  INFO {org.wso2.carbon.event.publisher.core.EventPublisherDeployer} - Event Publisher undeployed successfully : IsAnalytics-Publisher-wso2event-OauthTokenRevocation.xml
TID: [] [] [2024-06-19 13:12:21,597] []  INFO {org.wso2.carbon.event.stream.core.internal.EventJunction} - WSO2EventConsumer added to the junction. Stream:org.wso2.is.analytics.stream.OauthTokenRevocation:1.0.0
TID: [] [] [2024-06-19 13:12:21,597] []  INFO {org.wso2.carbon.event.publisher.core.EventPublisherDeployer} - Event Publisher configuration successfully deployed and in active state : IsAnalytics-Publisher-wso2event-OauthTokenRevocation
TID: [] [] [2024-06-19 13:12:21,597] []  INFO {org.wso2.carbon.event.stream.core.EventStreamDeployer} - Stream definition is deployed successfully  : org.wso2.is.analytics.stream.OauthTokenRevocation:1.0.0
TID: [] [] [2024-06-19 13:12:21,598] []  INFO {org.wso2.carbon.event.publisher.core.EventPublisherDeployer} - Event Publisher undeployed successfully : IsAnalytics-Publisher-wso2event-OauthTokenValidation.xml
TID: [] [] [2024-06-19 13:12:21,599] []  INFO {org.wso2.carbon.event.stream.core.internal.EventJunction} - WSO2EventConsumer added to the junction. Stream:org.wso2.is.analytics.stream.OauthTokenValidation:1.0.0
TID: [] [] [2024-06-19 13:12:21,599] []  INFO {org.wso2.carbon.event.publisher.core.EventPublisherDeployer} - Event Publisher configuration successfully deployed and in active state : IsAnalytics-Publisher-wso2event-OauthTokenValidation
TID: [] [] [2024-06-19 13:12:21,599] []  INFO {org.wso2.carbon.event.stream.core.EventStreamDeployer} - Stream definition is deployed successfully  : org.wso2.is.analytics.stream.OauthTokenValidation:1.0.0
TID: [] [] [2024-06-19 13:12:21,600] []  INFO {org.wso2.carbon.event.publisher.core.EventPublisherDeployer} - Event Publisher undeployed successfully : IsAnalytics-Publisher-wso2event-AuthenticationData.xml
TID: [] [] [2024-06-19 13:12:21,601] []  INFO {org.wso2.carbon.event.stream.core.internal.EventJunction} - WSO2EventConsumer added to the junction. Stream:org.wso2.is.analytics.stream.OverallAuthentication:1.0.0
TID: [] [] [2024-06-19 13:12:21,602] []  INFO {org.wso2.carbon.event.publisher.core.EventPublisherDeployer} - Event Publisher configuration successfully deployed and in active state : IsAnalytics-Publisher-wso2event-AuthenticationData
TID: [] [] [2024-06-19 13:12:21,602] []  INFO {org.wso2.carbon.event.stream.core.EventStreamDeployer} - Stream definition is deployed successfully  : org.wso2.is.analytics.stream.OverallAuthentication:1.0.0
TID: [] [] [2024-06-19 13:12:21,603] []  INFO {org.wso2.carbon.event.publisher.core.EventPublisherDeployer} - Event Publisher undeployed successfully : IsAnalytics-Publisher-wso2event-AuthenticationData-1.1.0.xml
TID: [] [] [2024-06-19 13:12:21,603] []  INFO {org.wso2.carbon.event.stream.core.internal.EventJunction} - WSO2EventConsumer added to the junction. Stream:org.wso2.is.analytics.stream.OverallAuthentication:1.1.0
TID: [] [] [2024-06-19 13:12:21,604] []  INFO {org.wso2.carbon.event.publisher.core.EventPublisherDeployer} - Event Publisher configuration successfully deployed and in active state : IsAnalytics-Publisher-wso2event-AuthenticationData-1.1.0
TID: [] [] [2024-06-19 13:12:21,604] []  INFO {org.wso2.carbon.event.stream.core.EventStreamDeployer} - Stream definition is deployed successfully  : org.wso2.is.analytics.stream.OverallAuthentication:1.1.0
TID: [] [] [2024-06-19 13:12:21,604] []  INFO {org.wso2.carbon.event.publisher.core.EventPublisherDeployer} - Event Publisher undeployed successfully : IsAnalytics-Publisher-wso2event-RoleData.xml
TID: [] [] [2024-06-19 13:12:21,605] []  INFO {org.wso2.carbon.event.stream.core.internal.EventJunction} - WSO2EventConsumer added to the junction. Stream:org.wso2.is.analytics.stream.OverallRoleData:1.0.0
TID: [] [] [2024-06-19 13:12:21,605] []  INFO {org.wso2.carbon.event.publisher.core.EventPublisherDeployer} - Event Publisher configuration successfully deployed and in active state : IsAnalytics-Publisher-wso2event-RoleData
TID: [] [] [2024-06-19 13:12:21,605] []  INFO {org.wso2.carbon.event.stream.core.EventStreamDeployer} - Stream definition is deployed successfully  : org.wso2.is.analytics.stream.OverallRoleData:1.0.0
TID: [] [] [2024-06-19 13:12:21,606] []  INFO {org.wso2.carbon.event.stream.core.EventStreamDeployer} - Stream definition is deployed successfully  : org.wso2.is.analytics.stream.OverallSession:1.0.0
TID: [] [] [2024-06-19 13:12:21,607] []  INFO {org.wso2.carbon.event.publisher.core.EventPublisherDeployer} - Event Publisher undeployed successfully : IsAnalytics-Publisher-wso2event-SessionData.xml
TID: [] [] [2024-06-19 13:12:21,607] []  INFO {org.wso2.carbon.event.stream.core.internal.EventJunction} - WSO2EventConsumer added to the junction. Stream:org.wso2.is.analytics.stream.OverallSession:1.0.1
TID: [] [] [2024-06-19 13:12:21,607] []  INFO {org.wso2.carbon.event.publisher.core.EventPublisherDeployer} - Event Publisher configuration successfully deployed and in active state : IsAnalytics-Publisher-wso2event-SessionData
TID: [] [] [2024-06-19 13:12:21,607] []  INFO {org.wso2.carbon.event.stream.core.EventStreamDeployer} - Stream definition is deployed successfully  : org.wso2.is.analytics.stream.OverallSession:1.0.1
TID: [] [] [2024-06-19 13:12:21,608] []  INFO {org.wso2.carbon.event.publisher.core.EventPublisherDeployer} - Event Publisher undeployed successfully : IsAnalytics-Publisher-wso2event-UserData.xml
TID: [] [] [2024-06-19 13:12:21,609] []  INFO {org.wso2.carbon.event.stream.core.internal.EventJunction} - WSO2EventConsumer added to the junction. Stream:org.wso2.is.analytics.stream.OverallUserData:1.0.0
TID: [] [] [2024-06-19 13:12:21,609] []  INFO {org.wso2.carbon.event.publisher.core.EventPublisherDeployer} - Event Publisher configuration successfully deployed and in active state : IsAnalytics-Publisher-wso2event-UserData
TID: [] [] [2024-06-19 13:12:21,609] []  INFO {org.wso2.carbon.event.stream.core.EventStreamDeployer} - Stream definition is deployed successfully  : org.wso2.is.analytics.stream.OverallUserData:1.0.0
TID: [] [] [2024-06-19 13:12:21,718] []  INFO {org.apache.jasper.servlet.TldScanner} - At least one JAR was scanned for TLDs yet contained no TLDs. Enable debug logging for this logger for a complete list of JARs that were scanned but no TLDs were found in them. Skipping unneeded JARs during scanning can improve startup time and JSP compilation time.
TID: [] [] [2024-06-19 13:12:24,333] []  INFO {org.wso2.carbon.webapp.mgt.TomcatGenericWebappsDeployer} - Deployed webapp: StandardEngine[Catalina].StandardHost[localhost].StandardContext[/accountrecoveryendpoint].File[/Users/pamod/Desktop/setup/deployment/iam/wso2is-7.0.0/repository/deployment/server/webapps/accountrecoveryendpoint]
TID: [] [] [2024-06-19 13:12:26,802] []  INFO {org.hibernate.validator.internal.util.Version} - HV000001: Hibernate Validator 6.2.0.Final
TID: [] [] [2024-06-19 13:12:27,754] []  INFO {org.apache.cxf.endpoint.ServerImpl} - Setting the server's publish address to be /server/v1
TID: [] [] [2024-06-19 13:12:28,016] []  INFO {org.apache.cxf.endpoint.ServerImpl} - Setting the server's publish address to be /o/server/v1
TID: [] [] [2024-06-19 13:12:28,024] []  INFO {org.apache.cxf.endpoint.ServerImpl} - Setting the server's publish address to be /idle-account-identification/v1/
TID: [] [] [2024-06-19 13:12:28,145] []  INFO {org.apache.cxf.endpoint.ServerImpl} - Setting the server's publish address to be /users/v1
TID: [] [] [2024-06-19 13:12:28,200] []  INFO {org.apache.cxf.endpoint.ServerImpl} - Setting the server's publish address to be /o/users/v1
TID: [] [] [2024-06-19 13:12:28,213] []  INFO {org.apache.cxf.endpoint.ServerImpl} - Setting the server's publish address to be /users/v1/me/organizations
TID: [] [] [2024-06-19 13:12:28,220] []  INFO {org.apache.cxf.endpoint.ServerImpl} - Setting the server's publish address to be /o/users/v1/me/organizations
TID: [] [] [2024-06-19 13:12:28,248] []  INFO {org.apache.cxf.endpoint.ServerImpl} - Setting the server's publish address to be /users/v2
TID: [] [] [2024-06-19 13:12:28,260] []  INFO {org.apache.cxf.endpoint.ServerImpl} - Setting the server's publish address to be /o/users/v2
TID: [] [] [2024-06-19 13:12:28,302] []  INFO {org.apache.cxf.endpoint.ServerImpl} - Setting the server's publish address to be /identity/config-mgt/v1.0
TID: [] [] [2024-06-19 13:12:28,344] []  INFO {org.apache.cxf.endpoint.ServerImpl} - Setting the server's publish address to be /identity/entitlement/decision
TID: [] [] [2024-06-19 13:12:28,372] []  INFO {org.apache.cxf.endpoint.ServerImpl} - Setting the server's publish address to be /identity/recovery/v0.9
TID: [] [] [2024-06-19 13:12:28,404] []  INFO {org.apache.cxf.endpoint.ServerImpl} - Setting the server's publish address to be /identity/user/v1.0
TID: [] [] [2024-06-19 13:12:28,412] []  INFO {org.apache.cxf.endpoint.ServerImpl} - Setting the server's publish address to be /users/v2/me/webauthn
TID: [] [] [2024-06-19 13:12:28,432] []  INFO {org.apache.cxf.endpoint.ServerImpl} - Setting the server's publish address to be /identity/oauth2/dcr/v1.1
TID: [] [] [2024-06-19 13:12:28,448] []  INFO {org.apache.cxf.endpoint.ServerImpl} - Setting the server's publish address to be /identity/oauth2/v1.0
TID: [] [] [2024-06-19 13:12:28,482] []  INFO {org.apache.cxf.endpoint.ServerImpl} - Setting the server's publish address to be /identity/consent-mgt/v1.0
TID: [] [] [2024-06-19 13:12:28,499] []  INFO {org.apache.cxf.endpoint.ServerImpl} - Setting the server's publish address to be /identity/auth/v1.1
TID: [] [] [2024-06-19 13:12:28,537] []  INFO {org.wso2.carbon.webapp.mgt.TomcatGenericWebappsDeployer} - Deployed webapp: StandardEngine[Catalina].StandardHost[localhost].StandardContext[/api].File[/Users/pamod/Desktop/setup/deployment/iam/wso2is-7.0.0/repository/deployment/server/webapps/api]
TID: [] [] [2024-06-19 13:12:28,620] []  INFO {org.apache.cxf.endpoint.ServerImpl} - Setting the server's publish address to be /
TID: [] [] [2024-06-19 13:12:28,627] []  INFO {org.wso2.carbon.webapp.mgt.TomcatGenericWebappsDeployer} - Deployed webapp: StandardEngine[Catalina].StandardHost[localhost].StandardContext[/api/health-check/v1.0].File[/Users/pamod/Desktop/setup/deployment/iam/wso2is-7.0.0/repository/deployment/server/webapps/api#health-check#v1.0]
TID: [] [] [2024-06-19 13:12:28,680] []  INFO {org.apache.jasper.servlet.TldScanner} - At least one JAR was scanned for TLDs yet contained no TLDs. Enable debug logging for this logger for a complete list of JARs that were scanned but no TLDs were found in them. Skipping unneeded JARs during scanning can improve startup time and JSP compilation time.
TID: [] [] [2024-06-19 13:12:28,688] []  INFO {org.wso2.carbon.identity.application.authentication.endpoint.util.TenantDataManager} - EndpointConfig.properties file loaded from ./repository/conf/identity/EndpointConfig.properties
TID: [] [] [2024-06-19 13:12:28,695] []  INFO {org.wso2.carbon.identity.application.authentication.endpoint.util.MutualSSLManager} - EndpointConfig.properties file loaded from ./repository/conf/identity/EndpointConfig.properties
TID: [] [] [2024-06-19 13:12:28,708] []  INFO {org.wso2.carbon.identity.application.authentication.endpoint.util.EndpointConfigManager} - EndpointConfig.properties file loaded from ./repository/conf/identity/EndpointConfig.properties
TID: [] [] [2024-06-19 13:12:32,743] []  INFO {org.wso2.carbon.webapp.mgt.TomcatGenericWebappsDeployer} - Deployed webapp: StandardEngine[Catalina].StandardHost[localhost].StandardContext[/authenticationendpoint].File[/Users/pamod/Desktop/setup/deployment/iam/wso2is-7.0.0/repository/deployment/server/webapps/authenticationendpoint]
TID: [] [] [2024-06-19 13:12:32,770] []  INFO {org.apache.jasper.servlet.TldScanner} - At least one JAR was scanned for TLDs yet contained no TLDs. Enable debug logging for this logger for a complete list of JARs that were scanned but no TLDs were found in them. Skipping unneeded JARs during scanning can improve startup time and JSP compilation time.
TID: [] [] [2024-06-19 13:12:32,884] []  INFO {org.wso2.carbon.webapp.mgt.TomcatGenericWebappsDeployer} - Deployed webapp: StandardEngine[Catalina].StandardHost[localhost].StandardContext[/console].File[/Users/pamod/Desktop/setup/deployment/iam/wso2is-7.0.0/repository/deployment/server/webapps/console]
TID: [] [] [2024-06-19 13:12:32,909] []  INFO {org.apache.jasper.servlet.TldScanner} - At least one JAR was scanned for TLDs yet contained no TLDs. Enable debug logging for this logger for a complete list of JARs that were scanned but no TLDs were found in them. Skipping unneeded JARs during scanning can improve startup time and JSP compilation time.
TID: [] [] [2024-06-19 13:12:32,910] []  INFO {org.wso2.carbon.webapp.mgt.TomcatGenericWebappsDeployer} - Deployed webapp: StandardEngine[Catalina].StandardHost[localhost].StandardContext[/mex].File[/Users/pamod/Desktop/setup/deployment/iam/wso2is-7.0.0/repository/deployment/server/webapps/mex]
TID: [] [] [2024-06-19 13:12:32,937] []  INFO {org.apache.jasper.servlet.TldScanner} - At least one JAR was scanned for TLDs yet contained no TLDs. Enable debug logging for this logger for a complete list of JARs that were scanned but no TLDs were found in them. Skipping unneeded JARs during scanning can improve startup time and JSP compilation time.
TID: [] [] [2024-06-19 13:12:32,971] []  INFO {org.apache.cxf.endpoint.ServerImpl} - Setting the server's publish address to be /
TID: [] [] [2024-06-19 13:12:32,977] []  INFO {org.wso2.carbon.webapp.mgt.TomcatGenericWebappsDeployer} - Deployed webapp: StandardEngine[Catalina].StandardHost[localhost].StandardContext[/mexut].File[/Users/pamod/Desktop/setup/deployment/iam/wso2is-7.0.0/repository/deployment/server/webapps/mexut]
TID: [] [] [2024-06-19 13:12:33,002] []  INFO {org.apache.jasper.servlet.TldScanner} - At least one JAR was scanned for TLDs yet contained no TLDs. Enable debug logging for this logger for a complete list of JARs that were scanned but no TLDs were found in them. Skipping unneeded JARs during scanning can improve startup time and JSP compilation time.
TID: [] [] [2024-06-19 13:12:33,108] []  INFO {org.wso2.carbon.webapp.mgt.TomcatGenericWebappsDeployer} - Deployed webapp: StandardEngine[Catalina].StandardHost[localhost].StandardContext[/myaccount].File[/Users/pamod/Desktop/setup/deployment/iam/wso2is-7.0.0/repository/deployment/server/webapps/myaccount]
TID: [] [] [2024-06-19 13:12:33,202] []  INFO {org.apache.jasper.servlet.TldScanner} - At least one JAR was scanned for TLDs yet contained no TLDs. Enable debug logging for this logger for a complete list of JARs that were scanned but no TLDs were found in them. Skipping unneeded JARs during scanning can improve startup time and JSP compilation time.
TID: [] [] [2024-06-19 13:12:33,588] []  INFO {org.apache.cxf.endpoint.ServerImpl} - Setting the server's publish address to be /
TID: [] [] [2024-06-19 13:12:33,635] []  INFO {org.wso2.carbon.webapp.mgt.TomcatGenericWebappsDeployer} - Deployed webapp: StandardEngine[Catalina].StandardHost[localhost].StandardContext[/oauth2].File[/Users/pamod/Desktop/setup/deployment/iam/wso2is-7.0.0/repository/deployment/server/webapps/oauth2]
TID: [] [] [2024-06-19 13:12:33,734] []  INFO {org.apache.cxf.endpoint.ServerImpl} - Setting the server's publish address to be /Users
TID: [] [] [2024-06-19 13:12:33,737] []  INFO {org.apache.cxf.endpoint.ServerImpl} - Setting the server's publish address to be /o/Users
TID: [] [] [2024-06-19 13:12:33,759] []  INFO {org.apache.cxf.endpoint.ServerImpl} - Setting the server's publish address to be /Groups
TID: [] [] [2024-06-19 13:12:33,761] []  INFO {org.apache.cxf.endpoint.ServerImpl} - Setting the server's publish address to be /o/Groups
TID: [] [] [2024-06-19 13:12:33,763] []  INFO {org.apache.cxf.endpoint.ServerImpl} - Setting the server's publish address to be /Me
TID: [] [] [2024-06-19 13:12:33,764] []  INFO {org.apache.cxf.endpoint.ServerImpl} - Setting the server's publish address to be /ServiceProviderConfig
TID: [] [] [2024-06-19 13:12:33,765] []  INFO {org.apache.cxf.endpoint.ServerImpl} - Setting the server's publish address to be /ResourceTypes
TID: [] [] [2024-06-19 13:12:33,766] []  INFO {org.apache.cxf.endpoint.ServerImpl} - Setting the server's publish address to be /o/ResourceTypes
TID: [] [] [2024-06-19 13:12:33,768] []  INFO {org.apache.cxf.endpoint.ServerImpl} - Setting the server's publish address to be /Bulk
TID: [] [] [2024-06-19 13:12:33,770] []  INFO {org.apache.cxf.endpoint.ServerImpl} - Setting the server's publish address to be /o/Bulk
TID: [] [] [2024-06-19 13:12:33,772] []  INFO {org.apache.cxf.endpoint.ServerImpl} - Setting the server's publish address to be /Schemas
TID: [] [] [2024-06-19 13:12:33,773] []  INFO {org.apache.cxf.endpoint.ServerImpl} - Setting the server's publish address to be /o/Schemas
TID: [] [] [2024-06-19 13:12:33,775] []  INFO {org.apache.cxf.endpoint.ServerImpl} - Setting the server's publish address to be /Roles
TID: [] [] [2024-06-19 13:12:33,776] []  INFO {org.apache.cxf.endpoint.ServerImpl} - Setting the server's publish address to be /v2/Roles
TID: [] [] [2024-06-19 13:12:33,778] []  INFO {org.apache.cxf.endpoint.ServerImpl} - Setting the server's publish address to be /o/v2/Roles
TID: [] [] [2024-06-19 13:12:33,781] []  INFO {org.wso2.carbon.webapp.mgt.TomcatGenericWebappsDeployer} - Deployed webapp: StandardEngine[Catalina].StandardHost[localhost].StandardContext[/scim2].File[/Users/pamod/Desktop/setup/deployment/iam/wso2is-7.0.0/repository/deployment/server/webapps/scim2]
TID: [] [] [2024-06-19 13:12:33,821] []  INFO {org.apache.jasper.servlet.TldScanner} - At least one JAR was scanned for TLDs yet contained no TLDs. Enable debug logging for this logger for a complete list of JARs that were scanned but no TLDs were found in them. Skipping unneeded JARs during scanning can improve startup time and JSP compilation time.
TID: [] [] [2024-06-19 13:12:33,904] []  INFO {org.apache.cxf.endpoint.ServerImpl} - Setting the server's publish address to be /Users
TID: [] [] [2024-06-19 13:12:33,907] []  INFO {org.apache.cxf.endpoint.ServerImpl} - Setting the server's publish address to be /Groups
TID: [] [] [2024-06-19 13:12:33,909] []  INFO {org.apache.cxf.endpoint.ServerImpl} - Setting the server's publish address to be /Bulk
TID: [] [] [2024-06-19 13:12:33,913] []  INFO {org.wso2.carbon.webapp.mgt.TomcatGenericWebappsDeployer} - Deployed webapp: StandardEngine[Catalina].StandardHost[localhost].StandardContext[/wso2].File[/Users/pamod/Desktop/setup/deployment/iam/wso2is-7.0.0/repository/deployment/server/webapps/wso2]
TID: [] [] [2024-06-19 13:12:33,961] []  INFO {org.apache.jasper.servlet.TldScanner} - At least one JAR was scanned for TLDs yet contained no TLDs. Enable debug logging for this logger for a complete list of JARs that were scanned but no TLDs were found in them. Skipping unneeded JARs during scanning can improve startup time and JSP compilation time.
TID: [] [] [2024-06-19 13:12:33,964] []  INFO {org.wso2.carbon.webapp.mgt.TomcatGenericWebappsDeployer} - Deployed webapp: StandardEngine[Catalina].StandardHost[localhost].StandardContext[/x509certificateauthenticationendpoint].File[/Users/pamod/Desktop/setup/deployment/iam/wso2is-7.0.0/repository/deployment/server/webapps/x509certificateauthenticationendpoint]
TID: [] [] [2024-06-19 13:12:33,966] []  INFO {org.wso2.carbon.core.transports.http.HttpTransportListener} - HTTP port        : 9764
TID: [] [] [2024-06-19 13:12:33,966] []  INFO {org.wso2.carbon.core.transports.http.HttpsTransportListener} - HTTPS port       : 9444
TID: [] [] [2024-06-19 13:12:34,009] []  INFO {org.apache.tomcat.util.net.NioEndpoint.certificate} - Connector [https-jsse-nio-9443], TLS virtual host [_default_], certificate type [UNDEFINED] configured from keystore [/Users/pamod/Desktop/setup/deployment/iam/wso2is-7.0.0/repository/resources/security/wso2carbon.jks] using alias [wso2carbon] with trust store [/Users/pamod/Desktop/setup/deployment/iam/wso2is-7.0.0/repository/resources/security/client-truststore.jks]
TID: [] [] [2024-06-19 13:12:34,025] []  INFO {org.wso2.identity.apps.common.internal.AppsCommonServiceStartupObserver} - My Account URL : https://localhost:9444/myaccount
TID: [] [] [2024-06-19 13:12:34,025] []  INFO {org.wso2.identity.apps.common.internal.AppsCommonServiceStartupObserver} - Console URL : https://localhost:9444/console
TID: [] [] [2024-06-19 13:12:34,026] []  INFO {org.wso2.identity.apps.common.internal.AppsCommonServiceStartupObserver} - Identity apps common service component activated successfully.
TID: [] [] [2024-06-19 13:12:34,026] []  INFO {org.wso2.carbon.core.internal.StartupFinalizerServiceComponent} - Server           :  WSO2 Identity Server-7.0.0
TID: [] [] [2024-06-19 13:12:34,026] []  INFO {org.wso2.carbon.core.internal.StartupFinalizerServiceComponent} - WSO2 Carbon started in 29 sec
TID: [] [] [2024-06-19 13:12:34,349] []  INFO {org.apache.jasper.servlet.TldScanner} - At least one JAR was scanned for TLDs yet contained no TLDs. Enable debug logging for this logger for a complete list of JARs that were scanned but no TLDs were found in them. Skipping unneeded JARs during scanning can improve startup time and JSP compilation time.
TID: [] [] [2024-06-19 13:13:09,592] []  INFO {org.wso2.carbon.core.init.CarbonServerManager} - Shutdown hook triggered....
TID: [] [] [2024-06-19 13:13:09,593] []  INFO {org.wso2.carbon.core.init.CarbonServerManager} - Gracefully shutting down WSO2 Identity Server...
TID: [] [] [2024-06-19 13:13:09,595] []  INFO {org.wso2.carbon.core.ServerManagement} - Starting to switch to maintenance mode...
TID: [] [] [2024-06-19 13:13:09,596] []  INFO {org.wso2.carbon.core.ServerManagement} - Stopped all transport listeners
TID: [] [] [2024-06-19 13:13:09,596] []  INFO {org.wso2.carbon.core.ServerManagement} - Waiting for request service completion...
TID: [] [] [2024-06-19 13:13:09,602] []  INFO {org.wso2.carbon.core.ServerManagement} - All requests have been served.
TID: [] [] [2024-06-19 13:13:09,602] []  INFO {org.wso2.carbon.core.ServerManagement} - Waiting for deployment completion...
TID: [] [] [2024-06-19 13:13:09,659] []  INFO {org.wso2.carbon.webapp.mgt.WebApplication} - Unloaded webapp: StandardEngine[Catalina].StandardHost[localhost].StandardContext[/scim2]
TID: [] [] [2024-06-19 13:13:09,675] []  INFO {org.wso2.carbon.webapp.mgt.WebApplication} - Unloaded webapp: StandardEngine[Catalina].StandardHost[localhost].StandardContext[/x509certificateauthenticationendpoint]
TID: [] [] [2024-06-19 13:13:09,686] []  INFO {org.wso2.carbon.webapp.mgt.WebApplication} - Unloaded webapp: StandardEngine[Catalina].StandardHost[localhost].StandardContext[/myaccount]
TID: [] [] [2024-06-19 13:13:09,698] []  INFO {org.wso2.carbon.webapp.mgt.WebApplication} - Unloaded webapp: StandardEngine[Catalina].StandardHost[localhost].StandardContext[/oauth2]
TID: [] [] [2024-06-19 13:13:09,717] []  INFO {org.wso2.carbon.webapp.mgt.WebApplication} - Unloaded webapp: StandardEngine[Catalina].StandardHost[localhost].StandardContext[/authenticationendpoint]
TID: [] [] [2024-06-19 13:13:09,737] []  INFO {org.wso2.carbon.webapp.mgt.WebApplication} - Unloaded webapp: StandardEngine[Catalina].StandardHost[localhost].StandardContext[/api/health-check/v1.0]
TID: [] [] [2024-06-19 13:13:09,743] []  INFO {org.wso2.carbon.webapp.mgt.WebApplication} - Unloaded webapp: StandardEngine[Catalina].StandardHost[localhost].StandardContext[/mex]
TID: [] [] [2024-06-19 13:13:09,752] []  INFO {org.wso2.carbon.webapp.mgt.WebApplication} - Unloaded webapp: StandardEngine[Catalina].StandardHost[localhost].StandardContext[/wso2]
TID: [] [] [2024-06-19 13:13:09,759] []  INFO {org.wso2.carbon.webapp.mgt.WebApplication} - Unloaded webapp: StandardEngine[Catalina].StandardHost[localhost].StandardContext[/console]
TID: [] [] [2024-06-19 13:13:09,770] []  INFO {org.wso2.carbon.webapp.mgt.WebApplication} - Unloaded webapp: StandardEngine[Catalina].StandardHost[localhost].StandardContext[/accountrecoveryendpoint]
TID: [] [] [2024-06-19 13:13:09,777] []  INFO {org.wso2.carbon.webapp.mgt.WebApplication} - Unloaded webapp: StandardEngine[Catalina].StandardHost[localhost].StandardContext[/mexut]
TID: [] [] [2024-06-19 13:13:09,803] []  INFO {org.wso2.carbon.webapp.mgt.WebApplication} - Unloaded webapp: StandardEngine[Catalina].StandardHost[localhost].StandardContext[/api]
TID: [] [] [2024-06-19 13:13:09,803] []  INFO {org.wso2.carbon.core.ServerManagement} - All deployment tasks have been completed.
TID: [] [] [2024-06-19 13:13:09,803] []  INFO {org.wso2.carbon.core.ServerManagement} - Waiting for server task completion...
TID: [] [] [2024-06-19 13:13:09,804] []  INFO {org.wso2.carbon.core.ServerManagement} - All server tasks have been completed.
TID: [] [] [2024-06-19 13:13:09,805] []  INFO {org.wso2.carbon.core.init.CarbonServerManager} - Shutting down WSO2 Identity Server...
TID: [] [] [2024-06-19 13:13:09,805] []  INFO {org.wso2.carbon.core.init.CarbonServerManager} - Shutting down OSGi framework...
TID: [] [] [2024-06-19 13:13:09,817] []  INFO {org.wso2.carbon.core.init.CarbonServerManager} - Stopping CarbonServerManager...
TID: [] [] [2024-06-19 13:13:09,818] []  INFO {org.apache.axis2.transport.mail.MailTransportSender} - MAILTO Sender Shutdown
TID: [] [] [2024-06-19 13:13:09,888] []  INFO {org.wso2.carbon.tomcat.ext.internal.CarbonTomcatServiceComponent} - Stopping the carbon web-app registered under : /
TID: [] [] [2024-06-19 13:13:10,891] []  WARN {org.apache.tomcat.util.net.NioEndpoint} - Failed to unlock acceptor for [https-jsse-nio-9443] because the local address was not available
TID: [] [] [2024-06-19 13:13:10,992] []  INFO {org.wso2.carbon.event.publisher.core.EventPublisherDeployer} - Event Publisher undeployed successfully : SMSPublisher.xml
TID: [] [] [2024-06-19 13:13:10,994] []  INFO {org.wso2.carbon.event.publisher.core.EventPublisherDeployer} - Event Publisher deployment held back and in inactive state : SMSPublisher.xml, waiting for Output Event Adapter dependency : http
TID: [] [] [2024-06-19 13:13:10,994] []  INFO {org.wso2.carbon.event.publisher.core.internal.CarbonEventPublisherService} - Event publisher : SMSPublisher  is in inactive state because dependency could not be found : http
TID: [] [] [2024-06-19 13:13:10,994] []  INFO {org.wso2.carbon.event.publisher.core.EventPublisherDeployer} - Event Publisher undeployed successfully : EmailPublisher.xml
TID: [] [] [2024-06-19 13:13:10,994] []  INFO {org.wso2.carbon.event.publisher.core.EventPublisherDeployer} - Event Publisher deployment held back and in inactive state : EmailPublisher.xml, waiting for Output Event Adapter dependency : email
TID: [] [] [2024-06-19 13:13:10,995] []  INFO {org.wso2.carbon.event.publisher.core.internal.CarbonEventPublisherService} - Event publisher : EmailPublisher  is in inactive state because dependency could not be found : email
TID: [] [] [2024-06-19 13:13:10,995] []  INFO {org.wso2.carbon.event.publisher.core.EventPublisherDeployer} - Event Publisher undeployed successfully : IsAnalytics-Publisher-wso2event-AuthenticationData-1.1.0.xml
TID: [] [] [2024-06-19 13:13:10,995] []  INFO {org.wso2.carbon.event.publisher.core.EventPublisherDeployer} - Event Publisher deployment held back and in inactive state : IsAnalytics-Publisher-wso2event-AuthenticationData-1.1.0.xml, waiting for Output Event Adapter dependency : wso2event
TID: [] [] [2024-06-19 13:13:10,995] []  INFO {org.wso2.carbon.event.publisher.core.internal.CarbonEventPublisherService} - Event publisher : IsAnalytics-Publisher-wso2event-AuthenticationData-1.1.0  is in inactive state because dependency could not be found : wso2event
TID: [] [] [2024-06-19 13:13:10,995] []  INFO {org.wso2.carbon.event.publisher.core.EventPublisherDeployer} - Event Publisher undeployed successfully : IsAnalytics-Publisher-wso2event-UserData.xml
TID: [] [] [2024-06-19 13:13:10,996] []  INFO {org.wso2.carbon.event.publisher.core.EventPublisherDeployer} - Event Publisher deployment held back and in inactive state : IsAnalytics-Publisher-wso2event-UserData.xml, waiting for Output Event Adapter dependency : wso2event
TID: [] [] [2024-06-19 13:13:10,996] []  INFO {org.wso2.carbon.event.publisher.core.internal.CarbonEventPublisherService} - Event publisher : IsAnalytics-Publisher-wso2event-UserData  is in inactive state because dependency could not be found : wso2event
TID: [] [] [2024-06-19 13:13:10,996] []  INFO {org.wso2.carbon.event.publisher.core.EventPublisherDeployer} - Event Publisher undeployed successfully : IsAnalytics-Publisher-wso2event-OauthTokenIssueRefresh.xml
TID: [] [] [2024-06-19 13:13:10,997] []  INFO {org.wso2.carbon.event.publisher.core.EventPublisherDeployer} - Event Publisher deployment held back and in inactive state : IsAnalytics-Publisher-wso2event-OauthTokenIssueRefresh.xml, waiting for Output Event Adapter dependency : wso2event
TID: [] [] [2024-06-19 13:13:10,997] []  INFO {org.wso2.carbon.event.publisher.core.internal.CarbonEventPublisherService} - Event publisher : IsAnalytics-Publisher-wso2event-OauthTokenIssueRefresh  is in inactive state because dependency could not be found : wso2event
TID: [] [] [2024-06-19 13:13:10,997] []  INFO {org.wso2.carbon.event.publisher.core.EventPublisherDeployer} - Event Publisher undeployed successfully : IsAnalytics-Publisher-wso2event-OauthTokenValidation.xml
TID: [] [] [2024-06-19 13:13:10,997] []  INFO {org.wso2.carbon.event.publisher.core.EventPublisherDeployer} - Event Publisher deployment held back and in inactive state : IsAnalytics-Publisher-wso2event-OauthTokenValidation.xml, waiting for Output Event Adapter dependency : wso2event
TID: [] [] [2024-06-19 13:13:10,997] []  INFO {org.wso2.carbon.event.publisher.core.internal.CarbonEventPublisherService} - Event publisher : IsAnalytics-Publisher-wso2event-OauthTokenValidation  is in inactive state because dependency could not be found : wso2event
TID: [] [] [2024-06-19 13:13:10,997] []  INFO {org.wso2.carbon.event.publisher.core.EventPublisherDeployer} - Event Publisher undeployed successfully : IsAnalytics-Publisher-wso2event-OauthTokenRevocation.xml
TID: [] [] [2024-06-19 13:13:10,998] []  INFO {org.wso2.carbon.event.publisher.core.EventPublisherDeployer} - Event Publisher deployment held back and in inactive state : IsAnalytics-Publisher-wso2event-OauthTokenRevocation.xml, waiting for Output Event Adapter dependency : wso2event
TID: [] [] [2024-06-19 13:13:10,998] []  INFO {org.wso2.carbon.event.publisher.core.internal.CarbonEventPublisherService} - Event publisher : IsAnalytics-Publisher-wso2event-OauthTokenRevocation  is in inactive state because dependency could not be found : wso2event
TID: [] [] [2024-06-19 13:13:10,998] []  INFO {org.wso2.carbon.event.publisher.core.EventPublisherDeployer} - Event Publisher undeployed successfully : IsAnalytics-Publisher-wso2event-RoleData.xml
TID: [] [] [2024-06-19 13:13:10,998] []  INFO {org.wso2.carbon.event.publisher.core.EventPublisherDeployer} - Event Publisher deployment held back and in inactive state : IsAnalytics-Publisher-wso2event-RoleData.xml, waiting for Output Event Adapter dependency : wso2event
TID: [] [] [2024-06-19 13:13:10,998] []  INFO {org.wso2.carbon.event.publisher.core.internal.CarbonEventPublisherService} - Event publisher : IsAnalytics-Publisher-wso2event-RoleData  is in inactive state because dependency could not be found : wso2event
TID: [] [] [2024-06-19 13:13:10,998] []  INFO {org.wso2.carbon.event.publisher.core.EventPublisherDeployer} - Event Publisher undeployed successfully : IsAnalytics-Publisher-wso2event-SessionData.xml
TID: [] [] [2024-06-19 13:13:10,999] []  INFO {org.wso2.carbon.event.publisher.core.EventPublisherDeployer} - Event Publisher deployment held back and in inactive state : IsAnalytics-Publisher-wso2event-SessionData.xml, waiting for Output Event Adapter dependency : logger
TID: [] [] [2024-06-19 13:13:10,999] []  INFO {org.wso2.carbon.event.publisher.core.internal.CarbonEventPublisherService} - Event publisher : IsAnalytics-Publisher-wso2event-SessionData  is in inactive state because dependency could not be found : logger
TID: [] [] [2024-06-19 13:13:10,999] []  INFO {org.wso2.carbon.event.publisher.core.EventPublisherDeployer} - Event Publisher undeployed successfully : IsAnalytics-Publisher-wso2event-AuthenticationData.xml
TID: [] [] [2024-06-19 13:13:10,999] []  INFO {org.wso2.carbon.event.publisher.core.EventPublisherDeployer} - Event Publisher deployment held back and in inactive state : IsAnalytics-Publisher-wso2event-AuthenticationData.xml, waiting for Output Event Adapter dependency : logger
TID: [] [] [2024-06-19 13:13:10,999] []  INFO {org.wso2.carbon.event.publisher.core.internal.CarbonEventPublisherService} - Event publisher : IsAnalytics-Publisher-wso2event-AuthenticationData  is in inactive state because dependency could not be found : logger
TID: [-1234] [] [2024-06-19 13:13:11,124]  INFO {org.wso2.carbon.core.init.CarbonServerManager} - Shutdown complete 
TID: [-1234] [] [2024-06-19 13:13:11,124]  INFO {org.wso2.carbon.core.init.CarbonServerManager} - Halting JVM 
TID: [] [] [2024-06-19 13:15:27,055] []  INFO {org.ops4j.pax.logging.spi.support.EventAdminConfigurationNotifier} - Sending Event Admin notification (configuration successful) to org/ops4j/pax/logging/Configuration
TID: [] [] [2024-06-19 13:15:27,162] []  INFO {org.wso2.carbon.core.internal.CarbonCoreActivator} - Starting WSO2 Carbon...
TID: [] [] [2024-06-19 13:15:27,163] []  INFO {org.wso2.carbon.core.internal.CarbonCoreActivator} - Operating System : Mac OS X 13.5, aarch64
TID: [] [] [2024-06-19 13:15:27,163] []  INFO {org.wso2.carbon.core.internal.CarbonCoreActivator} - Java Home        : /Library/Java/JavaVirtualMachines/temurin-11.jdk/Contents/Home
TID: [] [] [2024-06-19 13:15:27,163] []  INFO {org.wso2.carbon.core.internal.CarbonCoreActivator} - Java Version     : 11.0.18
TID: [] [] [2024-06-19 13:15:27,163] []  INFO {org.wso2.carbon.core.internal.CarbonCoreActivator} - Java VM          : OpenJDK 64-Bit Server VM 11.0.18+10,Eclipse Adoptium
TID: [] [] [2024-06-19 13:15:27,163] []  INFO {org.wso2.carbon.core.internal.CarbonCoreActivator} - Carbon Home      : /Users/pamod/Desktop/setup/deployment/iam/wso2is-7.0.0
TID: [] [] [2024-06-19 13:15:27,163] []  INFO {org.wso2.carbon.core.internal.CarbonCoreActivator} - Java Temp Dir    : /Users/pamod/Desktop/setup/deployment/iam/wso2is-7.0.0/tmp
TID: [] [] [2024-06-19 13:15:27,163] []  INFO {org.wso2.carbon.core.internal.CarbonCoreActivator} - User             : pamod, en-LK, Asia/Colombo
TID: [] [] [2024-06-19 13:15:27,369] []  INFO {org.wso2.carbon.event.output.adapter.kafka.internal.ds.KafkaEventAdapterServiceDS} - Successfully deployed the Kafka output event adaptor service
TID: [] [] [2024-06-19 13:15:27,457] []  INFO {org.wso2.carbon.extension.identity.verification.provider.internal.IdVProviderMgtServiceComponent} - IdVProviderMgtService bundle activated successfully.
TID: [] [] [2024-06-19 13:15:27,590] []  INFO {org.wso2.carbon.identity.hash.provider.pbkdf2.internal.PBKDF2HashServiceComponent} - PBKDF2 bundle activated successfully.
TID: [] [] [2024-06-19 13:15:27,900] []  INFO {org.wso2.carbon.identity.user.onboard.core.service.internal.ServiceComponent} - User onboard api core service component activated successfully.
TID: [] [] [2024-06-19 13:15:28,000] []  INFO {org.wso2.carbon.mex.internal.Office365SupportMexComponent} - Office365Support MexServiceComponent bundle activated successfully..
TID: [] [] [2024-06-19 13:15:28,008] []  INFO {org.wso2.carbon.mex2.internal.DynamicCRMCustomMexComponent} - DynamicCRMSupport MexServiceComponent bundle activated successfully.
TID: [] [] [2024-06-19 13:15:28,955] []  INFO {org.apache.jasper.servlet.TldScanner} - At least one JAR was scanned for TLDs yet contained no TLDs. Enable debug logging for this logger for a complete list of JARs that were scanned but no TLDs were found in them. Skipping unneeded JARs during scanning can improve startup time and JSP compilation time.
TID: [] [] [2024-06-19 13:15:29,398] []  INFO {org.wso2.carbon.consent.mgt.core.internal.ConsentManagerComponent} - ConsentManagerComponent is activated.
TID: [] [] [2024-06-19 13:15:29,405] []  INFO {org.wso2.carbon.extension.identity.verification.mgt.internal.IdentityVerificationServiceComponent} - IdentityVerificationService bundle activated successfully.
TID: [] [] [2024-06-19 13:15:29,601] []  INFO {org.wso2.carbon.registry.core.jdbc.EmbeddedRegistryService} - Configured Registry in 39ms
TID: [] [] [2024-06-19 13:15:29,610] []  INFO {org.wso2.carbon.registry.core.jdbc.EmbeddedRegistryService} - Connected to mount at configregistry in 2ms
TID: [] [] [2024-06-19 13:15:29,610] []  INFO {org.wso2.carbon.registry.core.jdbc.EmbeddedRegistryService} - Connected to mount at govregistry in 2ms
TID: [] [] [2024-06-19 13:15:29,646] []  INFO {org.wso2.carbon.registry.core.jdbc.EmbeddedRegistryService} - Connected to mount at configregistry in 0ms
TID: [] [] [2024-06-19 13:15:29,646] []  INFO {org.wso2.carbon.registry.core.jdbc.EmbeddedRegistryService} - Connected to mount at govregistry in 0ms
TID: [] [] [2024-06-19 13:15:29,648] []  INFO {org.wso2.carbon.registry.core.internal.RegistryCoreServiceComponent} - Registry Mode    : READ-WRITE
TID: [] [] [2024-06-19 13:15:35,749] []  INFO {org.wso2.carbon.registry.indexing.solr.SolrClient} - Default Embedded Solr Server Initialized
TID: [] [] [2024-06-19 13:15:35,871] []  INFO {org.wso2.carbon.user.core.internal.UserStoreMgtDSComponent} - Carbon UserStoreMgtDSComponent activated successfully.
TID: [] [] [2024-06-19 13:15:36,135] []  INFO {org.wso2.carbon.identity.user.store.configuration.deployer.UserStoreConfigurationDeployer} - User Store Configuration Deployer initiated.
TID: [] [] [2024-06-19 13:15:36,135] []  INFO {org.wso2.carbon.identity.user.store.configuration.deployer.UserStoreConfigurationDeployer} - User Store Configuration Deployer initiated.
TID: [] [] [2024-06-19 13:15:36,138] []  INFO {org.apache.axis2.transport.mail.MailTransportSender} - MAILTO Sender started
TID: [] [] [2024-06-19 13:15:36,229] []  INFO {org.wso2.carbon.core.deployment.DeploymentInterceptor} - Deploying Axis2 service: AdminAdvisoryManagementService {super-tenant}
TID: [] [] [2024-06-19 13:15:36,346] []  INFO {org.wso2.carbon.core.deployment.DeploymentInterceptor} - Deploying Axis2 service: I18nEmailMgtConfigService {super-tenant}
TID: [] [] [2024-06-19 13:15:36,644] []  INFO {org.wso2.carbon.core.deployment.DeploymentInterceptor} - Deploying Axis2 service: AccountCredentialMgtConfigService {super-tenant}
TID: [] [] [2024-06-19 13:15:36,645] []  INFO {org.wso2.carbon.core.deployment.DeploymentInterceptor} - Deploying Axis2 service: UserIdentityManagementAdminService {super-tenant}
TID: [] [] [2024-06-19 13:15:36,645] []  INFO {org.wso2.carbon.core.deployment.DeploymentInterceptor} - Deploying Axis2 service: UserInformationRecoveryService {super-tenant}
TID: [] [] [2024-06-19 13:15:36,703] []  INFO {org.wso2.carbon.core.deployment.DeploymentInterceptor} - Deploying Axis2 service: SAMLQueryService {super-tenant}
TID: [] [] [2024-06-19 13:15:36,843] []  INFO {org.wso2.carbon.core.deployment.DeploymentInterceptor} - Deploying Axis2 service: mex-ut {super-tenant}
TID: [] [] [2024-06-19 13:15:36,846] []  INFO {org.wso2.carbon.core.deployment.DeploymentInterceptor} - Deploying Axis2 service: mex-ut2 {super-tenant}
TID: [] [] [2024-06-19 13:15:37,189] []  INFO {org.wso2.carbon.core.init.CarbonServerManager} - Repository       : /Users/pamod/Desktop/setup/deployment/iam/wso2is-7.0.0/repository/deployment/server/
TID: [] [] [2024-06-19 13:15:37,210] []  INFO {org.wso2.carbon.core.multitenancy.eager.TenantLoadingConfig} - Using tenant lazy loading policy...
TID: [] [] [2024-06-19 13:15:37,217] []  INFO {org.wso2.carbon.core.internal.permission.update.PermissionUpdater} - Permission cache updated for tenant -1234
TID: [] [] [2024-06-19 13:15:37,404] []  INFO {org.wso2.carbon.user.core.internal.UserStoreMgtDSComponent} - Claim manager set for class org.wso2.carbon.user.core.common.DefaultRealm
TID: [] [] [2024-06-19 13:15:37,406] []  INFO {org.wso2.carbon.user.core.internal.UserStoreMgtDSComponent} - Claim manager set for class org.wso2.carbon.user.core.jdbc.UniqueIDJDBCUserStoreManager
TID: [] [] [2024-06-19 13:15:37,502] []  INFO {org.wso2.carbon.identity.organization.discovery.service.internal.OrganizationDiscoveryServiceComponent} - Organization discovery service component activated successfully.
TID: [] [] [2024-06-19 13:15:37,599] []  WARN {org.wso2.carbon.identity.auth.service.internal.AuthenticationServiceComponent} - 

##################################  ALERT  ##################################
[WARNING]: Internal authentication is utilizing default credentials,
which may expose the environment to potential security risks.
If this is a production environment, change the credentials immediately.
#############################################################################

TID: [] [] [2024-06-19 13:15:37,607] []  INFO {org.wso2.carbon.identity.organization.management.tenant.association.internal.TenantAssociationServiceComponent} - Organization management related TenantAssociationManagementListener registered successfully.
TID: [] [] [2024-06-19 13:15:37,927] []  INFO {org.wso2.carbon.identity.authenticator.x509Certificate.internal.X509CertificateServiceComponent} - X509 Certificate Servlet activated successfully..
TID: [] [] [2024-06-19 13:15:38,063] []  INFO {org.wso2.carbon.identity.local.auth.api.core.internal.AuthAPIServiceComponent} - Auth API Service Component  is activated.
TID: [] [] [2024-06-19 13:15:38,132] []  INFO {org.wso2.balana.ConfigurationStore} - Loading runtime configuration
TID: [] [] [2024-06-19 13:15:38,187] []  INFO {org.wso2.carbon.identity.entitlement.internal.SchemaBuilder} - XACML policy schema loaded successfully.
TID: [] [] [2024-06-19 13:15:38,307] []  INFO {org.wso2.carbon.identity.organization.user.invitation.management.internal.UserInvitationMgtServiceComponent} - Organization User Invitation Mgt component activated successfully.
TID: [] [] [2024-06-19 13:15:38,309] []  INFO {org.wso2.carbon.identity.organization.user.invitation.management.internal.UserInvitationMgtServiceComponent} - Organization User Invitation Handler activated successfully.
TID: [] [] [2024-06-19 13:15:38,312] []  INFO {org.wso2.carbon.identity.organization.management.organization.user.sharing.internal.OrganizationUserSharingServiceComponent} - OrganizationUserSharingServiceComponent activated successfully.
TID: [] [] [2024-06-19 13:15:38,537] []  INFO {org.wso2.carbon.identity.application.authentication.framework.store.SessionDataStore} - Thread pool size for temporary authentication context data delete task: 20
TID: [] [] [2024-06-19 13:15:38,643] []  INFO {org.wso2.carbon.identity.oauth.config.OAuthServerConfiguration} - The default OAuth token issuer will be used. No custom token generator is set.
TID: [] [] [2024-06-19 13:15:38,644] []  INFO {org.wso2.carbon.identity.oauth.config.OAuthServerConfiguration} - An instance of org.wso2.carbon.identity.oauth2.token.OauthTokenIssuerImpl is created for Identity OAuth token generation.
TID: [] [] [2024-06-19 13:15:38,652] []  INFO {org.opensaml.core.config.InitializationService} - Initializing OpenSAML using the Java Services API
TID: [] [] [2024-06-19 13:15:39,755] []  INFO {org.wso2.carbon.healthcheck.api.core.internal.HealthMonitorServiceComponent} - Carbon health monitoring service is activated..
TID: [] [] [2024-06-19 13:15:40,050] []  INFO {org.wso2.carbon.event.publisher.core.EventPublisherDeployer} - Event Publisher deployment held back and in inactive state :EmailPublisher.xml, Stream validation exception : Stream id_gov_notify_stream:1.0.0 does not exist
TID: [] [] [2024-06-19 13:15:40,051] []  INFO {org.wso2.carbon.event.publisher.core.EventPublisherDeployer} - Event Publisher deployment held back and in inactive state :IsAnalytics-Publisher-wso2event-AuthenticationData-1.1.0.xml, Stream validation exception : Stream org.wso2.is.analytics.stream.OverallAuthentication:1.1.0 does not exist
TID: [] [] [2024-06-19 13:15:40,052] []  INFO {org.wso2.carbon.event.publisher.core.EventPublisherDeployer} - Event Publisher deployment held back and in inactive state :IsAnalytics-Publisher-wso2event-AuthenticationData.xml, Stream validation exception : Stream org.wso2.is.analytics.stream.OverallAuthentication:1.0.0 does not exist
TID: [] [] [2024-06-19 13:15:40,052] []  INFO {org.wso2.carbon.event.publisher.core.EventPublisherDeployer} - Event Publisher deployment held back and in inactive state :IsAnalytics-Publisher-wso2event-OauthTokenIssueRefresh.xml, Stream validation exception : Stream org.wso2.is.analytics.stream.OauthTokenIssuance:1.0.0 does not exist
TID: [] [] [2024-06-19 13:15:40,053] []  INFO {org.wso2.carbon.event.publisher.core.EventPublisherDeployer} - Event Publisher deployment held back and in inactive state :IsAnalytics-Publisher-wso2event-OauthTokenRevocation.xml, Stream validation exception : Stream org.wso2.is.analytics.stream.OauthTokenRevocation:1.0.0 does not exist
TID: [] [] [2024-06-19 13:15:40,053] []  INFO {org.wso2.carbon.event.publisher.core.EventPublisherDeployer} - Event Publisher deployment held back and in inactive state :IsAnalytics-Publisher-wso2event-OauthTokenValidation.xml, Stream validation exception : Stream org.wso2.is.analytics.stream.OauthTokenValidation:1.0.0 does not exist
TID: [] [] [2024-06-19 13:15:40,053] []  INFO {org.wso2.carbon.event.publisher.core.EventPublisherDeployer} - Event Publisher deployment held back and in inactive state :IsAnalytics-Publisher-wso2event-RoleData.xml, Stream validation exception : Stream org.wso2.is.analytics.stream.OverallRoleData:1.0.0 does not exist
TID: [] [] [2024-06-19 13:15:40,057] []  INFO {org.wso2.carbon.event.publisher.core.EventPublisherDeployer} - Event Publisher deployment held back and in inactive state :IsAnalytics-Publisher-wso2event-SessionData.xml, Stream validation exception : Stream org.wso2.is.analytics.stream.OverallSession:1.0.1 does not exist
TID: [] [] [2024-06-19 13:15:40,058] []  INFO {org.wso2.carbon.event.publisher.core.EventPublisherDeployer} - Event Publisher deployment held back and in inactive state :IsAnalytics-Publisher-wso2event-UserData.xml, Stream validation exception : Stream org.wso2.is.analytics.stream.OverallUserData:1.0.0 does not exist
TID: [] [] [2024-06-19 13:15:40,058] []  INFO {org.wso2.carbon.event.publisher.core.EventPublisherDeployer} - Event Publisher deployment held back and in inactive state :SMSPublisher.xml, Stream validation exception : Stream id_gov_sms_notify_stream:1.0.0 does not exist
TID: [] [] [2024-06-19 13:15:40,064] []  INFO {org.wso2.carbon.event.publisher.core.EventPublisherDeployer} - Event Publisher undeployed successfully : EmailPublisher.xml
TID: [] [] [2024-06-19 13:15:40,073] []  INFO {org.wso2.carbon.event.stream.core.internal.EventJunction} - WSO2EventConsumer added to the junction. Stream:id_gov_notify_stream:1.0.0
TID: [] [] [2024-06-19 13:15:40,074] []  INFO {org.wso2.carbon.event.publisher.core.EventPublisherDeployer} - Event Publisher configuration successfully deployed and in active state : EmailPublisher
TID: [] [] [2024-06-19 13:15:40,075] []  INFO {org.wso2.carbon.event.stream.core.EventStreamDeployer} - Stream definition is deployed successfully  : id_gov_notify_stream:1.0.0
TID: [] [] [2024-06-19 13:15:40,075] []  INFO {org.wso2.carbon.event.publisher.core.EventPublisherDeployer} - Event Publisher undeployed successfully : SMSPublisher.xml
TID: [] [] [2024-06-19 13:15:40,077] []  INFO {org.wso2.carbon.event.stream.core.internal.EventJunction} - WSO2EventConsumer added to the junction. Stream:id_gov_sms_notify_stream:1.0.0
TID: [] [] [2024-06-19 13:15:40,078] []  INFO {org.wso2.carbon.event.publisher.core.EventPublisherDeployer} - Event Publisher configuration successfully deployed and in active state : SMSPublisher
TID: [] [] [2024-06-19 13:15:40,078] []  INFO {org.wso2.carbon.event.stream.core.EventStreamDeployer} - Stream definition is deployed successfully  : id_gov_sms_notify_stream:1.0.0
TID: [] [] [2024-06-19 13:15:40,079] []  INFO {org.wso2.carbon.event.publisher.core.EventPublisherDeployer} - Event Publisher undeployed successfully : IsAnalytics-Publisher-wso2event-OauthTokenIssueRefresh.xml
TID: [] [] [2024-06-19 13:15:40,096] []  INFO {org.wso2.carbon.event.stream.core.internal.EventJunction} - WSO2EventConsumer added to the junction. Stream:org.wso2.is.analytics.stream.OauthTokenIssuance:1.0.0
TID: [] [] [2024-06-19 13:15:40,097] []  INFO {org.wso2.carbon.event.publisher.core.EventPublisherDeployer} - Event Publisher configuration successfully deployed and in active state : IsAnalytics-Publisher-wso2event-OauthTokenIssueRefresh
TID: [] [] [2024-06-19 13:15:40,098] []  INFO {org.wso2.carbon.event.stream.core.EventStreamDeployer} - Stream definition is deployed successfully  : org.wso2.is.analytics.stream.OauthTokenIssuance:1.0.0
TID: [] [] [2024-06-19 13:15:40,099] []  INFO {org.wso2.carbon.event.publisher.core.EventPublisherDeployer} - Event Publisher undeployed successfully : IsAnalytics-Publisher-wso2event-OauthTokenRevocation.xml
TID: [] [] [2024-06-19 13:15:40,105] []  INFO {org.wso2.carbon.event.stream.core.internal.EventJunction} - WSO2EventConsumer added to the junction. Stream:org.wso2.is.analytics.stream.OauthTokenRevocation:1.0.0
TID: [] [] [2024-06-19 13:15:40,106] []  INFO {org.wso2.carbon.event.publisher.core.EventPublisherDeployer} - Event Publisher configuration successfully deployed and in active state : IsAnalytics-Publisher-wso2event-OauthTokenRevocation
TID: [] [] [2024-06-19 13:15:40,106] []  INFO {org.wso2.carbon.event.stream.core.EventStreamDeployer} - Stream definition is deployed successfully  : org.wso2.is.analytics.stream.OauthTokenRevocation:1.0.0
TID: [] [] [2024-06-19 13:15:40,107] []  INFO {org.wso2.carbon.event.publisher.core.EventPublisherDeployer} - Event Publisher undeployed successfully : IsAnalytics-Publisher-wso2event-OauthTokenValidation.xml
TID: [] [] [2024-06-19 13:15:40,108] []  INFO {org.wso2.carbon.event.stream.core.internal.EventJunction} - WSO2EventConsumer added to the junction. Stream:org.wso2.is.analytics.stream.OauthTokenValidation:1.0.0
TID: [] [] [2024-06-19 13:15:40,108] []  INFO {org.wso2.carbon.event.publisher.core.EventPublisherDeployer} - Event Publisher configuration successfully deployed and in active state : IsAnalytics-Publisher-wso2event-OauthTokenValidation
TID: [] [] [2024-06-19 13:15:40,108] []  INFO {org.wso2.carbon.event.stream.core.EventStreamDeployer} - Stream definition is deployed successfully  : org.wso2.is.analytics.stream.OauthTokenValidation:1.0.0
TID: [] [] [2024-06-19 13:15:40,109] []  INFO {org.wso2.carbon.event.publisher.core.EventPublisherDeployer} - Event Publisher undeployed successfully : IsAnalytics-Publisher-wso2event-AuthenticationData.xml
TID: [] [] [2024-06-19 13:15:40,111] []  INFO {org.wso2.carbon.event.stream.core.internal.EventJunction} - WSO2EventConsumer added to the junction. Stream:org.wso2.is.analytics.stream.OverallAuthentication:1.0.0
TID: [] [] [2024-06-19 13:15:40,112] []  INFO {org.wso2.carbon.event.publisher.core.EventPublisherDeployer} - Event Publisher configuration successfully deployed and in active state : IsAnalytics-Publisher-wso2event-AuthenticationData
TID: [] [] [2024-06-19 13:15:40,112] []  INFO {org.wso2.carbon.event.stream.core.EventStreamDeployer} - Stream definition is deployed successfully  : org.wso2.is.analytics.stream.OverallAuthentication:1.0.0
TID: [] [] [2024-06-19 13:15:40,113] []  INFO {org.wso2.carbon.event.publisher.core.EventPublisherDeployer} - Event Publisher undeployed successfully : IsAnalytics-Publisher-wso2event-AuthenticationData-1.1.0.xml
TID: [] [] [2024-06-19 13:15:40,115] []  INFO {org.wso2.carbon.event.stream.core.internal.EventJunction} - WSO2EventConsumer added to the junction. Stream:org.wso2.is.analytics.stream.OverallAuthentication:1.1.0
TID: [] [] [2024-06-19 13:15:40,115] []  INFO {org.wso2.carbon.event.publisher.core.EventPublisherDeployer} - Event Publisher configuration successfully deployed and in active state : IsAnalytics-Publisher-wso2event-AuthenticationData-1.1.0
TID: [] [] [2024-06-19 13:15:40,115] []  INFO {org.wso2.carbon.event.stream.core.EventStreamDeployer} - Stream definition is deployed successfully  : org.wso2.is.analytics.stream.OverallAuthentication:1.1.0
TID: [] [] [2024-06-19 13:15:40,115] []  INFO {org.wso2.carbon.event.publisher.core.EventPublisherDeployer} - Event Publisher undeployed successfully : IsAnalytics-Publisher-wso2event-RoleData.xml
TID: [] [] [2024-06-19 13:15:40,116] []  INFO {org.wso2.carbon.event.stream.core.internal.EventJunction} - WSO2EventConsumer added to the junction. Stream:org.wso2.is.analytics.stream.OverallRoleData:1.0.0
TID: [] [] [2024-06-19 13:15:40,117] []  INFO {org.wso2.carbon.event.publisher.core.EventPublisherDeployer} - Event Publisher configuration successfully deployed and in active state : IsAnalytics-Publisher-wso2event-RoleData
TID: [] [] [2024-06-19 13:15:40,117] []  INFO {org.wso2.carbon.event.stream.core.EventStreamDeployer} - Stream definition is deployed successfully  : org.wso2.is.analytics.stream.OverallRoleData:1.0.0
TID: [] [] [2024-06-19 13:15:40,117] []  INFO {org.wso2.carbon.event.stream.core.EventStreamDeployer} - Stream definition is deployed successfully  : org.wso2.is.analytics.stream.OverallSession:1.0.0
TID: [] [] [2024-06-19 13:15:40,118] []  INFO {org.wso2.carbon.event.publisher.core.EventPublisherDeployer} - Event Publisher undeployed successfully : IsAnalytics-Publisher-wso2event-SessionData.xml
TID: [] [] [2024-06-19 13:15:40,119] []  INFO {org.wso2.carbon.event.stream.core.internal.EventJunction} - WSO2EventConsumer added to the junction. Stream:org.wso2.is.analytics.stream.OverallSession:1.0.1
TID: [] [] [2024-06-19 13:15:40,119] []  INFO {org.wso2.carbon.event.publisher.core.EventPublisherDeployer} - Event Publisher configuration successfully deployed and in active state : IsAnalytics-Publisher-wso2event-SessionData
TID: [] [] [2024-06-19 13:15:40,119] []  INFO {org.wso2.carbon.event.stream.core.EventStreamDeployer} - Stream definition is deployed successfully  : org.wso2.is.analytics.stream.OverallSession:1.0.1
TID: [] [] [2024-06-19 13:15:40,119] []  INFO {org.wso2.carbon.event.publisher.core.EventPublisherDeployer} - Event Publisher undeployed successfully : IsAnalytics-Publisher-wso2event-UserData.xml
TID: [] [] [2024-06-19 13:15:40,120] []  INFO {org.wso2.carbon.event.stream.core.internal.EventJunction} - WSO2EventConsumer added to the junction. Stream:org.wso2.is.analytics.stream.OverallUserData:1.0.0
TID: [] [] [2024-06-19 13:15:40,120] []  INFO {org.wso2.carbon.event.publisher.core.EventPublisherDeployer} - Event Publisher configuration successfully deployed and in active state : IsAnalytics-Publisher-wso2event-UserData
TID: [] [] [2024-06-19 13:15:40,120] []  INFO {org.wso2.carbon.event.stream.core.EventStreamDeployer} - Stream definition is deployed successfully  : org.wso2.is.analytics.stream.OverallUserData:1.0.0
TID: [] [] [2024-06-19 13:15:40,232] []  INFO {org.apache.jasper.servlet.TldScanner} - At least one JAR was scanned for TLDs yet contained no TLDs. Enable debug logging for this logger for a complete list of JARs that were scanned but no TLDs were found in them. Skipping unneeded JARs during scanning can improve startup time and JSP compilation time.
TID: [] [] [2024-06-19 13:15:42,785] []  INFO {org.wso2.carbon.webapp.mgt.TomcatGenericWebappsDeployer} - Deployed webapp: StandardEngine[Catalina].StandardHost[localhost].StandardContext[/accountrecoveryendpoint].File[/Users/pamod/Desktop/setup/deployment/iam/wso2is-7.0.0/repository/deployment/server/webapps/accountrecoveryendpoint]
TID: [] [] [2024-06-19 13:15:45,162] []  INFO {org.hibernate.validator.internal.util.Version} - HV000001: Hibernate Validator 6.2.0.Final
TID: [] [] [2024-06-19 13:15:46,081] []  INFO {org.apache.cxf.endpoint.ServerImpl} - Setting the server's publish address to be /server/v1
TID: [] [] [2024-06-19 13:15:46,338] []  INFO {org.apache.cxf.endpoint.ServerImpl} - Setting the server's publish address to be /o/server/v1
TID: [] [] [2024-06-19 13:15:46,345] []  INFO {org.apache.cxf.endpoint.ServerImpl} - Setting the server's publish address to be /idle-account-identification/v1/
TID: [] [] [2024-06-19 13:15:46,462] []  INFO {org.apache.cxf.endpoint.ServerImpl} - Setting the server's publish address to be /users/v1
TID: [] [] [2024-06-19 13:15:46,516] []  INFO {org.apache.cxf.endpoint.ServerImpl} - Setting the server's publish address to be /o/users/v1
TID: [] [] [2024-06-19 13:15:46,529] []  INFO {org.apache.cxf.endpoint.ServerImpl} - Setting the server's publish address to be /users/v1/me/organizations
TID: [] [] [2024-06-19 13:15:46,536] []  INFO {org.apache.cxf.endpoint.ServerImpl} - Setting the server's publish address to be /o/users/v1/me/organizations
TID: [] [] [2024-06-19 13:15:46,573] []  INFO {org.apache.cxf.endpoint.ServerImpl} - Setting the server's publish address to be /users/v2
TID: [] [] [2024-06-19 13:15:46,585] []  INFO {org.apache.cxf.endpoint.ServerImpl} - Setting the server's publish address to be /o/users/v2
TID: [] [] [2024-06-19 13:15:46,625] []  INFO {org.apache.cxf.endpoint.ServerImpl} - Setting the server's publish address to be /identity/config-mgt/v1.0
TID: [] [] [2024-06-19 13:15:46,667] []  INFO {org.apache.cxf.endpoint.ServerImpl} - Setting the server's publish address to be /identity/entitlement/decision
TID: [] [] [2024-06-19 13:15:46,695] []  INFO {org.apache.cxf.endpoint.ServerImpl} - Setting the server's publish address to be /identity/recovery/v0.9
TID: [] [] [2024-06-19 13:15:46,725] []  INFO {org.apache.cxf.endpoint.ServerImpl} - Setting the server's publish address to be /identity/user/v1.0
TID: [] [] [2024-06-19 13:15:46,733] []  INFO {org.apache.cxf.endpoint.ServerImpl} - Setting the server's publish address to be /users/v2/me/webauthn
TID: [] [] [2024-06-19 13:15:46,752] []  INFO {org.apache.cxf.endpoint.ServerImpl} - Setting the server's publish address to be /identity/oauth2/dcr/v1.1
TID: [] [] [2024-06-19 13:15:46,766] []  INFO {org.apache.cxf.endpoint.ServerImpl} - Setting the server's publish address to be /identity/oauth2/v1.0
TID: [] [] [2024-06-19 13:15:46,797] []  INFO {org.apache.cxf.endpoint.ServerImpl} - Setting the server's publish address to be /identity/consent-mgt/v1.0
TID: [] [] [2024-06-19 13:15:46,817] []  INFO {org.apache.cxf.endpoint.ServerImpl} - Setting the server's publish address to be /identity/auth/v1.1
TID: [] [] [2024-06-19 13:15:46,852] []  INFO {org.wso2.carbon.webapp.mgt.TomcatGenericWebappsDeployer} - Deployed webapp: StandardEngine[Catalina].StandardHost[localhost].StandardContext[/api].File[/Users/pamod/Desktop/setup/deployment/iam/wso2is-7.0.0/repository/deployment/server/webapps/api]
TID: [] [] [2024-06-19 13:15:46,930] []  INFO {org.apache.cxf.endpoint.ServerImpl} - Setting the server's publish address to be /
TID: [] [] [2024-06-19 13:15:46,937] []  INFO {org.wso2.carbon.webapp.mgt.TomcatGenericWebappsDeployer} - Deployed webapp: StandardEngine[Catalina].StandardHost[localhost].StandardContext[/api/health-check/v1.0].File[/Users/pamod/Desktop/setup/deployment/iam/wso2is-7.0.0/repository/deployment/server/webapps/api#health-check#v1.0]
TID: [] [] [2024-06-19 13:15:46,985] []  INFO {org.apache.jasper.servlet.TldScanner} - At least one JAR was scanned for TLDs yet contained no TLDs. Enable debug logging for this logger for a complete list of JARs that were scanned but no TLDs were found in them. Skipping unneeded JARs during scanning can improve startup time and JSP compilation time.
TID: [] [] [2024-06-19 13:15:46,990] []  INFO {org.wso2.carbon.identity.application.authentication.endpoint.util.TenantDataManager} - EndpointConfig.properties file loaded from ./repository/conf/identity/EndpointConfig.properties
TID: [] [] [2024-06-19 13:15:46,996] []  INFO {org.wso2.carbon.identity.application.authentication.endpoint.util.MutualSSLManager} - EndpointConfig.properties file loaded from ./repository/conf/identity/EndpointConfig.properties
TID: [] [] [2024-06-19 13:15:47,007] []  INFO {org.wso2.carbon.identity.application.authentication.endpoint.util.EndpointConfigManager} - EndpointConfig.properties file loaded from ./repository/conf/identity/EndpointConfig.properties
TID: [] [] [2024-06-19 13:15:51,239] []  INFO {org.wso2.carbon.webapp.mgt.TomcatGenericWebappsDeployer} - Deployed webapp: StandardEngine[Catalina].StandardHost[localhost].StandardContext[/authenticationendpoint].File[/Users/pamod/Desktop/setup/deployment/iam/wso2is-7.0.0/repository/deployment/server/webapps/authenticationendpoint]
TID: [] [] [2024-06-19 13:15:51,265] []  INFO {org.apache.jasper.servlet.TldScanner} - At least one JAR was scanned for TLDs yet contained no TLDs. Enable debug logging for this logger for a complete list of JARs that were scanned but no TLDs were found in them. Skipping unneeded JARs during scanning can improve startup time and JSP compilation time.
TID: [] [] [2024-06-19 13:15:51,379] []  INFO {org.wso2.carbon.webapp.mgt.TomcatGenericWebappsDeployer} - Deployed webapp: StandardEngine[Catalina].StandardHost[localhost].StandardContext[/console].File[/Users/pamod/Desktop/setup/deployment/iam/wso2is-7.0.0/repository/deployment/server/webapps/console]
TID: [] [] [2024-06-19 13:15:51,404] []  INFO {org.apache.jasper.servlet.TldScanner} - At least one JAR was scanned for TLDs yet contained no TLDs. Enable debug logging for this logger for a complete list of JARs that were scanned but no TLDs were found in them. Skipping unneeded JARs during scanning can improve startup time and JSP compilation time.
TID: [] [] [2024-06-19 13:15:51,404] []  INFO {org.wso2.carbon.webapp.mgt.TomcatGenericWebappsDeployer} - Deployed webapp: StandardEngine[Catalina].StandardHost[localhost].StandardContext[/mex].File[/Users/pamod/Desktop/setup/deployment/iam/wso2is-7.0.0/repository/deployment/server/webapps/mex]
TID: [] [] [2024-06-19 13:15:51,431] []  INFO {org.apache.jasper.servlet.TldScanner} - At least one JAR was scanned for TLDs yet contained no TLDs. Enable debug logging for this logger for a complete list of JARs that were scanned but no TLDs were found in them. Skipping unneeded JARs during scanning can improve startup time and JSP compilation time.
TID: [] [] [2024-06-19 13:15:51,466] []  INFO {org.apache.cxf.endpoint.ServerImpl} - Setting the server's publish address to be /
TID: [] [] [2024-06-19 13:15:51,472] []  INFO {org.wso2.carbon.webapp.mgt.TomcatGenericWebappsDeployer} - Deployed webapp: StandardEngine[Catalina].StandardHost[localhost].StandardContext[/mexut].File[/Users/pamod/Desktop/setup/deployment/iam/wso2is-7.0.0/repository/deployment/server/webapps/mexut]
TID: [] [] [2024-06-19 13:15:51,498] []  INFO {org.apache.jasper.servlet.TldScanner} - At least one JAR was scanned for TLDs yet contained no TLDs. Enable debug logging for this logger for a complete list of JARs that were scanned but no TLDs were found in them. Skipping unneeded JARs during scanning can improve startup time and JSP compilation time.
TID: [] [] [2024-06-19 13:15:51,602] []  INFO {org.wso2.carbon.webapp.mgt.TomcatGenericWebappsDeployer} - Deployed webapp: StandardEngine[Catalina].StandardHost[localhost].StandardContext[/myaccount].File[/Users/pamod/Desktop/setup/deployment/iam/wso2is-7.0.0/repository/deployment/server/webapps/myaccount]
TID: [] [] [2024-06-19 13:15:51,691] []  INFO {org.apache.jasper.servlet.TldScanner} - At least one JAR was scanned for TLDs yet contained no TLDs. Enable debug logging for this logger for a complete list of JARs that were scanned but no TLDs were found in them. Skipping unneeded JARs during scanning can improve startup time and JSP compilation time.
TID: [] [] [2024-06-19 13:15:52,057] []  INFO {org.apache.cxf.endpoint.ServerImpl} - Setting the server's publish address to be /
TID: [] [] [2024-06-19 13:15:52,101] []  INFO {org.wso2.carbon.webapp.mgt.TomcatGenericWebappsDeployer} - Deployed webapp: StandardEngine[Catalina].StandardHost[localhost].StandardContext[/oauth2].File[/Users/pamod/Desktop/setup/deployment/iam/wso2is-7.0.0/repository/deployment/server/webapps/oauth2]
TID: [] [] [2024-06-19 13:15:52,210] []  INFO {org.apache.cxf.endpoint.ServerImpl} - Setting the server's publish address to be /Users
TID: [] [] [2024-06-19 13:15:52,213] []  INFO {org.apache.cxf.endpoint.ServerImpl} - Setting the server's publish address to be /o/Users
TID: [] [] [2024-06-19 13:15:52,234] []  INFO {org.apache.cxf.endpoint.ServerImpl} - Setting the server's publish address to be /Groups
TID: [] [] [2024-06-19 13:15:52,237] []  INFO {org.apache.cxf.endpoint.ServerImpl} - Setting the server's publish address to be /o/Groups
TID: [] [] [2024-06-19 13:15:52,239] []  INFO {org.apache.cxf.endpoint.ServerImpl} - Setting the server's publish address to be /Me
TID: [] [] [2024-06-19 13:15:52,240] []  INFO {org.apache.cxf.endpoint.ServerImpl} - Setting the server's publish address to be /ServiceProviderConfig
TID: [] [] [2024-06-19 13:15:52,242] []  INFO {org.apache.cxf.endpoint.ServerImpl} - Setting the server's publish address to be /ResourceTypes
TID: [] [] [2024-06-19 13:15:52,244] []  INFO {org.apache.cxf.endpoint.ServerImpl} - Setting the server's publish address to be /o/ResourceTypes
TID: [] [] [2024-06-19 13:15:52,245] []  INFO {org.apache.cxf.endpoint.ServerImpl} - Setting the server's publish address to be /Bulk
TID: [] [] [2024-06-19 13:15:52,246] []  INFO {org.apache.cxf.endpoint.ServerImpl} - Setting the server's publish address to be /o/Bulk
TID: [] [] [2024-06-19 13:15:52,247] []  INFO {org.apache.cxf.endpoint.ServerImpl} - Setting the server's publish address to be /Schemas
TID: [] [] [2024-06-19 13:15:52,249] []  INFO {org.apache.cxf.endpoint.ServerImpl} - Setting the server's publish address to be /o/Schemas
TID: [] [] [2024-06-19 13:15:52,250] []  INFO {org.apache.cxf.endpoint.ServerImpl} - Setting the server's publish address to be /Roles
TID: [] [] [2024-06-19 13:15:52,251] []  INFO {org.apache.cxf.endpoint.ServerImpl} - Setting the server's publish address to be /v2/Roles
TID: [] [] [2024-06-19 13:15:52,253] []  INFO {org.apache.cxf.endpoint.ServerImpl} - Setting the server's publish address to be /o/v2/Roles
TID: [] [] [2024-06-19 13:15:52,257] []  INFO {org.wso2.carbon.webapp.mgt.TomcatGenericWebappsDeployer} - Deployed webapp: StandardEngine[Catalina].StandardHost[localhost].StandardContext[/scim2].File[/Users/pamod/Desktop/setup/deployment/iam/wso2is-7.0.0/repository/deployment/server/webapps/scim2]
TID: [] [] [2024-06-19 13:15:52,296] []  INFO {org.apache.jasper.servlet.TldScanner} - At least one JAR was scanned for TLDs yet contained no TLDs. Enable debug logging for this logger for a complete list of JARs that were scanned but no TLDs were found in them. Skipping unneeded JARs during scanning can improve startup time and JSP compilation time.
TID: [] [] [2024-06-19 13:15:52,373] []  INFO {org.apache.cxf.endpoint.ServerImpl} - Setting the server's publish address to be /Users
TID: [] [] [2024-06-19 13:15:52,376] []  INFO {org.apache.cxf.endpoint.ServerImpl} - Setting the server's publish address to be /Groups
TID: [] [] [2024-06-19 13:15:52,377] []  INFO {org.apache.cxf.endpoint.ServerImpl} - Setting the server's publish address to be /Bulk
TID: [] [] [2024-06-19 13:15:52,382] []  INFO {org.wso2.carbon.webapp.mgt.TomcatGenericWebappsDeployer} - Deployed webapp: StandardEngine[Catalina].StandardHost[localhost].StandardContext[/wso2].File[/Users/pamod/Desktop/setup/deployment/iam/wso2is-7.0.0/repository/deployment/server/webapps/wso2]
TID: [] [] [2024-06-19 13:15:52,423] []  INFO {org.apache.jasper.servlet.TldScanner} - At least one JAR was scanned for TLDs yet contained no TLDs. Enable debug logging for this logger for a complete list of JARs that were scanned but no TLDs were found in them. Skipping unneeded JARs during scanning can improve startup time and JSP compilation time.
TID: [] [] [2024-06-19 13:15:52,428] []  INFO {org.wso2.carbon.webapp.mgt.TomcatGenericWebappsDeployer} - Deployed webapp: StandardEngine[Catalina].StandardHost[localhost].StandardContext[/x509certificateauthenticationendpoint].File[/Users/pamod/Desktop/setup/deployment/iam/wso2is-7.0.0/repository/deployment/server/webapps/x509certificateauthenticationendpoint]
TID: [] [] [2024-06-19 13:15:52,430] []  INFO {org.wso2.carbon.core.transports.http.HttpTransportListener} - HTTP port        : 9764
TID: [] [] [2024-06-19 13:15:52,431] []  INFO {org.wso2.carbon.core.transports.http.HttpsTransportListener} - HTTPS port       : 9444
TID: [] [] [2024-06-19 13:15:52,472] []  INFO {org.apache.tomcat.util.net.NioEndpoint.certificate} - Connector [https-jsse-nio-9443], TLS virtual host [_default_], certificate type [UNDEFINED] configured from keystore [/Users/pamod/Desktop/setup/deployment/iam/wso2is-7.0.0/repository/resources/security/wso2carbon.jks] using alias [wso2carbon] with trust store [/Users/pamod/Desktop/setup/deployment/iam/wso2is-7.0.0/repository/resources/security/client-truststore.jks]
TID: [] [] [2024-06-19 13:15:52,492] []  INFO {org.wso2.identity.apps.common.internal.AppsCommonServiceStartupObserver} - My Account URL : https://localhost:9444/myaccount
TID: [] [] [2024-06-19 13:15:52,492] []  INFO {org.wso2.identity.apps.common.internal.AppsCommonServiceStartupObserver} - Console URL : https://localhost:9444/console
TID: [] [] [2024-06-19 13:15:52,492] []  INFO {org.wso2.identity.apps.common.internal.AppsCommonServiceStartupObserver} - Identity apps common service component activated successfully.
TID: [] [] [2024-06-19 13:15:52,493] []  INFO {org.wso2.carbon.core.internal.StartupFinalizerServiceComponent} - Server           :  WSO2 Identity Server-7.0.0
TID: [] [] [2024-06-19 13:15:52,493] []  INFO {org.wso2.carbon.core.internal.StartupFinalizerServiceComponent} - WSO2 Carbon started in 27 sec
TID: [] [] [2024-06-19 13:15:52,786] []  INFO {org.apache.jasper.servlet.TldScanner} - At least one JAR was scanned for TLDs yet contained no TLDs. Enable debug logging for this logger for a complete list of JARs that were scanned but no TLDs were found in them. Skipping unneeded JARs during scanning can improve startup time and JSP compilation time.
