[2024-04-24 09:40:41,861]  INFO {com.atomikos.persistence.imp.FileLogStream} - Logfile closed: /Users/pamod/Desktop/SA/Bootcamp/SA_Bootcamp_2024/setup/deployment/mi/wso2mi-4.2.0/./tmlog-1.log
[2024-04-24 09:40:41,862]  INFO {com.atomikos.icatch.config.imp.AbstractUserTransactionService} - USING core version: 3.8.0
[2024-04-24 09:40:41,862]  INFO {com.atomikos.icatch.config.imp.AbstractUserTransactionService} - USING com.atomikos.icatch.console_file_name = tm.out
[2024-04-24 09:40:41,862]  INFO {com.atomikos.icatch.config.imp.AbstractUserTransactionService} - USING com.atomikos.icatch.console_file_count = 1
[2024-04-24 09:40:41,862]  INFO {com.atomikos.icatch.config.imp.AbstractUserTransactionService} - USING com.atomikos.icatch.automatic_resource_registration = true
[2024-04-24 09:40:41,862]  INFO {com.atomikos.icatch.config.imp.AbstractUserTransactionService} - USING com.atomikos.icatch.client_demarcation = false
[2024-04-24 09:40:41,862]  INFO {com.atomikos.icatch.config.imp.AbstractUserTransactionService} - USING com.atomikos.icatch.threaded_2pc = false
[2024-04-24 09:40:41,862]  INFO {com.atomikos.icatch.config.imp.AbstractUserTransactionService} - USING com.atomikos.icatch.serial_jta_transactions = true
[2024-04-24 09:40:41,862]  INFO {com.atomikos.icatch.config.imp.AbstractUserTransactionService} - USING com.atomikos.icatch.log_base_dir = ./
[2024-04-24 09:40:41,862]  INFO {com.atomikos.icatch.config.imp.AbstractUserTransactionService} - USING com.atomikos.icatch.max_actives = 50
[2024-04-24 09:40:41,862]  INFO {com.atomikos.icatch.config.imp.AbstractUserTransactionService} - USING com.atomikos.icatch.console_log_level = WARN
[2024-04-24 09:40:41,862]  INFO {com.atomikos.icatch.config.imp.AbstractUserTransactionService} - USING com.atomikos.icatch.checkpoint_interval = 500
[2024-04-24 09:40:41,862]  INFO {com.atomikos.icatch.config.imp.AbstractUserTransactionService} - USING com.atomikos.icatch.enable_logging = true
[2024-04-24 09:40:41,862]  INFO {com.atomikos.icatch.config.imp.AbstractUserTransactionService} - USING com.atomikos.icatch.output_dir = ./
[2024-04-24 09:40:41,863]  INFO {com.atomikos.icatch.config.imp.AbstractUserTransactionService} - USING com.atomikos.icatch.log_base_name = tmlog
[2024-04-24 09:40:41,863]  INFO {com.atomikos.icatch.config.imp.AbstractUserTransactionService} - USING com.atomikos.icatch.console_file_limit = -1
[2024-04-24 09:40:41,863]  INFO {com.atomikos.icatch.config.imp.AbstractUserTransactionService} - USING com.atomikos.icatch.max_timeout = 300000
[2024-04-24 09:40:41,863]  INFO {com.atomikos.icatch.config.imp.AbstractUserTransactionService} - USING com.atomikos.icatch.tm_unique_name = 10.100.0.4.tm
[2024-04-24 09:40:41,863]  INFO {com.atomikos.icatch.config.imp.AbstractUserTransactionService} - USING java.naming.factory.initial = com.sun.jndi.rmi.registry.RegistryContextFactory
[2024-04-24 09:40:41,863]  INFO {com.atomikos.icatch.config.imp.AbstractUserTransactionService} - USING java.naming.provider.url = rmi://localhost:1099
[2024-04-24 09:40:41,863]  INFO {com.atomikos.icatch.config.imp.AbstractUserTransactionService} - USING com.atomikos.icatch.service = com.atomikos.icatch.standalone.UserTransactionServiceFactory
[2024-04-24 09:40:41,863]  INFO {com.atomikos.icatch.config.imp.AbstractUserTransactionService} - USING com.atomikos.icatch.force_shutdown_on_vm_exit = false
[2024-04-24 09:40:41,863]  INFO {com.atomikos.icatch.config.imp.AbstractUserTransactionService} - USING com.atomikos.icatch.default_jta_timeout = 10000
[2024-04-24 09:58:40,192]  INFO {com.atomikos.persistence.imp.FileLogStream} - Logfile closed: /Users/pamod/Desktop/SA/Bootcamp/SA_Bootcamp_2024/setup/deployment/mi/wso2mi-4.2.0/./tmlog0.log
[2024-04-24 09:58:40,193]  INFO {com.atomikos.icatch.imp.thread.TaskManager} - THREADS: using JDK thread pooling...
[2024-04-24 09:58:52,640]  WARN {com.atomikos.icatch.config.UserTransactionServiceImp} - Using init file: /Users/pamod/Desktop/setup/deployment/mi/wso2mi-4.2.0/wso2/lib/transactions.properties
[2024-04-24 09:58:52,640]  WARN {com.atomikos.icatch.config.UserTransactionServiceImp} - Failed to open transactions properties file - using default values
[2024-04-24 09:58:52,647]  INFO {com.atomikos.persistence.imp.FileLogStream} - Starting read of logfile /Users/pamod/Desktop/SA/Bootcamp/SA_Bootcamp_2024/setup/deployment/mi/wso2mi-4.2.0/./tmlog0.log
[2024-04-24 09:58:52,647]  INFO {com.atomikos.persistence.imp.FileLogStream} - Done read of logfile
[2024-04-24 09:58:52,648]  INFO {com.atomikos.persistence.imp.FileLogStream} - Logfile closed: /Users/pamod/Desktop/SA/Bootcamp/SA_Bootcamp_2024/setup/deployment/mi/wso2mi-4.2.0/./tmlog0.log
[2024-04-24 09:58:52,649]  INFO {com.atomikos.icatch.config.imp.AbstractUserTransactionService} - USING core version: 3.8.0
[2024-04-24 09:58:52,649]  INFO {com.atomikos.icatch.config.imp.AbstractUserTransactionService} - USING com.atomikos.icatch.console_file_name = tm.out
[2024-04-24 09:58:52,649]  INFO {com.atomikos.icatch.config.imp.AbstractUserTransactionService} - USING com.atomikos.icatch.console_file_count = 1
[2024-04-24 09:58:52,649]  INFO {com.atomikos.icatch.config.imp.AbstractUserTransactionService} - USING com.atomikos.icatch.automatic_resource_registration = true
[2024-04-24 09:58:52,649]  INFO {com.atomikos.icatch.config.imp.AbstractUserTransactionService} - USING com.atomikos.icatch.client_demarcation = false
[2024-04-24 09:58:52,649]  INFO {com.atomikos.icatch.config.imp.AbstractUserTransactionService} - USING com.atomikos.icatch.threaded_2pc = false
[2024-04-24 09:58:52,649]  INFO {com.atomikos.icatch.config.imp.AbstractUserTransactionService} - USING com.atomikos.icatch.serial_jta_transactions = true
[2024-04-24 09:58:52,649]  INFO {com.atomikos.icatch.config.imp.AbstractUserTransactionService} - USING com.atomikos.icatch.log_base_dir = ./
[2024-04-24 09:58:52,649]  INFO {com.atomikos.icatch.config.imp.AbstractUserTransactionService} - USING com.atomikos.icatch.max_actives = 50
[2024-04-24 09:58:52,649]  INFO {com.atomikos.icatch.config.imp.AbstractUserTransactionService} - USING com.atomikos.icatch.console_log_level = WARN
[2024-04-24 09:58:52,649]  INFO {com.atomikos.icatch.config.imp.AbstractUserTransactionService} - USING com.atomikos.icatch.checkpoint_interval = 500
[2024-04-24 09:58:52,649]  INFO {com.atomikos.icatch.config.imp.AbstractUserTransactionService} - USING com.atomikos.icatch.enable_logging = true
[2024-04-24 09:58:52,649]  INFO {com.atomikos.icatch.config.imp.AbstractUserTransactionService} - USING com.atomikos.icatch.output_dir = ./
[2024-04-24 09:58:52,649]  INFO {com.atomikos.icatch.config.imp.AbstractUserTransactionService} - USING com.atomikos.icatch.log_base_name = tmlog
[2024-04-24 09:58:52,649]  INFO {com.atomikos.icatch.config.imp.AbstractUserTransactionService} - USING com.atomikos.icatch.console_file_limit = -1
[2024-04-24 09:58:52,649]  INFO {com.atomikos.icatch.config.imp.AbstractUserTransactionService} - USING com.atomikos.icatch.max_timeout = 300000
[2024-04-24 09:58:52,649]  INFO {com.atomikos.icatch.config.imp.AbstractUserTransactionService} - USING com.atomikos.icatch.tm_unique_name = 10.100.0.4.tm
[2024-04-24 09:58:52,649]  INFO {com.atomikos.icatch.config.imp.AbstractUserTransactionService} - USING java.naming.factory.initial = com.sun.jndi.rmi.registry.RegistryContextFactory
[2024-04-24 09:58:52,649]  INFO {com.atomikos.icatch.config.imp.AbstractUserTransactionService} - USING java.naming.provider.url = rmi://localhost:1099
[2024-04-24 09:58:52,649]  INFO {com.atomikos.icatch.config.imp.AbstractUserTransactionService} - USING com.atomikos.icatch.service = com.atomikos.icatch.standalone.UserTransactionServiceFactory
[2024-04-24 09:58:52,650]  INFO {com.atomikos.icatch.config.imp.AbstractUserTransactionService} - USING com.atomikos.icatch.force_shutdown_on_vm_exit = false
[2024-04-24 09:58:52,650]  INFO {com.atomikos.icatch.config.imp.AbstractUserTransactionService} - USING com.atomikos.icatch.default_jta_timeout = 10000
[2024-04-24 10:26:22,800]  INFO {com.atomikos.persistence.imp.FileLogStream} - Logfile closed: /Users/pamod/Desktop/SA/Bootcamp/SA_Bootcamp_2024/setup/deployment/mi/wso2mi-4.2.0/./tmlog1.log
[2024-04-24 10:26:22,801]  INFO {com.atomikos.icatch.imp.thread.TaskManager} - THREADS: using JDK thread pooling...
[2024-04-24 10:29:03,275]  WARN {com.atomikos.icatch.config.UserTransactionServiceImp} - Using init file: /Users/pamod/Desktop/setup/deployment/mi/wso2mi-4.2.0/wso2/lib/transactions.properties
[2024-04-24 10:29:03,275]  WARN {com.atomikos.icatch.config.UserTransactionServiceImp} - Failed to open transactions properties file - using default values
[2024-04-24 10:29:03,282]  INFO {com.atomikos.persistence.imp.FileLogStream} - Starting read of logfile /Users/pamod/Desktop/SA/Bootcamp/SA_Bootcamp_2024/setup/deployment/mi/wso2mi-4.2.0/./tmlog1.log
[2024-04-24 10:29:03,282]  INFO {com.atomikos.persistence.imp.FileLogStream} - Done read of logfile
[2024-04-24 10:29:03,283]  INFO {com.atomikos.persistence.imp.FileLogStream} - Logfile closed: /Users/pamod/Desktop/SA/Bootcamp/SA_Bootcamp_2024/setup/deployment/mi/wso2mi-4.2.0/./tmlog1.log
[2024-04-24 10:29:03,284]  INFO {com.atomikos.icatch.config.imp.AbstractUserTransactionService} - USING core version: 3.8.0
[2024-04-24 10:29:03,284]  INFO {com.atomikos.icatch.config.imp.AbstractUserTransactionService} - USING com.atomikos.icatch.console_file_name = tm.out
[2024-04-24 10:29:03,284]  INFO {com.atomikos.icatch.config.imp.AbstractUserTransactionService} - USING com.atomikos.icatch.console_file_count = 1
[2024-04-24 10:29:03,284]  INFO {com.atomikos.icatch.config.imp.AbstractUserTransactionService} - USING com.atomikos.icatch.automatic_resource_registration = true
[2024-04-24 10:29:03,284]  INFO {com.atomikos.icatch.config.imp.AbstractUserTransactionService} - USING com.atomikos.icatch.client_demarcation = false
[2024-04-24 10:29:03,284]  INFO {com.atomikos.icatch.config.imp.AbstractUserTransactionService} - USING com.atomikos.icatch.threaded_2pc = false
[2024-04-24 10:29:03,284]  INFO {com.atomikos.icatch.config.imp.AbstractUserTransactionService} - USING com.atomikos.icatch.serial_jta_transactions = true
[2024-04-24 10:29:03,284]  INFO {com.atomikos.icatch.config.imp.AbstractUserTransactionService} - USING com.atomikos.icatch.log_base_dir = ./
[2024-04-24 10:29:03,284]  INFO {com.atomikos.icatch.config.imp.AbstractUserTransactionService} - USING com.atomikos.icatch.max_actives = 50
[2024-04-24 10:29:03,284]  INFO {com.atomikos.icatch.config.imp.AbstractUserTransactionService} - USING com.atomikos.icatch.console_log_level = WARN
[2024-04-24 10:29:03,284]  INFO {com.atomikos.icatch.config.imp.AbstractUserTransactionService} - USING com.atomikos.icatch.checkpoint_interval = 500
[2024-04-24 10:29:03,284]  INFO {com.atomikos.icatch.config.imp.AbstractUserTransactionService} - USING com.atomikos.icatch.enable_logging = true
[2024-04-24 10:29:03,284]  INFO {com.atomikos.icatch.config.imp.AbstractUserTransactionService} - USING com.atomikos.icatch.output_dir = ./
[2024-04-24 10:29:03,284]  INFO {com.atomikos.icatch.config.imp.AbstractUserTransactionService} - USING com.atomikos.icatch.log_base_name = tmlog
[2024-04-24 10:29:03,284]  INFO {com.atomikos.icatch.config.imp.AbstractUserTransactionService} - USING com.atomikos.icatch.console_file_limit = -1
[2024-04-24 10:29:03,284]  INFO {com.atomikos.icatch.config.imp.AbstractUserTransactionService} - USING com.atomikos.icatch.max_timeout = 300000
[2024-04-24 10:29:03,284]  INFO {com.atomikos.icatch.config.imp.AbstractUserTransactionService} - USING com.atomikos.icatch.tm_unique_name = 10.100.0.4.tm
[2024-04-24 10:29:03,284]  INFO {com.atomikos.icatch.config.imp.AbstractUserTransactionService} - USING java.naming.factory.initial = com.sun.jndi.rmi.registry.RegistryContextFactory
[2024-04-24 10:29:03,284]  INFO {com.atomikos.icatch.config.imp.AbstractUserTransactionService} - USING java.naming.provider.url = rmi://localhost:1099
[2024-04-24 10:29:03,284]  INFO {com.atomikos.icatch.config.imp.AbstractUserTransactionService} - USING com.atomikos.icatch.service = com.atomikos.icatch.standalone.UserTransactionServiceFactory
[2024-04-24 10:29:03,284]  INFO {com.atomikos.icatch.config.imp.AbstractUserTransactionService} - USING com.atomikos.icatch.force_shutdown_on_vm_exit = false
[2024-04-24 10:29:03,284]  INFO {com.atomikos.icatch.config.imp.AbstractUserTransactionService} - USING com.atomikos.icatch.default_jta_timeout = 10000
[2024-04-24 10:44:21,958]  INFO {com.atomikos.persistence.imp.FileLogStream} - Logfile closed: /Users/pamod/Desktop/SA/Bootcamp/SA_Bootcamp_2024/setup/deployment/mi/wso2mi-4.2.0/./tmlog2.log
[2024-04-24 10:44:21,960]  INFO {com.atomikos.icatch.imp.thread.TaskManager} - THREADS: using JDK thread pooling...
[2024-04-24 11:55:35,372]  INFO {com.atomikos.persistence.imp.FileLogStream} - Starting read of logfile /Users/pamod/Desktop/SA/Bootcamp/SA_Bootcamp_2024/setup/deployment/mi/wso2mi-4.2.0/./tmlog2.log
[2024-04-24 11:55:35,373]  INFO {com.atomikos.persistence.imp.FileLogStream} - Done read of logfile
[2024-04-24 11:55:35,373]  INFO {com.atomikos.persistence.imp.FileLogStream} - Logfile closed: /Users/pamod/Desktop/SA/Bootcamp/SA_Bootcamp_2024/setup/deployment/mi/wso2mi-4.2.0/./tmlog2.log
[2024-04-24 11:55:35,374]  INFO {com.atomikos.icatch.config.imp.AbstractUserTransactionService} - USING core version: 3.8.0
[2024-04-24 11:55:35,374]  INFO {com.atomikos.icatch.config.imp.AbstractUserTransactionService} - USING com.atomikos.icatch.console_file_name = tm.out
[2024-04-24 11:55:35,374]  INFO {com.atomikos.icatch.config.imp.AbstractUserTransactionService} - USING com.atomikos.icatch.console_file_count = 1
[2024-04-24 11:55:35,374]  INFO {com.atomikos.icatch.config.imp.AbstractUserTransactionService} - USING com.atomikos.icatch.automatic_resource_registration = true
[2024-04-24 11:55:35,374]  INFO {com.atomikos.icatch.config.imp.AbstractUserTransactionService} - USING com.atomikos.icatch.client_demarcation = false
[2024-04-24 11:55:35,374]  INFO {com.atomikos.icatch.config.imp.AbstractUserTransactionService} - USING com.atomikos.icatch.threaded_2pc = false
[2024-04-24 11:55:35,374]  INFO {com.atomikos.icatch.config.imp.AbstractUserTransactionService} - USING com.atomikos.icatch.serial_jta_transactions = true
[2024-04-24 11:55:35,374]  INFO {com.atomikos.icatch.config.imp.AbstractUserTransactionService} - USING com.atomikos.icatch.log_base_dir = ./
[2024-04-24 11:55:35,374]  INFO {com.atomikos.icatch.config.imp.AbstractUserTransactionService} - USING com.atomikos.icatch.max_actives = 50
[2024-04-24 11:55:35,374]  INFO {com.atomikos.icatch.config.imp.AbstractUserTransactionService} - USING com.atomikos.icatch.console_log_level = WARN
[2024-04-24 11:55:35,374]  INFO {com.atomikos.icatch.config.imp.AbstractUserTransactionService} - USING com.atomikos.icatch.checkpoint_interval = 500
[2024-04-24 11:55:35,374]  INFO {com.atomikos.icatch.config.imp.AbstractUserTransactionService} - USING com.atomikos.icatch.enable_logging = true
[2024-04-24 11:55:35,374]  INFO {com.atomikos.icatch.config.imp.AbstractUserTransactionService} - USING com.atomikos.icatch.output_dir = ./
[2024-04-24 11:55:35,374]  INFO {com.atomikos.icatch.config.imp.AbstractUserTransactionService} - USING com.atomikos.icatch.log_base_name = tmlog
[2024-04-24 11:55:35,374]  INFO {com.atomikos.icatch.config.imp.AbstractUserTransactionService} - USING com.atomikos.icatch.console_file_limit = -1
[2024-04-24 11:55:35,374]  INFO {com.atomikos.icatch.config.imp.AbstractUserTransactionService} - USING com.atomikos.icatch.max_timeout = 300000
[2024-04-24 11:55:35,374]  INFO {com.atomikos.icatch.config.imp.AbstractUserTransactionService} - USING com.atomikos.icatch.tm_unique_name = 10.100.0.4.tm
[2024-04-24 11:55:35,375]  INFO {com.atomikos.icatch.config.imp.AbstractUserTransactionService} - USING java.naming.factory.initial = com.sun.jndi.rmi.registry.RegistryContextFactory
[2024-04-24 11:55:35,375]  INFO {com.atomikos.icatch.config.imp.AbstractUserTransactionService} - USING java.naming.provider.url = rmi://localhost:1099
[2024-04-24 11:55:35,375]  INFO {com.atomikos.icatch.config.imp.AbstractUserTransactionService} - USING com.atomikos.icatch.service = com.atomikos.icatch.standalone.UserTransactionServiceFactory
[2024-04-24 11:55:35,375]  INFO {com.atomikos.icatch.config.imp.AbstractUserTransactionService} - USING com.atomikos.icatch.force_shutdown_on_vm_exit = false
[2024-04-24 11:55:35,375]  INFO {com.atomikos.icatch.config.imp.AbstractUserTransactionService} - USING com.atomikos.icatch.default_jta_timeout = 10000
[2024-04-24 13:00:13,396]  INFO {com.atomikos.persistence.imp.FileLogStream} - Logfile closed: /Users/pamod/Desktop/SA/Bootcamp/SA_Bootcamp_2024/setup/deployment/mi/wso2mi-4.2.0/./tmlog3.log
[2024-04-24 13:00:13,397]  INFO {com.atomikos.icatch.imp.thread.TaskManager} - THREADS: using JDK thread pooling...
