[2024-06-17 11:56:11,434]  WARN {com.atomikos.icatch.config.UserTransactionServiceImp} - Using init file: /Users/pamod/Desktop/SA/Bootcamp/SA_Bootcamp_2024/setup/deployment/mi/wso2mi-4.2.0/wso2/lib/transactions.properties
[2024-06-17 11:56:11,434]  WARN {com.atomikos.icatch.config.UserTransactionServiceImp} - Failed to open transactions properties file - using default values
[2024-06-17 11:56:11,443]  INFO {com.atomikos.persistence.imp.FileLogStream} - Starting read of logfile /Users/pamod/Desktop/SA/Bootcamp/SA_Bootcamp_2024/setup/deployment/mi/wso2mi-4.2.0/./tmlog4.log
[2024-06-17 11:56:11,443]  INFO {com.atomikos.persistence.imp.FileLogStream} - Done read of logfile
[2024-06-17 11:56:11,443]  INFO {com.atomikos.persistence.imp.FileLogStream} - Logfile closed: /Users/pamod/Desktop/SA/Bootcamp/SA_Bootcamp_2024/setup/deployment/mi/wso2mi-4.2.0/./tmlog4.log
[2024-06-17 11:56:11,444]  INFO {com.atomikos.icatch.config.imp.AbstractUserTransactionService} - USING core version: 3.8.0
[2024-06-17 11:56:11,444]  INFO {com.atomikos.icatch.config.imp.AbstractUserTransactionService} - USING com.atomikos.icatch.console_file_name = tm.out
[2024-06-17 11:56:11,444]  INFO {com.atomikos.icatch.config.imp.AbstractUserTransactionService} - USING com.atomikos.icatch.console_file_count = 1
[2024-06-17 11:56:11,444]  INFO {com.atomikos.icatch.config.imp.AbstractUserTransactionService} - USING com.atomikos.icatch.automatic_resource_registration = true
[2024-06-17 11:56:11,445]  INFO {com.atomikos.icatch.config.imp.AbstractUserTransactionService} - USING com.atomikos.icatch.client_demarcation = false
[2024-06-17 11:56:11,445]  INFO {com.atomikos.icatch.config.imp.AbstractUserTransactionService} - USING com.atomikos.icatch.threaded_2pc = false
[2024-06-17 11:56:11,445]  INFO {com.atomikos.icatch.config.imp.AbstractUserTransactionService} - USING com.atomikos.icatch.serial_jta_transactions = true
[2024-06-17 11:56:11,445]  INFO {com.atomikos.icatch.config.imp.AbstractUserTransactionService} - USING com.atomikos.icatch.log_base_dir = ./
[2024-06-17 11:56:11,445]  INFO {com.atomikos.icatch.config.imp.AbstractUserTransactionService} - USING com.atomikos.icatch.max_actives = 50
[2024-06-17 11:56:11,445]  INFO {com.atomikos.icatch.config.imp.AbstractUserTransactionService} - USING com.atomikos.icatch.console_log_level = WARN
[2024-06-17 11:56:11,445]  INFO {com.atomikos.icatch.config.imp.AbstractUserTransactionService} - USING com.atomikos.icatch.checkpoint_interval = 500
[2024-06-17 11:56:11,445]  INFO {com.atomikos.icatch.config.imp.AbstractUserTransactionService} - USING com.atomikos.icatch.enable_logging = true
[2024-06-17 11:56:11,445]  INFO {com.atomikos.icatch.config.imp.AbstractUserTransactionService} - USING com.atomikos.icatch.output_dir = ./
[2024-06-17 11:56:11,445]  INFO {com.atomikos.icatch.config.imp.AbstractUserTransactionService} - USING com.atomikos.icatch.log_base_name = tmlog
[2024-06-17 11:56:11,445]  INFO {com.atomikos.icatch.config.imp.AbstractUserTransactionService} - USING com.atomikos.icatch.console_file_limit = -1
[2024-06-17 11:56:11,445]  INFO {com.atomikos.icatch.config.imp.AbstractUserTransactionService} - USING com.atomikos.icatch.max_timeout = 300000
[2024-06-17 11:56:11,445]  INFO {com.atomikos.icatch.config.imp.AbstractUserTransactionService} - USING com.atomikos.icatch.tm_unique_name = 10.100.0.4.tm
[2024-06-17 11:56:11,445]  INFO {com.atomikos.icatch.config.imp.AbstractUserTransactionService} - USING java.naming.factory.initial = com.sun.jndi.rmi.registry.RegistryContextFactory
[2024-06-17 11:56:11,445]  INFO {com.atomikos.icatch.config.imp.AbstractUserTransactionService} - USING java.naming.provider.url = rmi://localhost:1099
[2024-06-17 11:56:11,445]  INFO {com.atomikos.icatch.config.imp.AbstractUserTransactionService} - USING com.atomikos.icatch.service = com.atomikos.icatch.standalone.UserTransactionServiceFactory
[2024-06-17 11:56:11,445]  INFO {com.atomikos.icatch.config.imp.AbstractUserTransactionService} - USING com.atomikos.icatch.force_shutdown_on_vm_exit = false
[2024-06-17 11:56:11,445]  INFO {com.atomikos.icatch.config.imp.AbstractUserTransactionService} - USING com.atomikos.icatch.default_jta_timeout = 10000
[2024-06-17 12:47:13,439]  INFO {com.atomikos.persistence.imp.FileLogStream} - Logfile closed: /Users/pamod/Desktop/SA/Bootcamp/SA_Bootcamp_2024/setup/deployment/mi/wso2mi-4.2.0/./tmlog5.log
[2024-06-17 12:47:13,440]  INFO {com.atomikos.icatch.imp.thread.TaskManager} - THREADS: using JDK thread pooling...
[2024-06-17 12:47:59,164]  INFO {com.atomikos.persistence.imp.FileLogStream} - Starting read of logfile /Users/pamod/Desktop/SA/Bootcamp/SA_Bootcamp_2024/setup/deployment/mi/wso2mi-4.2.0/./tmlog5.log
[2024-06-17 12:47:59,164]  INFO {com.atomikos.persistence.imp.FileLogStream} - Done read of logfile
[2024-06-17 12:47:59,164]  INFO {com.atomikos.persistence.imp.FileLogStream} - Logfile closed: /Users/pamod/Desktop/SA/Bootcamp/SA_Bootcamp_2024/setup/deployment/mi/wso2mi-4.2.0/./tmlog5.log
[2024-06-17 12:47:59,166]  INFO {com.atomikos.icatch.config.imp.AbstractUserTransactionService} - USING core version: 3.8.0
[2024-06-17 12:47:59,166]  INFO {com.atomikos.icatch.config.imp.AbstractUserTransactionService} - USING com.atomikos.icatch.console_file_name = tm.out
[2024-06-17 12:47:59,166]  INFO {com.atomikos.icatch.config.imp.AbstractUserTransactionService} - USING com.atomikos.icatch.console_file_count = 1
[2024-06-17 12:47:59,166]  INFO {com.atomikos.icatch.config.imp.AbstractUserTransactionService} - USING com.atomikos.icatch.automatic_resource_registration = true
[2024-06-17 12:47:59,166]  INFO {com.atomikos.icatch.config.imp.AbstractUserTransactionService} - USING com.atomikos.icatch.client_demarcation = false
[2024-06-17 12:47:59,166]  INFO {com.atomikos.icatch.config.imp.AbstractUserTransactionService} - USING com.atomikos.icatch.threaded_2pc = false
[2024-06-17 12:47:59,166]  INFO {com.atomikos.icatch.config.imp.AbstractUserTransactionService} - USING com.atomikos.icatch.serial_jta_transactions = true
[2024-06-17 12:47:59,166]  INFO {com.atomikos.icatch.config.imp.AbstractUserTransactionService} - USING com.atomikos.icatch.log_base_dir = ./
[2024-06-17 12:47:59,166]  INFO {com.atomikos.icatch.config.imp.AbstractUserTransactionService} - USING com.atomikos.icatch.max_actives = 50
[2024-06-17 12:47:59,166]  INFO {com.atomikos.icatch.config.imp.AbstractUserTransactionService} - USING com.atomikos.icatch.console_log_level = WARN
[2024-06-17 12:47:59,166]  INFO {com.atomikos.icatch.config.imp.AbstractUserTransactionService} - USING com.atomikos.icatch.checkpoint_interval = 500
[2024-06-17 12:47:59,166]  INFO {com.atomikos.icatch.config.imp.AbstractUserTransactionService} - USING com.atomikos.icatch.enable_logging = true
[2024-06-17 12:47:59,166]  INFO {com.atomikos.icatch.config.imp.AbstractUserTransactionService} - USING com.atomikos.icatch.output_dir = ./
[2024-06-17 12:47:59,166]  INFO {com.atomikos.icatch.config.imp.AbstractUserTransactionService} - USING com.atomikos.icatch.log_base_name = tmlog
[2024-06-17 12:47:59,166]  INFO {com.atomikos.icatch.config.imp.AbstractUserTransactionService} - USING com.atomikos.icatch.console_file_limit = -1
[2024-06-17 12:47:59,166]  INFO {com.atomikos.icatch.config.imp.AbstractUserTransactionService} - USING com.atomikos.icatch.max_timeout = 300000
[2024-06-17 12:47:59,166]  INFO {com.atomikos.icatch.config.imp.AbstractUserTransactionService} - USING com.atomikos.icatch.tm_unique_name = 10.100.0.4.tm
[2024-06-17 12:47:59,166]  INFO {com.atomikos.icatch.config.imp.AbstractUserTransactionService} - USING java.naming.factory.initial = com.sun.jndi.rmi.registry.RegistryContextFactory
[2024-06-17 12:47:59,166]  INFO {com.atomikos.icatch.config.imp.AbstractUserTransactionService} - USING java.naming.provider.url = rmi://localhost:1099
[2024-06-17 12:47:59,166]  INFO {com.atomikos.icatch.config.imp.AbstractUserTransactionService} - USING com.atomikos.icatch.service = com.atomikos.icatch.standalone.UserTransactionServiceFactory
[2024-06-17 12:47:59,166]  INFO {com.atomikos.icatch.config.imp.AbstractUserTransactionService} - USING com.atomikos.icatch.force_shutdown_on_vm_exit = false
[2024-06-17 12:47:59,166]  INFO {com.atomikos.icatch.config.imp.AbstractUserTransactionService} - USING com.atomikos.icatch.default_jta_timeout = 10000
[2024-06-17 12:53:33,394]  INFO {com.atomikos.persistence.imp.FileLogStream} - Logfile closed: /Users/pamod/Desktop/SA/Bootcamp/SA_Bootcamp_2024/setup/deployment/mi/wso2mi-4.2.0/./tmlog6.log
[2024-06-17 12:53:33,395]  INFO {com.atomikos.icatch.imp.thread.TaskManager} - THREADS: using JDK thread pooling...
[2024-06-17 13:51:17,705]  INFO {com.atomikos.persistence.imp.FileLogStream} - Starting read of logfile /Users/pamod/Desktop/SA/Bootcamp/SA_Bootcamp_2024/setup/deployment/mi/wso2mi-4.2.0/./tmlog6.log
[2024-06-17 13:51:17,705]  INFO {com.atomikos.persistence.imp.FileLogStream} - Done read of logfile
[2024-06-17 13:51:17,706]  INFO {com.atomikos.persistence.imp.FileLogStream} - Logfile closed: /Users/pamod/Desktop/SA/Bootcamp/SA_Bootcamp_2024/setup/deployment/mi/wso2mi-4.2.0/./tmlog6.log
[2024-06-17 13:51:17,707]  INFO {com.atomikos.icatch.config.imp.AbstractUserTransactionService} - USING core version: 3.8.0
[2024-06-17 13:51:17,707]  INFO {com.atomikos.icatch.config.imp.AbstractUserTransactionService} - USING com.atomikos.icatch.console_file_name = tm.out
[2024-06-17 13:51:17,707]  INFO {com.atomikos.icatch.config.imp.AbstractUserTransactionService} - USING com.atomikos.icatch.console_file_count = 1
[2024-06-17 13:51:17,707]  INFO {com.atomikos.icatch.config.imp.AbstractUserTransactionService} - USING com.atomikos.icatch.automatic_resource_registration = true
[2024-06-17 13:51:17,707]  INFO {com.atomikos.icatch.config.imp.AbstractUserTransactionService} - USING com.atomikos.icatch.client_demarcation = false
[2024-06-17 13:51:17,707]  INFO {com.atomikos.icatch.config.imp.AbstractUserTransactionService} - USING com.atomikos.icatch.threaded_2pc = false
[2024-06-17 13:51:17,707]  INFO {com.atomikos.icatch.config.imp.AbstractUserTransactionService} - USING com.atomikos.icatch.serial_jta_transactions = true
[2024-06-17 13:51:17,707]  INFO {com.atomikos.icatch.config.imp.AbstractUserTransactionService} - USING com.atomikos.icatch.log_base_dir = ./
[2024-06-17 13:51:17,707]  INFO {com.atomikos.icatch.config.imp.AbstractUserTransactionService} - USING com.atomikos.icatch.max_actives = 50
[2024-06-17 13:51:17,707]  INFO {com.atomikos.icatch.config.imp.AbstractUserTransactionService} - USING com.atomikos.icatch.console_log_level = WARN
[2024-06-17 13:51:17,707]  INFO {com.atomikos.icatch.config.imp.AbstractUserTransactionService} - USING com.atomikos.icatch.checkpoint_interval = 500
[2024-06-17 13:51:17,707]  INFO {com.atomikos.icatch.config.imp.AbstractUserTransactionService} - USING com.atomikos.icatch.enable_logging = true
[2024-06-17 13:51:17,707]  INFO {com.atomikos.icatch.config.imp.AbstractUserTransactionService} - USING com.atomikos.icatch.output_dir = ./
[2024-06-17 13:51:17,707]  INFO {com.atomikos.icatch.config.imp.AbstractUserTransactionService} - USING com.atomikos.icatch.log_base_name = tmlog
[2024-06-17 13:51:17,707]  INFO {com.atomikos.icatch.config.imp.AbstractUserTransactionService} - USING com.atomikos.icatch.console_file_limit = -1
[2024-06-17 13:51:17,707]  INFO {com.atomikos.icatch.config.imp.AbstractUserTransactionService} - USING com.atomikos.icatch.max_timeout = 300000
[2024-06-17 13:51:17,707]  INFO {com.atomikos.icatch.config.imp.AbstractUserTransactionService} - USING com.atomikos.icatch.tm_unique_name = 10.100.0.4.tm
[2024-06-17 13:51:17,707]  INFO {com.atomikos.icatch.config.imp.AbstractUserTransactionService} - USING java.naming.factory.initial = com.sun.jndi.rmi.registry.RegistryContextFactory
[2024-06-17 13:51:17,707]  INFO {com.atomikos.icatch.config.imp.AbstractUserTransactionService} - USING java.naming.provider.url = rmi://localhost:1099
[2024-06-17 13:51:17,707]  INFO {com.atomikos.icatch.config.imp.AbstractUserTransactionService} - USING com.atomikos.icatch.service = com.atomikos.icatch.standalone.UserTransactionServiceFactory
[2024-06-17 13:51:17,707]  INFO {com.atomikos.icatch.config.imp.AbstractUserTransactionService} - USING com.atomikos.icatch.force_shutdown_on_vm_exit = false
[2024-06-17 13:51:17,707]  INFO {com.atomikos.icatch.config.imp.AbstractUserTransactionService} - USING com.atomikos.icatch.default_jta_timeout = 10000
[2024-06-17 13:51:42,192]  INFO {com.atomikos.persistence.imp.FileLogStream} - Logfile closed: /Users/pamod/Desktop/SA/Bootcamp/SA_Bootcamp_2024/setup/deployment/mi/wso2mi-4.2.0/./tmlog7.log
[2024-06-17 13:51:42,194]  INFO {com.atomikos.icatch.imp.thread.TaskManager} - THREADS: using JDK thread pooling...
[2024-06-17 13:55:43,606]  WARN {com.atomikos.icatch.config.UserTransactionServiceImp} - Using init file: /Users/pamod/Desktop/setup/deployment/mi/wso2mi-4.2.0/wso2/lib/transactions.properties
[2024-06-17 13:55:43,606]  WARN {com.atomikos.icatch.config.UserTransactionServiceImp} - Failed to open transactions properties file - using default values
[2024-06-17 13:55:43,614]  INFO {com.atomikos.persistence.imp.FileLogStream} - Starting read of logfile /Users/pamod/Desktop/SA/Bootcamp/SA_Bootcamp_2024/setup/deployment/mi/wso2mi-4.2.0/./tmlog7.log
[2024-06-17 13:55:43,614]  INFO {com.atomikos.persistence.imp.FileLogStream} - Done read of logfile
[2024-06-17 13:55:43,614]  INFO {com.atomikos.persistence.imp.FileLogStream} - Logfile closed: /Users/pamod/Desktop/SA/Bootcamp/SA_Bootcamp_2024/setup/deployment/mi/wso2mi-4.2.0/./tmlog7.log
[2024-06-17 13:55:43,615]  INFO {com.atomikos.icatch.config.imp.AbstractUserTransactionService} - USING core version: 3.8.0
[2024-06-17 13:55:43,615]  INFO {com.atomikos.icatch.config.imp.AbstractUserTransactionService} - USING com.atomikos.icatch.console_file_name = tm.out
[2024-06-17 13:55:43,615]  INFO {com.atomikos.icatch.config.imp.AbstractUserTransactionService} - USING com.atomikos.icatch.console_file_count = 1
[2024-06-17 13:55:43,615]  INFO {com.atomikos.icatch.config.imp.AbstractUserTransactionService} - USING com.atomikos.icatch.automatic_resource_registration = true
[2024-06-17 13:55:43,615]  INFO {com.atomikos.icatch.config.imp.AbstractUserTransactionService} - USING com.atomikos.icatch.client_demarcation = false
[2024-06-17 13:55:43,615]  INFO {com.atomikos.icatch.config.imp.AbstractUserTransactionService} - USING com.atomikos.icatch.threaded_2pc = false
[2024-06-17 13:55:43,615]  INFO {com.atomikos.icatch.config.imp.AbstractUserTransactionService} - USING com.atomikos.icatch.serial_jta_transactions = true
[2024-06-17 13:55:43,615]  INFO {com.atomikos.icatch.config.imp.AbstractUserTransactionService} - USING com.atomikos.icatch.log_base_dir = ./
[2024-06-17 13:55:43,615]  INFO {com.atomikos.icatch.config.imp.AbstractUserTransactionService} - USING com.atomikos.icatch.max_actives = 50
[2024-06-17 13:55:43,615]  INFO {com.atomikos.icatch.config.imp.AbstractUserTransactionService} - USING com.atomikos.icatch.console_log_level = WARN
[2024-06-17 13:55:43,615]  INFO {com.atomikos.icatch.config.imp.AbstractUserTransactionService} - USING com.atomikos.icatch.checkpoint_interval = 500
[2024-06-17 13:55:43,615]  INFO {com.atomikos.icatch.config.imp.AbstractUserTransactionService} - USING com.atomikos.icatch.enable_logging = true
[2024-06-17 13:55:43,615]  INFO {com.atomikos.icatch.config.imp.AbstractUserTransactionService} - USING com.atomikos.icatch.output_dir = ./
[2024-06-17 13:55:43,615]  INFO {com.atomikos.icatch.config.imp.AbstractUserTransactionService} - USING com.atomikos.icatch.log_base_name = tmlog
[2024-06-17 13:55:43,616]  INFO {com.atomikos.icatch.config.imp.AbstractUserTransactionService} - USING com.atomikos.icatch.console_file_limit = -1
[2024-06-17 13:55:43,616]  INFO {com.atomikos.icatch.config.imp.AbstractUserTransactionService} - USING com.atomikos.icatch.max_timeout = 300000
[2024-06-17 13:55:43,616]  INFO {com.atomikos.icatch.config.imp.AbstractUserTransactionService} - USING com.atomikos.icatch.tm_unique_name = 10.100.0.4.tm
[2024-06-17 13:55:43,616]  INFO {com.atomikos.icatch.config.imp.AbstractUserTransactionService} - USING java.naming.factory.initial = com.sun.jndi.rmi.registry.RegistryContextFactory
[2024-06-17 13:55:43,616]  INFO {com.atomikos.icatch.config.imp.AbstractUserTransactionService} - USING java.naming.provider.url = rmi://localhost:1099
[2024-06-17 13:55:43,616]  INFO {com.atomikos.icatch.config.imp.AbstractUserTransactionService} - USING com.atomikos.icatch.service = com.atomikos.icatch.standalone.UserTransactionServiceFactory
[2024-06-17 13:55:43,616]  INFO {com.atomikos.icatch.config.imp.AbstractUserTransactionService} - USING com.atomikos.icatch.force_shutdown_on_vm_exit = false
[2024-06-17 13:55:43,616]  INFO {com.atomikos.icatch.config.imp.AbstractUserTransactionService} - USING com.atomikos.icatch.default_jta_timeout = 10000
[2024-06-17 14:00:13,226]  INFO {com.atomikos.persistence.imp.FileLogStream} - Logfile closed: /Users/pamod/Desktop/SA/Bootcamp/SA_Bootcamp_2024/setup/deployment/mi/wso2mi-4.2.0/./tmlog8.log
[2024-06-17 14:00:13,228]  INFO {com.atomikos.icatch.imp.thread.TaskManager} - THREADS: using JDK thread pooling...
[2024-06-17 14:00:28,155]  INFO {com.atomikos.logging.LoggerFactory} - Using Slf4J for logging.
[2024-06-17 14:00:28,161]  WARN {com.atomikos.icatch.config.UserTransactionServiceImp} - Using init file: /Users/pamod/Desktop/SA/Bootcamp/SA_Bootcamp_2024/setup/deployment/mi/wso2mi-4.2.0/wso2/lib/transactions.properties
[2024-06-17 14:00:28,161]  WARN {com.atomikos.icatch.config.UserTransactionServiceImp} - Failed to open transactions properties file - using default values
[2024-06-17 14:00:28,168]  INFO {com.atomikos.persistence.imp.FileLogStream} - Starting read of logfile /Users/pamod/Desktop/SA/Bootcamp/SA_Bootcamp_2024/setup/deployment/mi/wso2mi-4.2.0/./tmlog8.log
[2024-06-17 14:00:28,168]  INFO {com.atomikos.persistence.imp.FileLogStream} - Done read of logfile
[2024-06-17 14:00:28,168]  INFO {com.atomikos.persistence.imp.FileLogStream} - Logfile closed: /Users/pamod/Desktop/SA/Bootcamp/SA_Bootcamp_2024/setup/deployment/mi/wso2mi-4.2.0/./tmlog8.log
[2024-06-17 14:00:28,170]  INFO {com.atomikos.icatch.config.imp.AbstractUserTransactionService} - USING core version: 3.8.0
[2024-06-17 14:00:28,170]  INFO {com.atomikos.icatch.config.imp.AbstractUserTransactionService} - USING com.atomikos.icatch.console_file_name = tm.out
[2024-06-17 14:00:28,170]  INFO {com.atomikos.icatch.config.imp.AbstractUserTransactionService} - USING com.atomikos.icatch.console_file_count = 1
[2024-06-17 14:00:28,170]  INFO {com.atomikos.icatch.config.imp.AbstractUserTransactionService} - USING com.atomikos.icatch.automatic_resource_registration = true
[2024-06-17 14:00:28,170]  INFO {com.atomikos.icatch.config.imp.AbstractUserTransactionService} - USING com.atomikos.icatch.client_demarcation = false
[2024-06-17 14:00:28,170]  INFO {com.atomikos.icatch.config.imp.AbstractUserTransactionService} - USING com.atomikos.icatch.threaded_2pc = false
[2024-06-17 14:00:28,170]  INFO {com.atomikos.icatch.config.imp.AbstractUserTransactionService} - USING com.atomikos.icatch.serial_jta_transactions = true
[2024-06-17 14:00:28,170]  INFO {com.atomikos.icatch.config.imp.AbstractUserTransactionService} - USING com.atomikos.icatch.log_base_dir = ./
[2024-06-17 14:00:28,170]  INFO {com.atomikos.icatch.config.imp.AbstractUserTransactionService} - USING com.atomikos.icatch.max_actives = 50
[2024-06-17 14:00:28,170]  INFO {com.atomikos.icatch.config.imp.AbstractUserTransactionService} - USING com.atomikos.icatch.console_log_level = WARN
[2024-06-17 14:00:28,170]  INFO {com.atomikos.icatch.config.imp.AbstractUserTransactionService} - USING com.atomikos.icatch.checkpoint_interval = 500
[2024-06-17 14:00:28,170]  INFO {com.atomikos.icatch.config.imp.AbstractUserTransactionService} - USING com.atomikos.icatch.enable_logging = true
[2024-06-17 14:00:28,170]  INFO {com.atomikos.icatch.config.imp.AbstractUserTransactionService} - USING com.atomikos.icatch.output_dir = ./
[2024-06-17 14:00:28,170]  INFO {com.atomikos.icatch.config.imp.AbstractUserTransactionService} - USING com.atomikos.icatch.log_base_name = tmlog
[2024-06-17 14:00:28,170]  INFO {com.atomikos.icatch.config.imp.AbstractUserTransactionService} - USING com.atomikos.icatch.console_file_limit = -1
[2024-06-17 14:00:28,170]  INFO {com.atomikos.icatch.config.imp.AbstractUserTransactionService} - USING com.atomikos.icatch.max_timeout = 300000
[2024-06-17 14:00:28,170]  INFO {com.atomikos.icatch.config.imp.AbstractUserTransactionService} - USING com.atomikos.icatch.tm_unique_name = 10.100.0.4.tm
[2024-06-17 14:00:28,170]  INFO {com.atomikos.icatch.config.imp.AbstractUserTransactionService} - USING java.naming.factory.initial = com.sun.jndi.rmi.registry.RegistryContextFactory
[2024-06-17 14:00:28,170]  INFO {com.atomikos.icatch.config.imp.AbstractUserTransactionService} - USING java.naming.provider.url = rmi://localhost:1099
[2024-06-17 14:00:28,170]  INFO {com.atomikos.icatch.config.imp.AbstractUserTransactionService} - USING com.atomikos.icatch.service = com.atomikos.icatch.standalone.UserTransactionServiceFactory
[2024-06-17 14:00:28,170]  INFO {com.atomikos.icatch.config.imp.AbstractUserTransactionService} - USING com.atomikos.icatch.force_shutdown_on_vm_exit = false
[2024-06-17 14:00:28,170]  INFO {com.atomikos.icatch.config.imp.AbstractUserTransactionService} - USING com.atomikos.icatch.default_jta_timeout = 10000
[2024-06-17 14:30:01,338]  INFO {com.atomikos.persistence.imp.FileLogStream} - Logfile closed: /Users/pamod/Desktop/SA/Bootcamp/SA_Bootcamp_2024/setup/deployment/mi/wso2mi-4.2.0/./tmlog9.log
[2024-06-17 14:30:01,339]  INFO {com.atomikos.icatch.imp.thread.TaskManager} - THREADS: using JDK thread pooling...
