[2024-05-15 14:45:14,190]  WARN {org.wso2.carbon.inbound.endpoint.internal.http.api.InternalAPIDispatcher} - No Internal API found to dispatch the message to : /metric-service/metrics
[2024-05-15 14:45:14,190]  WARN {org.wso2.carbon.inbound.endpoint.internal.http.api.InternalAPIDispatcher} - No Internal API found to dispatch the message to : /metric-service/metrics
[2024-05-15 14:45:15,219]  WARN {org.wso2.carbon.inbound.endpoint.internal.http.api.InternalAPIDispatcher} - No Internal API found to dispatch the message to : /metric-service/metrics
[2024-05-15 14:45:15,219]  WARN {org.wso2.carbon.inbound.endpoint.internal.http.api.InternalAPIDispatcher} - No Internal API found to dispatch the message to : /metric-service/metrics
[2024-05-15 14:45:16,237]  WARN {org.wso2.carbon.inbound.endpoint.internal.http.api.InternalAPIDispatcher} - No Internal API found to dispatch the message to : /metric-service/metrics
[2024-05-15 14:45:16,241]  WARN {org.wso2.carbon.inbound.endpoint.internal.http.api.InternalAPIDispatcher} - No Internal API found to dispatch the message to : /metric-service/metrics
[2024-05-15 14:45:17,250]  WARN {org.wso2.carbon.inbound.endpoint.internal.http.api.InternalAPIDispatcher} - No Internal API found to dispatch the message to : /metric-service/metrics
[2024-05-15 14:45:17,258]  WARN {org.wso2.carbon.inbound.endpoint.internal.http.api.InternalAPIDispatcher} - No Internal API found to dispatch the message to : /metric-service/metrics
[2024-05-15 14:45:18,265]  WARN {org.wso2.carbon.inbound.endpoint.internal.http.api.InternalAPIDispatcher} - No Internal API found to dispatch the message to : /metric-service/metrics
[2024-05-15 14:45:18,274]  WARN {org.wso2.carbon.inbound.endpoint.internal.http.api.InternalAPIDispatcher} - No Internal API found to dispatch the message to : /metric-service/metrics
[2024-05-15 14:45:19,272]  WARN {org.wso2.carbon.inbound.endpoint.internal.http.api.InternalAPIDispatcher} - No Internal API found to dispatch the message to : /metric-service/metrics
[2024-05-15 14:45:19,282]  WARN {org.wso2.carbon.inbound.endpoint.internal.http.api.InternalAPIDispatcher} - No Internal API found to dispatch the message to : /metric-service/metrics
[2024-05-15 14:45:20,283]  WARN {org.wso2.carbon.inbound.endpoint.internal.http.api.InternalAPIDispatcher} - No Internal API found to dispatch the message to : /metric-service/metrics
[2024-05-15 14:45:20,297]  WARN {org.wso2.carbon.inbound.endpoint.internal.http.api.InternalAPIDispatcher} - No Internal API found to dispatch the message to : /metric-service/metrics
[2024-05-15 14:45:21,305]  WARN {org.wso2.carbon.inbound.endpoint.internal.http.api.InternalAPIDispatcher} - No Internal API found to dispatch the message to : /metric-service/metrics
[2024-05-15 14:45:21,314]  WARN {org.wso2.carbon.inbound.endpoint.internal.http.api.InternalAPIDispatcher} - No Internal API found to dispatch the message to : /metric-service/metrics
[2024-05-15 14:45:22,321]  WARN {org.wso2.carbon.inbound.endpoint.internal.http.api.InternalAPIDispatcher} - No Internal API found to dispatch the message to : /metric-service/metrics
[2024-05-15 14:45:22,331]  WARN {org.wso2.carbon.inbound.endpoint.internal.http.api.InternalAPIDispatcher} - No Internal API found to dispatch the message to : /metric-service/metrics
[2024-05-15 14:45:23,337]  WARN {org.wso2.carbon.inbound.endpoint.internal.http.api.InternalAPIDispatcher} - No Internal API found to dispatch the message to : /metric-service/metrics
[2024-05-15 14:45:23,352]  WARN {org.wso2.carbon.inbound.endpoint.internal.http.api.InternalAPIDispatcher} - No Internal API found to dispatch the message to : /metric-service/metrics
[2024-05-15 14:45:24,352]  WARN {org.wso2.carbon.inbound.endpoint.internal.http.api.InternalAPIDispatcher} - No Internal API found to dispatch the message to : /metric-service/metrics
[2024-05-15 14:45:24,362]  WARN {org.wso2.carbon.inbound.endpoint.internal.http.api.InternalAPIDispatcher} - No Internal API found to dispatch the message to : /metric-service/metrics
[2024-05-15 14:45:25,358]  WARN {org.wso2.carbon.inbound.endpoint.internal.http.api.InternalAPIDispatcher} - No Internal API found to dispatch the message to : /metric-service/metrics
[2024-05-15 14:45:25,377]  WARN {org.wso2.carbon.inbound.endpoint.internal.http.api.InternalAPIDispatcher} - No Internal API found to dispatch the message to : /metric-service/metrics
[2024-05-15 14:45:25,499]  INFO {org.wso2.micro.integrator.management.apis.security.handler.AuthenticationHandlerAdapter} - User admin logged in successfully
[2024-05-15 14:45:26,365]  WARN {org.wso2.carbon.inbound.endpoint.internal.http.api.InternalAPIDispatcher} - No Internal API found to dispatch the message to : /metric-service/metrics
[2024-05-15 14:45:26,383]  WARN {org.wso2.carbon.inbound.endpoint.internal.http.api.InternalAPIDispatcher} - No Internal API found to dispatch the message to : /metric-service/metrics
[2024-05-15 14:45:27,368]  WARN {org.wso2.carbon.inbound.endpoint.internal.http.api.InternalAPIDispatcher} - No Internal API found to dispatch the message to : /metric-service/metrics
[2024-05-15 14:45:27,386]  WARN {org.wso2.carbon.inbound.endpoint.internal.http.api.InternalAPIDispatcher} - No Internal API found to dispatch the message to : /metric-service/metrics
[2024-05-15 14:45:28,378]  WARN {org.wso2.carbon.inbound.endpoint.internal.http.api.InternalAPIDispatcher} - No Internal API found to dispatch the message to : /metric-service/metrics
[2024-05-15 14:45:28,395]  WARN {org.wso2.carbon.inbound.endpoint.internal.http.api.InternalAPIDispatcher} - No Internal API found to dispatch the message to : /metric-service/metrics
[2024-05-15 14:45:29,386]  WARN {org.wso2.carbon.inbound.endpoint.internal.http.api.InternalAPIDispatcher} - No Internal API found to dispatch the message to : /metric-service/metrics
[2024-05-15 14:45:29,403]  WARN {org.wso2.carbon.inbound.endpoint.internal.http.api.InternalAPIDispatcher} - No Internal API found to dispatch the message to : /metric-service/metrics
[2024-05-15 14:45:30,399]  WARN {org.wso2.carbon.inbound.endpoint.internal.http.api.InternalAPIDispatcher} - No Internal API found to dispatch the message to : /metric-service/metrics
[2024-05-15 14:45:30,413]  WARN {org.wso2.carbon.inbound.endpoint.internal.http.api.InternalAPIDispatcher} - No Internal API found to dispatch the message to : /metric-service/metrics
[2024-05-15 14:45:31,409]  WARN {org.wso2.carbon.inbound.endpoint.internal.http.api.InternalAPIDispatcher} - No Internal API found to dispatch the message to : /metric-service/metrics
[2024-05-15 14:45:31,422]  WARN {org.wso2.carbon.inbound.endpoint.internal.http.api.InternalAPIDispatcher} - No Internal API found to dispatch the message to : /metric-service/metrics
[2024-05-15 14:45:32,423]  WARN {org.wso2.carbon.inbound.endpoint.internal.http.api.InternalAPIDispatcher} - No Internal API found to dispatch the message to : /metric-service/metrics
[2024-05-15 14:45:32,431]  WARN {org.wso2.carbon.inbound.endpoint.internal.http.api.InternalAPIDispatcher} - No Internal API found to dispatch the message to : /metric-service/metrics
[2024-05-15 14:45:33,434]  WARN {org.wso2.carbon.inbound.endpoint.internal.http.api.InternalAPIDispatcher} - No Internal API found to dispatch the message to : /metric-service/metrics
[2024-05-15 14:45:33,439]  WARN {org.wso2.carbon.inbound.endpoint.internal.http.api.InternalAPIDispatcher} - No Internal API found to dispatch the message to : /metric-service/metrics
[2024-05-15 14:45:34,449]  WARN {org.wso2.carbon.inbound.endpoint.internal.http.api.InternalAPIDispatcher} - No Internal API found to dispatch the message to : /metric-service/metrics
[2024-05-15 14:45:34,452]  WARN {org.wso2.carbon.inbound.endpoint.internal.http.api.InternalAPIDispatcher} - No Internal API found to dispatch the message to : /metric-service/metrics
[2024-05-15 14:45:35,457]  WARN {org.wso2.carbon.inbound.endpoint.internal.http.api.InternalAPIDispatcher} - No Internal API found to dispatch the message to : /metric-service/metrics
[2024-05-15 14:45:35,461]  WARN {org.wso2.carbon.inbound.endpoint.internal.http.api.InternalAPIDispatcher} - No Internal API found to dispatch the message to : /metric-service/metrics
[2024-05-15 14:45:36,472]  WARN {org.wso2.carbon.inbound.endpoint.internal.http.api.InternalAPIDispatcher} - No Internal API found to dispatch the message to : /metric-service/metrics
[2024-05-15 14:45:36,479]  WARN {org.wso2.carbon.inbound.endpoint.internal.http.api.InternalAPIDispatcher} - No Internal API found to dispatch the message to : /metric-service/metrics
[2024-05-15 14:45:37,483]  WARN {org.wso2.carbon.inbound.endpoint.internal.http.api.InternalAPIDispatcher} - No Internal API found to dispatch the message to : /metric-service/metrics
[2024-05-15 14:45:37,483]  WARN {org.wso2.carbon.inbound.endpoint.internal.http.api.InternalAPIDispatcher} - No Internal API found to dispatch the message to : /metric-service/metrics
[2024-05-15 14:45:38,487]  WARN {org.wso2.carbon.inbound.endpoint.internal.http.api.InternalAPIDispatcher} - No Internal API found to dispatch the message to : /metric-service/metrics
[2024-05-15 14:45:38,493]  WARN {org.wso2.carbon.inbound.endpoint.internal.http.api.InternalAPIDispatcher} - No Internal API found to dispatch the message to : /metric-service/metrics
[2024-05-15 14:45:39,498]  WARN {org.wso2.carbon.inbound.endpoint.internal.http.api.InternalAPIDispatcher} - No Internal API found to dispatch the message to : /metric-service/metrics
[2024-05-15 14:45:39,505]  WARN {org.wso2.carbon.inbound.endpoint.internal.http.api.InternalAPIDispatcher} - No Internal API found to dispatch the message to : /metric-service/metrics
[2024-05-15 14:45:40,506]  WARN {org.wso2.carbon.inbound.endpoint.internal.http.api.InternalAPIDispatcher} - No Internal API found to dispatch the message to : /metric-service/metrics
[2024-05-15 14:45:40,508]  WARN {org.wso2.carbon.inbound.endpoint.internal.http.api.InternalAPIDispatcher} - No Internal API found to dispatch the message to : /metric-service/metrics
[2024-05-15 14:46:51,422]  WARN {org.wso2.carbon.inbound.endpoint.internal.http.api.InternalAPIDispatcher} - No Internal API found to dispatch the message to : /metric-service/metrics
[2024-05-15 14:46:51,432]  WARN {org.wso2.carbon.inbound.endpoint.internal.http.api.InternalAPIDispatcher} - No Internal API found to dispatch the message to : /metric-service/metrics
[2024-05-15 14:46:52,437]  WARN {org.wso2.carbon.inbound.endpoint.internal.http.api.InternalAPIDispatcher} - No Internal API found to dispatch the message to : /metric-service/metrics
[2024-05-15 14:46:52,443]  WARN {org.wso2.carbon.inbound.endpoint.internal.http.api.InternalAPIDispatcher} - No Internal API found to dispatch the message to : /metric-service/metrics
[2024-05-15 14:46:53,453]  WARN {org.wso2.carbon.inbound.endpoint.internal.http.api.InternalAPIDispatcher} - No Internal API found to dispatch the message to : /metric-service/metrics
[2024-05-15 14:46:53,458]  WARN {org.wso2.carbon.inbound.endpoint.internal.http.api.InternalAPIDispatcher} - No Internal API found to dispatch the message to : /metric-service/metrics
[2024-05-15 14:46:54,465]  WARN {org.wso2.carbon.inbound.endpoint.internal.http.api.InternalAPIDispatcher} - No Internal API found to dispatch the message to : /metric-service/metrics
[2024-05-15 14:46:54,476]  WARN {org.wso2.carbon.inbound.endpoint.internal.http.api.InternalAPIDispatcher} - No Internal API found to dispatch the message to : /metric-service/metrics
[2024-05-15 14:46:55,473]  WARN {org.wso2.carbon.inbound.endpoint.internal.http.api.InternalAPIDispatcher} - No Internal API found to dispatch the message to : /metric-service/metrics
[2024-05-15 14:46:55,485]  WARN {org.wso2.carbon.inbound.endpoint.internal.http.api.InternalAPIDispatcher} - No Internal API found to dispatch the message to : /metric-service/metrics
[2024-05-15 14:46:56,481]  WARN {org.wso2.carbon.inbound.endpoint.internal.http.api.InternalAPIDispatcher} - No Internal API found to dispatch the message to : /metric-service/metrics
[2024-05-15 14:46:56,490]  WARN {org.wso2.carbon.inbound.endpoint.internal.http.api.InternalAPIDispatcher} - No Internal API found to dispatch the message to : /metric-service/metrics
[2024-05-15 14:46:57,489]  WARN {org.wso2.carbon.inbound.endpoint.internal.http.api.InternalAPIDispatcher} - No Internal API found to dispatch the message to : /metric-service/metrics
[2024-05-15 14:46:57,498]  WARN {org.wso2.carbon.inbound.endpoint.internal.http.api.InternalAPIDispatcher} - No Internal API found to dispatch the message to : /metric-service/metrics
[2024-05-15 14:46:58,497]  WARN {org.wso2.carbon.inbound.endpoint.internal.http.api.InternalAPIDispatcher} - No Internal API found to dispatch the message to : /metric-service/metrics
[2024-05-15 14:46:58,505]  WARN {org.wso2.carbon.inbound.endpoint.internal.http.api.InternalAPIDispatcher} - No Internal API found to dispatch the message to : /metric-service/metrics
[2024-05-15 14:46:59,508]  WARN {org.wso2.carbon.inbound.endpoint.internal.http.api.InternalAPIDispatcher} - No Internal API found to dispatch the message to : /metric-service/metrics
[2024-05-15 14:46:59,513]  WARN {org.wso2.carbon.inbound.endpoint.internal.http.api.InternalAPIDispatcher} - No Internal API found to dispatch the message to : /metric-service/metrics
[2024-05-15 14:47:00,520]  WARN {org.wso2.carbon.inbound.endpoint.internal.http.api.InternalAPIDispatcher} - No Internal API found to dispatch the message to : /metric-service/metrics
[2024-05-15 14:47:00,521]  WARN {org.wso2.carbon.inbound.endpoint.internal.http.api.InternalAPIDispatcher} - No Internal API found to dispatch the message to : /metric-service/metrics
[2024-05-15 14:47:00,697]  INFO {org.wso2.micro.integrator.management.apis.security.handler.AuthenticationHandlerAdapter} - User admin logged in successfully
[2024-05-15 14:47:01,532]  WARN {org.wso2.carbon.inbound.endpoint.internal.http.api.InternalAPIDispatcher} - No Internal API found to dispatch the message to : /metric-service/metrics
[2024-05-15 14:47:01,532]  WARN {org.wso2.carbon.inbound.endpoint.internal.http.api.InternalAPIDispatcher} - No Internal API found to dispatch the message to : /metric-service/metrics
[2024-05-15 14:47:02,535]  WARN {org.wso2.carbon.inbound.endpoint.internal.http.api.InternalAPIDispatcher} - No Internal API found to dispatch the message to : /metric-service/metrics
[2024-05-15 14:47:02,538]  WARN {org.wso2.carbon.inbound.endpoint.internal.http.api.InternalAPIDispatcher} - No Internal API found to dispatch the message to : /metric-service/metrics
[2024-05-15 14:47:03,539]  WARN {org.wso2.carbon.inbound.endpoint.internal.http.api.InternalAPIDispatcher} - No Internal API found to dispatch the message to : /metric-service/metrics
[2024-05-15 14:47:03,547]  WARN {org.wso2.carbon.inbound.endpoint.internal.http.api.InternalAPIDispatcher} - No Internal API found to dispatch the message to : /metric-service/metrics
[2024-05-15 14:47:04,552]  WARN {org.wso2.carbon.inbound.endpoint.internal.http.api.InternalAPIDispatcher} - No Internal API found to dispatch the message to : /metric-service/metrics
[2024-05-15 14:47:04,557]  WARN {org.wso2.carbon.inbound.endpoint.internal.http.api.InternalAPIDispatcher} - No Internal API found to dispatch the message to : /metric-service/metrics
[2024-05-15 14:47:05,561]  WARN {org.wso2.carbon.inbound.endpoint.internal.http.api.InternalAPIDispatcher} - No Internal API found to dispatch the message to : /metric-service/metrics
[2024-05-15 14:47:05,571]  WARN {org.wso2.carbon.inbound.endpoint.internal.http.api.InternalAPIDispatcher} - No Internal API found to dispatch the message to : /metric-service/metrics
[2024-05-15 14:47:06,575]  WARN {org.wso2.carbon.inbound.endpoint.internal.http.api.InternalAPIDispatcher} - No Internal API found to dispatch the message to : /metric-service/metrics
[2024-05-15 14:47:06,583]  WARN {org.wso2.carbon.inbound.endpoint.internal.http.api.InternalAPIDispatcher} - No Internal API found to dispatch the message to : /metric-service/metrics
[2024-05-15 14:47:07,585]  WARN {org.wso2.carbon.inbound.endpoint.internal.http.api.InternalAPIDispatcher} - No Internal API found to dispatch the message to : /metric-service/metrics
[2024-05-15 14:47:07,590]  WARN {org.wso2.carbon.inbound.endpoint.internal.http.api.InternalAPIDispatcher} - No Internal API found to dispatch the message to : /metric-service/metrics
[2024-05-15 14:47:08,593]  WARN {org.wso2.carbon.inbound.endpoint.internal.http.api.InternalAPIDispatcher} - No Internal API found to dispatch the message to : /metric-service/metrics
[2024-05-15 14:47:08,607]  WARN {org.wso2.carbon.inbound.endpoint.internal.http.api.InternalAPIDispatcher} - No Internal API found to dispatch the message to : /metric-service/metrics
[2024-05-15 14:47:09,602]  WARN {org.wso2.carbon.inbound.endpoint.internal.http.api.InternalAPIDispatcher} - No Internal API found to dispatch the message to : /metric-service/metrics
[2024-05-15 14:47:09,615]  WARN {org.wso2.carbon.inbound.endpoint.internal.http.api.InternalAPIDispatcher} - No Internal API found to dispatch the message to : /metric-service/metrics
[2024-05-15 14:47:10,611]  WARN {org.wso2.carbon.inbound.endpoint.internal.http.api.InternalAPIDispatcher} - No Internal API found to dispatch the message to : /metric-service/metrics
[2024-05-15 14:47:10,628]  WARN {org.wso2.carbon.inbound.endpoint.internal.http.api.InternalAPIDispatcher} - No Internal API found to dispatch the message to : /metric-service/metrics
[2024-05-15 14:47:11,618]  WARN {org.wso2.carbon.inbound.endpoint.internal.http.api.InternalAPIDispatcher} - No Internal API found to dispatch the message to : /metric-service/metrics
[2024-05-15 14:47:11,633]  WARN {org.wso2.carbon.inbound.endpoint.internal.http.api.InternalAPIDispatcher} - No Internal API found to dispatch the message to : /metric-service/metrics
[2024-05-15 14:47:12,630]  WARN {org.wso2.carbon.inbound.endpoint.internal.http.api.InternalAPIDispatcher} - No Internal API found to dispatch the message to : /metric-service/metrics
[2024-05-15 14:47:12,641]  WARN {org.wso2.carbon.inbound.endpoint.internal.http.api.InternalAPIDispatcher} - No Internal API found to dispatch the message to : /metric-service/metrics
[2024-05-15 14:47:13,641]  WARN {org.wso2.carbon.inbound.endpoint.internal.http.api.InternalAPIDispatcher} - No Internal API found to dispatch the message to : /metric-service/metrics
[2024-05-15 14:47:13,648]  WARN {org.wso2.carbon.inbound.endpoint.internal.http.api.InternalAPIDispatcher} - No Internal API found to dispatch the message to : /metric-service/metrics
[2024-05-15 14:47:14,649]  WARN {org.wso2.carbon.inbound.endpoint.internal.http.api.InternalAPIDispatcher} - No Internal API found to dispatch the message to : /metric-service/metrics
[2024-05-15 14:47:14,652]  WARN {org.wso2.carbon.inbound.endpoint.internal.http.api.InternalAPIDispatcher} - No Internal API found to dispatch the message to : /metric-service/metrics
[2024-05-15 14:47:15,660]  WARN {org.wso2.carbon.inbound.endpoint.internal.http.api.InternalAPIDispatcher} - No Internal API found to dispatch the message to : /metric-service/metrics
[2024-05-15 14:47:15,661]  WARN {org.wso2.carbon.inbound.endpoint.internal.http.api.InternalAPIDispatcher} - No Internal API found to dispatch the message to : /metric-service/metrics
[2024-05-15 14:47:16,668]  WARN {org.wso2.carbon.inbound.endpoint.internal.http.api.InternalAPIDispatcher} - No Internal API found to dispatch the message to : /metric-service/metrics
[2024-05-15 14:47:16,668]  WARN {org.wso2.carbon.inbound.endpoint.internal.http.api.InternalAPIDispatcher} - No Internal API found to dispatch the message to : /metric-service/metrics
[2024-05-15 14:47:17,674]  WARN {org.wso2.carbon.inbound.endpoint.internal.http.api.InternalAPIDispatcher} - No Internal API found to dispatch the message to : /metric-service/metrics
[2024-05-15 14:47:17,674]  WARN {org.wso2.carbon.inbound.endpoint.internal.http.api.InternalAPIDispatcher} - No Internal API found to dispatch the message to : /metric-service/metrics
[2024-05-15 14:47:18,680]  WARN {org.wso2.carbon.inbound.endpoint.internal.http.api.InternalAPIDispatcher} - No Internal API found to dispatch the message to : /metric-service/metrics
[2024-05-15 14:47:18,681]  WARN {org.wso2.carbon.inbound.endpoint.internal.http.api.InternalAPIDispatcher} - No Internal API found to dispatch the message to : /metric-service/metrics
[2024-05-15 14:47:19,685]  WARN {org.wso2.carbon.inbound.endpoint.internal.http.api.InternalAPIDispatcher} - No Internal API found to dispatch the message to : /metric-service/metrics
[2024-05-15 14:47:19,687]  WARN {org.wso2.carbon.inbound.endpoint.internal.http.api.InternalAPIDispatcher} - No Internal API found to dispatch the message to : /metric-service/metrics
[2024-05-15 14:47:20,693]  WARN {org.wso2.carbon.inbound.endpoint.internal.http.api.InternalAPIDispatcher} - No Internal API found to dispatch the message to : /metric-service/metrics
[2024-05-15 14:47:20,695]  WARN {org.wso2.carbon.inbound.endpoint.internal.http.api.InternalAPIDispatcher} - No Internal API found to dispatch the message to : /metric-service/metrics
[2024-05-15 14:47:21,705]  WARN {org.wso2.carbon.inbound.endpoint.internal.http.api.InternalAPIDispatcher} - No Internal API found to dispatch the message to : /metric-service/metrics
[2024-05-15 14:47:21,705]  WARN {org.wso2.carbon.inbound.endpoint.internal.http.api.InternalAPIDispatcher} - No Internal API found to dispatch the message to : /metric-service/metrics
[2024-05-15 14:47:22,715]  WARN {org.wso2.carbon.inbound.endpoint.internal.http.api.InternalAPIDispatcher} - No Internal API found to dispatch the message to : /metric-service/metrics
[2024-05-15 14:47:22,716]  WARN {org.wso2.carbon.inbound.endpoint.internal.http.api.InternalAPIDispatcher} - No Internal API found to dispatch the message to : /metric-service/metrics
[2024-05-15 14:47:23,317]  INFO {org.wso2.micro.integrator.core.internal.CoreServerInitializer} - Gracefully shutting down WSO2 Micro Integrator...
[2024-05-15 14:47:23,320]  INFO {org.wso2.micro.core.ServerManagement} - Starting to switch to maintenance mode...
[2024-05-15 14:47:23,321]  INFO {org.apache.synapse.transport.passthru.core.PassThroughListeningIOReactorManager} - Pausing  IO Reactor bind for port 8290
[2024-05-15 14:47:23,321]  INFO {org.apache.synapse.transport.passthru.core.PassThroughListeningIOReactorManager} - Pausing  IO Reactor bind for port 8253
[2024-05-15 14:47:23,321]  INFO {org.apache.synapse.transport.passthru.core.PassThroughListeningIOReactorManager} - Shutting down IO Reactor bind for port 8290
[2024-05-15 14:47:23,322]  INFO {org.apache.synapse.transport.passthru.core.PassThroughListeningIOReactorManager} - Shutting down IO Reactor bind for port 8253
[2024-05-15 14:47:23,326]  INFO {org.apache.synapse.transport.passthru.core.PassThroughListeningIOReactorManager} - HTTPS-Listener I/O dispatcher Listener shutdown.
[2024-05-15 14:47:23,326]  INFO {org.apache.synapse.transport.passthru.core.PassThroughListeningIOReactorManager} - HTTP-Listener I/O dispatcher Listener shutdown.
[2024-05-15 14:47:23,326]  INFO {org.wso2.micro.core.ServerManagement} - Stopped all transport listeners
[2024-05-15 14:47:23,336]  INFO {org.wso2.micro.core.ServerManagement} - Waiting for request service completion...
[2024-05-15 14:47:23,338]  INFO {org.wso2.micro.core.ServerManagement} - All requests have been served.
[2024-05-15 14:47:23,338]  INFO {org.wso2.micro.core.ServerManagement} - Waiting for deployment completion...
[2024-05-15 14:47:23,340]  INFO {org.wso2.micro.core.ServerManagement} - All deployment tasks have been completed.
[2024-05-15 14:47:23,340]  INFO {org.wso2.micro.core.ServerManagement} - Waiting for server task completion...
[2024-05-15 14:47:23,340]  INFO {org.wso2.micro.core.ServerManagement} - All server tasks have been completed.
[2024-05-15 14:47:23,361]  INFO {org.apache.synapse.deployers.interceptor.DeploymentInterceptor} - Removing Axis2 Service: __SynapseService
[2024-05-15 14:47:23,363]  INFO {org.apache.synapse.api.API} - {api:BankingPaymentsAPI} Destroying API: BankingPaymentsAPI
[2024-05-15 14:47:23,365]  INFO {org.apache.synapse.core.axis2.Axis2SynapseEnvironment} - Continuation call is set to false
[2024-05-15 14:47:23,366]  INFO {org.apache.synapse.task.SynapseTaskManager} - Shutting down the task manager
