2024-06-21 05:07:33 LogWatcher [INFO] Log file has been rotated. Reopening the file /Users/pamod/Desktop/setup/deployment/am/wso2am-4.3.0/diagnostics-tool/../repository/logs/wso2-apigw-errors.log
2024-06-21 08:08:26 Interpreter [INFO] Executing the action executors for the log line matching the regex pattern (.*)org.apache.synapse.transport.passthru(.*)
2024-06-21 08:08:26 ServerInfo [INFO] ServerInfo executed successfully.
2024-06-21 08:08:26 MetricsSnapshot [INFO] MetricsSnapshot executed successfully.
2024-06-21 08:08:26 OpenFileFinder [INFO] OpenFileFinder executed successfully.
2024-06-21 08:08:28 Netstat [INFO] Netstat executed successfully
2024-06-21 08:08:37 ThreadDumper [INFO] Thread dump execution is completed for 8654, thread dump count: 5, delay: 2000ms
2024-06-21 08:08:37 Interpreter [INFO] Executing the action executors for the log line matching the regex pattern (.*)org.apache.synapse(.*)
2024-06-21 08:08:37 ServerInfo [INFO] ServerInfo executed successfully.
2024-06-21 08:08:42 ZipFileExecutor [INFO] Zipping the folder at /Users/pamod/Desktop/setup/deployment/am/wso2am-4.3.0/diagnostics-tool/temp/2024-06-21_08:08:26.021
2024-06-21 08:08:42 ZipFileExecutor [INFO] Diagnosis Dumped in :/Users/pamod/Desktop/setup/deployment/am/wso2am-4.3.0/diagnostics-tool/data/8654_2024-06-21_08:08:26.021.zip
2024-06-21 08:08:42 ZipFileExecutor [INFO] Zipping the folder at /Users/pamod/Desktop/setup/deployment/am/wso2am-4.3.0/diagnostics-tool/temp/2024-06-21_08:08:37.167
2024-06-21 08:08:42 ZipFileExecutor [INFO] Diagnosis Dumped in :/Users/pamod/Desktop/setup/deployment/am/wso2am-4.3.0/diagnostics-tool/data/8654_2024-06-21_08:08:37.167.zip
2024-06-21 08:18:30 Interpreter [INFO] Executing the action executors for the log line matching the regex pattern (.*)org.apache.synapse.transport.passthru(.*)
2024-06-21 08:18:30 MetricsSnapshot [INFO] MetricsSnapshot executed successfully.
2024-06-21 08:18:30 ServerInfo [INFO] ServerInfo executed successfully.
2024-06-21 08:18:30 OpenFileFinder [INFO] OpenFileFinder executed successfully.
2024-06-21 08:18:33 Netstat [INFO] Netstat executed successfully
2024-06-21 08:18:41 ThreadDumper [INFO] Thread dump execution is completed for 8654, thread dump count: 5, delay: 2000ms
2024-06-21 08:18:42 TrafficAnalyzer [INFO] Attribute Last15SecondRequests of type https-listener increased more than the threshold, old value: 0, new value: 5, threshold: 4.0
2024-06-21 08:18:46 ZipFileExecutor [INFO] Zipping the folder at /Users/pamod/Desktop/setup/deployment/am/wso2am-4.3.0/diagnostics-tool/temp/2024-06-21_08:18:30.79
2024-06-21 08:18:46 ZipFileExecutor [INFO] Diagnosis Dumped in :/Users/pamod/Desktop/setup/deployment/am/wso2am-4.3.0/diagnostics-tool/data/8654_2024-06-21_08:18:30.79.zip
2024-06-21 08:21:12 JMXDataRetriever [ERROR] Error while getting JMX data, org.apache.synapse:Name=http-listener,Type=PassThroughConnections
2024-06-21 08:21:12 JMXDataRetriever [ERROR] Error while getting JMX data, org.apache.synapse:Name=https-listener,Type=PassThroughConnections
2024-06-21 08:21:12 JMXDataRetriever [ERROR] Error while getting JMX data, org.apache.synapse:Name=http-listener,Type=PassThroughConnections
2024-06-21 08:21:12 JMXDataRetriever [ERROR] Error while getting JMX data, org.apache.synapse:Name=https-listener,Type=PassThroughConnections
